-------------------------------------------------------------------------------
Test set: com.group16b.DomainLayer.ProductionCompany.ProductionCompanyTests
-------------------------------------------------------------------------------
Tests run: 19, Failures: 2, Errors: 0, Skipped: 0, Time elapsed: 0.022 s <<< FAILURE! -- in com.group16b.DomainLayer.ProductionCompany.ProductionCompanyTests
com.group16b.DomainLayer.ProductionCompany.ProductionCompanyTests.GivenHierarchy_WhenRemoveMiddleOwner_ThenChildrenReparented -- Time elapsed: 0.003 s <<< FAILURE!
org.opentest4j.AssertionFailedError: expected: java.lang.Integer@4fe7f3df<1> but was: java.lang.String@7264149f<1>
	at org.junit.jupiter.api.AssertionFailureBuilder.build(AssertionFailureBuilder.java:151)
	at org.junit.jupiter.api.AssertionFailureBuilder.buildAndThrow(AssertionFailureBuilder.java:132)
	at org.junit.jupiter.api.AssertEquals.failNotEqual(AssertEquals.java:197)
	at org.junit.jupiter.api.AssertEquals.assertEquals(AssertEquals.java:182)
	at org.junit.jupiter.api.AssertEquals.assertEquals(AssertEquals.java:177)
	at org.junit.jupiter.api.Assertions.assertEquals(Assertions.java:1145)
	at com.group16b.DomainLayer.ProductionCompany.ProductionCompanyTests.GivenHierarchy_WhenRemoveMiddleOwner_ThenChildrenReparented(ProductionCompanyTests.java:298)
	at java.base/java.lang.reflect.Method.invoke(Method.java:580)
	at java.base/java.util.ArrayList.forEach(ArrayList.java:1597)
	at java.base/java.util.ArrayList.forEach(ArrayList.java:1597)

com.group16b.DomainLayer.ProductionCompany.ProductionCompanyTests.GivenUnmanagedUser_WhenRemoveMemberByOwner_ThenThrowException -- Time elapsed: 0.002 s <<< FAILURE!
org.opentest4j.AssertionFailedError: Unexpected exception type thrown, expected: <java.lang.IllegalArgumentException> but was: <java.lang.NullPointerException>
	at org.junit.jupiter.api.AssertionFailureBuilder.build(AssertionFailureBuilder.java:151)
	at org.junit.jupiter.api.AssertThrows.assertThrows(AssertThrows.java:67)
	at org.junit.jupiter.api.AssertThrows.assertThrows(AssertThrows.java:35)
	at org.junit.jupiter.api.Assertions.assertThrows(Assertions.java:3115)
	at com.group16b.DomainLayer.ProductionCompany.ProductionCompanyTests.GivenUnmanagedUser_WhenRemoveMemberByOwner_ThenThrowException(ProductionCompanyTests.java:198)
	at java.base/java.lang.reflect.Method.invoke(Method.java:580)
	at java.base/java.util.ArrayList.forEach(ArrayList.java:1597)
	at java.base/java.util.ArrayList.forEach(ArrayList.java:1597)
Caused by: java.lang.NullPointerException: Cannot invoke "String.equals(Object)" because "assignerID" is null
	at com.group16b.DomainLayer.ProductionCompany.ProductionCompany.isAssignedByOwner(ProductionCompany.java:296)
	at com.group16b.DomainLayer.ProductionCompany.ProductionCompany.canOwnerManageTarget(ProductionCompany.java:344)
	at com.group16b.DomainLayer.ProductionCompany.ProductionCompany.removeMemberByOwner(ProductionCompany.java:204)
	at com.group16b.DomainLayer.ProductionCompany.ProductionCompanyTests.lambda$13(ProductionCompanyTests.java:200)
	at org.junit.jupiter.api.AssertThrows.assertThrows(AssertThrows.java:53)
	... 6 more

