<?xml version="1.0" encoding="UTF-8"?>
<testsuite xmlns:xsi="http://www.w3.org/2001/XMLSchema-instance" xsi:noNamespaceSchemaLocation="https://maven.apache.org/surefire/maven-surefire-plugin/xsd/surefire-test-report-3.0.xsd" version="3.0" name="com.group16b.ApplicationLayer.CompanyHierarchyServiceTests" time="0.033" tests="65" errors="0" skipped="0" failures="0">
  <properties>
[...]
</properties>
  <testcase name="GivenUserNotFound_WhenChangeManagerPermission_ThenReturnFail" classname="com.group16b.ApplicationLayer.CompanyHierarchyServiceTests" time="0.002">
    <system-out><![CDATA[15:30:54.081 [main] INFO com.group16b.ApplicationLayer.UserService -- CompanyHierarchyService.changeManagerPermission: Verifying session token for update manager permissions of target 2 in company 1.
15:30:54.082 [main] WARN com.group16b.ApplicationLayer.UserService -- CompanyHierarchyService.changeManagerPermission: Runtime error: User not found
]]></system-out>
  </testcase>
  <testcase name="GivenTargetAlreadyOwner_WhenAssignOwnerToCompany_ThenReturnFailure" classname="com.group16b.ApplicationLayer.CompanyHierarchyServiceTests" time="0.001">
    <system-out><![CDATA[15:30:54.082 [main] INFO com.group16b.ApplicationLayer.UserService -- CompanyHierarchyService.assignOwnerToCompany: Verifying session token for Owner assignment of user 2 to company 1.
15:30:54.082 [main] INFO com.group16b.ApplicationLayer.UserService -- CompanyHierarchyService.assignOwnerToCompany: Session token verified successfully.
15:30:54.082 [main] INFO com.group16b.ApplicationLayer.UserService -- CompanyHierarchyService.assignOwnerToCompany: attempting to retrieve target User 2
15:30:54.082 [main] INFO com.group16b.ApplicationLayer.UserService -- CompanyHierarchyService.assignOwnerToCompany: attempting to retrieve production company 1
15:30:54.082 [main] INFO com.group16b.ApplicationLayer.UserService -- CompanyHierarchyService.assignOwnerToCompany: Attempting to send owner invite to user 2 by user 1 in company 1
15:30:54.082 [main] WARN com.group16b.ApplicationLayer.UserService -- CompanyHierarchyService.assignOwnerToCompany: Runtime error: Target already owner
]]></system-out>
  </testcase>
  <testcase name="GivenValidInvite_WhenRejectInviteToCompany_ThenReturnSuccess" classname="com.group16b.ApplicationLayer.CompanyHierarchyServiceTests" time="0.0">
    <system-out><![CDATA[15:30:54.083 [main] INFO com.group16b.ApplicationLayer.UserService -- CompanyHierarchyService.rejectInviteToCompany: Verifying session token for rejection invite assignment to company 1 by assigner 2.
15:30:54.083 [main] INFO com.group16b.ApplicationLayer.UserService -- CompanyHierarchyService.rejectInviteToCompany: Session token verified successfully.
15:30:54.083 [main] INFO com.group16b.ApplicationLayer.UserService -- CompanyHierarchyService.rejectInviteToCompany: ensuring assigner 2 exists for reject invite
15:30:54.083 [main] INFO com.group16b.ApplicationLayer.UserService -- CompanyHierarchyService.rejectInviteToCompany: trying to retrieve company 1 for reject invite
15:30:54.083 [main] INFO com.group16b.ApplicationLayer.UserService -- CompanyHierarchyService.rejectInviteToCompany: trying to reject invite for user 1 assigner by 2 in company 1
15:30:54.083 [main] INFO com.group16b.ApplicationLayer.UserService -- CompanyHierarchyService.rejectInviteToCompany: user 1 have succesfully rejected an invite to company 1 by assigner 2
15:30:54.083 [main] INFO com.group16b.ApplicationLayer.UserService -- CompanyHierarchyService.rejectInviteToCompany: Trying to save change for reject invite
15:30:54.083 [main] INFO com.group16b.ApplicationLayer.UserService -- CompanyHierarchyService.rejectInviteToCompany: Succesfully saved company 1 after rejected invite
]]></system-out>
  </testcase>
  <testcase name="GivenMissingCompany_WhenRejectInviteToCompany_ThenReturnFail" classname="com.group16b.ApplicationLayer.CompanyHierarchyServiceTests" time="0.001">
    <system-out><![CDATA[15:30:54.084 [main] INFO com.group16b.ApplicationLayer.UserService -- CompanyHierarchyService.rejectInviteToCompany: Verifying session token for rejection invite assignment to company 1 by assigner 2.
15:30:54.084 [main] INFO com.group16b.ApplicationLayer.UserService -- CompanyHierarchyService.rejectInviteToCompany: Session token verified successfully.
15:30:54.084 [main] INFO com.group16b.ApplicationLayer.UserService -- CompanyHierarchyService.rejectInviteToCompany: ensuring assigner 2 exists for reject invite
15:30:54.084 [main] INFO com.group16b.ApplicationLayer.UserService -- CompanyHierarchyService.rejectInviteToCompany: trying to retrieve company 1 for reject invite
15:30:54.084 [main] WARN com.group16b.ApplicationLayer.UserService -- CompanyHierarchyService.rejectInviteToCompany: Runtime error: Company not found
]]></system-out>
  </testcase>
  <testcase name="GivenUnexpectedException_WhenHierarchyTree_ThenReturnFail" classname="com.group16b.ApplicationLayer.CompanyHierarchyServiceTests" time="0.0">
    <system-out><![CDATA[15:30:54.084 [main] INFO com.group16b.ApplicationLayer.UserService -- CompanyHierarchyService.hierarchyTree: Verifying session token for get hierarchy tree for company 1
15:30:54.084 [main] ERROR com.group16b.ApplicationLayer.UserService -- CompanyHierarchyService.hierarchyTree: Unexpected error: unexpected
]]></system-out>
  </testcase>
  <testcase name="GivenNoInvite_WhenRejectInviteToCompany_ThenReturnFail" classname="com.group16b.ApplicationLayer.CompanyHierarchyServiceTests" time="0.001">
    <system-out><![CDATA[15:30:54.085 [main] INFO com.group16b.ApplicationLayer.UserService -- CompanyHierarchyService.rejectInviteToCompany: Verifying session token for rejection invite assignment to company 1 by assigner 2.
15:30:54.085 [main] INFO com.group16b.ApplicationLayer.UserService -- CompanyHierarchyService.rejectInviteToCompany: Session token verified successfully.
15:30:54.085 [main] INFO com.group16b.ApplicationLayer.UserService -- CompanyHierarchyService.rejectInviteToCompany: ensuring assigner 2 exists for reject invite
15:30:54.085 [main] INFO com.group16b.ApplicationLayer.UserService -- CompanyHierarchyService.rejectInviteToCompany: trying to retrieve company 1 for reject invite
15:30:54.085 [main] INFO com.group16b.ApplicationLayer.UserService -- CompanyHierarchyService.rejectInviteToCompany: trying to reject invite for user 1 assigner by 2 in company 1
15:30:54.085 [main] WARN com.group16b.ApplicationLayer.UserService -- CompanyHierarchyService.rejectInviteToCompany: Runtime error: Invite not found
]]></system-out>
  </testcase>
  <testcase name="GivenUserNotFound_WhenHierarchyTree_ThenReturnFail" classname="com.group16b.ApplicationLayer.CompanyHierarchyServiceTests" time="0.0">
    <system-out><![CDATA[15:30:54.085 [main] INFO com.group16b.ApplicationLayer.UserService -- CompanyHierarchyService.hierarchyTree: Verifying session token for get hierarchy tree for company 1
15:30:54.085 [main] WARN com.group16b.ApplicationLayer.UserService -- CompanyHierarchyService.hierarchyTree: Runtime error: User not found
]]></system-out>
  </testcase>
  <testcase name="GivenMissingUser_WhenAcceptInviteToCompany_ThenReturnFail" classname="com.group16b.ApplicationLayer.CompanyHierarchyServiceTests" time="0.001">
    <system-out><![CDATA[15:30:54.085 [main] INFO com.group16b.ApplicationLayer.UserService -- CompanyHierarchyService.acceptInviteToCompany: Verifying session token for accepting invite assignment to company 1 by assigner 2.
15:30:54.086 [main] WARN com.group16b.ApplicationLayer.UserService -- CompanyHierarchyService.acceptInviteToCompany: Runtime error: User not found
]]></system-out>
  </testcase>
  <testcase name="GivenInvalidToken_WhenAssignManagerToCompany_ThenReturnFailure" classname="com.group16b.ApplicationLayer.CompanyHierarchyServiceTests" time="0.0">
    <system-out><![CDATA[15:30:54.086 [main] INFO com.group16b.ApplicationLayer.UserService -- CompanyHierarchyService.assignManagerToCompany: Verifying session token for manager assignment of user 2 to company 1.
15:30:54.086 [main] WARN com.group16b.ApplicationLayer.UserService -- CompanyHierarchyService.assignManagerToCompany: Invalid session token provided for manager assignment of user 2 to company 1.
]]></system-out>
  </testcase>
  <testcase name="GivenUserNotFound_WhenRemoveOwnerManager_ThenReturnFail" classname="com.group16b.ApplicationLayer.CompanyHierarchyServiceTests" time="0.0">
    <system-out><![CDATA[15:30:54.086 [main] INFO com.group16b.ApplicationLayer.UserService -- CompanyHierarchyService.removeOwnerManager: Verifying session token for remove membership in company 1.
15:30:54.086 [main] WARN com.group16b.ApplicationLayer.UserService -- CompanyHierarchyService.removeOwnerManager: Runtime error: User not found
]]></system-out>
  </testcase>
  <testcase name="GivenNonUserToken_WhenAssignManagerToCompany_ThenReturnFailure" classname="com.group16b.ApplicationLayer.CompanyHierarchyServiceTests" time="0.0">
    <system-out><![CDATA[15:30:54.087 [main] INFO com.group16b.ApplicationLayer.UserService -- CompanyHierarchyService.assignManagerToCompany: Verifying session token for manager assignment of user 2 to company 1.
15:30:54.087 [main] WARN com.group16b.ApplicationLayer.UserService -- CompanyHierarchyService.assignManagerToCompany: Only USERS are allowed to assign manager.
]]></system-out>
  </testcase>
  <testcase name="GivenOptimisticLockFailure_WhenAssignOwnerToCompany_ThenReturnFailure" classname="com.group16b.ApplicationLayer.CompanyHierarchyServiceTests" time="0.0">
    <system-out><![CDATA[15:30:54.087 [main] INFO com.group16b.ApplicationLayer.UserService -- CompanyHierarchyService.assignOwnerToCompany: Verifying session token for Owner assignment of user 2 to company 1.
15:30:54.087 [main] INFO com.group16b.ApplicationLayer.UserService -- CompanyHierarchyService.assignOwnerToCompany: Session token verified successfully.
15:30:54.087 [main] INFO com.group16b.ApplicationLayer.UserService -- CompanyHierarchyService.assignOwnerToCompany: attempting to retrieve target User 2
15:30:54.087 [main] INFO com.group16b.ApplicationLayer.UserService -- CompanyHierarchyService.assignOwnerToCompany: attempting to retrieve production company 1
15:30:54.087 [main] INFO com.group16b.ApplicationLayer.UserService -- CompanyHierarchyService.assignOwnerToCompany: Attempting to send owner invite to user 2 by user 1 in company 1
15:30:54.087 [main] INFO com.group16b.ApplicationLayer.UserService -- CompanyHierarchyService.assignOwnerToCompany: user 1 Succefully invited target 2 to be owner in company 1
15:30:54.087 [main] INFO com.group16b.ApplicationLayer.UserService -- CompanyHierarchyService.assignOwnerToCompany: attempting to save changed in production company 1
15:30:54.087 [main] WARN com.group16b.ApplicationLayer.UserService -- CompanyHierarchyService.assignOwnerToCompany: Optimistic locking Failure: version conflict
]]></system-out>
  </testcase>
  <testcase name="GivenCompanyNotFound_WhenAssignManagerToCompany_ThenReturnFailure" classname="com.group16b.ApplicationLayer.CompanyHierarchyServiceTests" time="0.001">
    <system-out><![CDATA[15:30:54.088 [main] INFO com.group16b.ApplicationLayer.UserService -- CompanyHierarchyService.assignManagerToCompany: Verifying session token for manager assignment of user 2 to company 1.
15:30:54.088 [main] INFO com.group16b.ApplicationLayer.UserService -- CompanyHierarchyService.assignManagerToCompany: Session token verified successfully.
15:30:54.088 [main] INFO com.group16b.ApplicationLayer.UserService -- CompanyHierarchyService.assignManagerToCompany: attempting to retrieve target User 2
15:30:54.088 [main] INFO com.group16b.ApplicationLayer.UserService -- CompanyHierarchyService.assignManagerToCompany: attempting to retrieve production company 1
15:30:54.088 [main] WARN com.group16b.ApplicationLayer.UserService -- CompanyHierarchyService.assignManagerToCompany: Runtime error: Company not found
]]></system-out>
  </testcase>
  <testcase name="GivenInvalidToken_WhenHierarchyTree_ThenReturnFail" classname="com.group16b.ApplicationLayer.CompanyHierarchyServiceTests" time="0.0">
    <system-out><![CDATA[15:30:54.088 [main] INFO com.group16b.ApplicationLayer.UserService -- CompanyHierarchyService.hierarchyTree: Verifying session token for get hierarchy tree for company 1
15:30:54.088 [main] WARN com.group16b.ApplicationLayer.UserService -- CompanyHierarchyService.hierarchyTree: Invalid session token provided for get hierarchy tree for company 1
]]></system-out>
  </testcase>
  <testcase name="GivenRemoveMemberThrowsException_WhenRemoveOwnerManager_ThenReturnFail" classname="com.group16b.ApplicationLayer.CompanyHierarchyServiceTests" time="0.001">
    <system-out><![CDATA[15:30:54.088 [main] INFO com.group16b.ApplicationLayer.UserService -- CompanyHierarchyService.removeOwnerManager: Verifying session token for remove membership in company 1.
15:30:54.089 [main] INFO com.group16b.ApplicationLayer.UserService -- CompanyHierarchyService.removeOwnerManager: Session token verified successfully.
15:30:54.089 [main] INFO com.group16b.ApplicationLayer.UserService -- CompanyHierarchyService.removeOwnerManager: ensuring target user 2 exists
15:30:54.089 [main] INFO com.group16b.ApplicationLayer.UserService -- CompanyHierarchyService.removeOwnerManager: trying to retrieve company 1 for remove membership of target 2 by user 1
15:30:54.089 [main] INFO com.group16b.ApplicationLayer.UserService -- CompanyHierarchyService.removeOwnerManager: trying to remove membership of target 2 by user1 in company 1
15:30:54.089 [main] WARN com.group16b.ApplicationLayer.UserService -- CompanyHierarchyService.removeOwnerManager: Runtime error: Not allowed
]]></system-out>
  </testcase>
  <testcase name="GivenInvalidToken_WhenChangeManagerPermission_ThenReturnFail" classname="com.group16b.ApplicationLayer.CompanyHierarchyServiceTests" time="0.0">
    <system-out><![CDATA[15:30:54.089 [main] INFO com.group16b.ApplicationLayer.UserService -- CompanyHierarchyService.changeManagerPermission: Verifying session token for update manager permissions of target 2 in company 1.
15:30:54.089 [main] WARN com.group16b.ApplicationLayer.UserService -- CompanyHierarchyService.changeManagerPermission: Invalid session token provided for update manager permissions of target 2 in company 1.
]]></system-out>
  </testcase>
  <testcase name="GivenMissingUser_WhenForfeitOwnership_ThenReturnFailure" classname="com.group16b.ApplicationLayer.CompanyHierarchyServiceTests" time="0.0">
    <system-out><![CDATA[15:30:54.089 [main] INFO com.group16b.ApplicationLayer.UserService -- CompanyHierarchyService.forfeitOwnership: Verifying session token for Forfeit ownership in company 1.
15:30:54.089 [main] WARN com.group16b.ApplicationLayer.UserService -- CompanyHierarchyService.forfeitOwnership: Runtime error: User not found
]]></system-out>
  </testcase>
  <testcase name="GivenInvalidInvite_WhenAcceptInviteToCompany_ThenReturnFail" classname="com.group16b.ApplicationLayer.CompanyHierarchyServiceTests" time="0.001">
    <system-out><![CDATA[15:30:54.090 [main] INFO com.group16b.ApplicationLayer.UserService -- CompanyHierarchyService.acceptInviteToCompany: Verifying session token for accepting invite assignment to company 1 by assigner 2.
15:30:54.090 [main] INFO com.group16b.ApplicationLayer.UserService -- CompanyHierarchyService.acceptInviteToCompany: Session token verified successfully.
15:30:54.090 [main] INFO com.group16b.ApplicationLayer.UserService -- CompanyHierarchyService.acceptInviteToCompany: ensuring assigner 2 exists for accept invite
15:30:54.090 [main] INFO com.group16b.ApplicationLayer.UserService -- CompanyHierarchyService.acceptInviteToCompany: trying to retrieve company 1 for accept invite
15:30:54.090 [main] INFO com.group16b.ApplicationLayer.UserService -- CompanyHierarchyService.acceptInviteToCompany: trying to accept invite for user 1 assigner by 2 in company 1
15:30:54.090 [main] WARN com.group16b.ApplicationLayer.UserService -- CompanyHierarchyService.acceptInviteToCompany: Runtime error: Invite not found
]]></system-out>
  </testcase>
  <testcase name="GivenValidAuthAndExistingUsersAndCompany_WhenAssignManagerToCompany_ThenReturnSuccess" classname="com.group16b.ApplicationLayer.CompanyHierarchyServiceTests" time="0.001">
    <system-out><![CDATA[15:30:54.090 [main] INFO com.group16b.ApplicationLayer.UserService -- CompanyHierarchyService.assignManagerToCompany: Verifying session token for manager assignment of user 2 to company 1.
15:30:54.090 [main] INFO com.group16b.ApplicationLayer.UserService -- CompanyHierarchyService.assignManagerToCompany: Session token verified successfully.
15:30:54.090 [main] INFO com.group16b.ApplicationLayer.UserService -- CompanyHierarchyService.assignManagerToCompany: attempting to retrieve target User 2
15:30:54.090 [main] INFO com.group16b.ApplicationLayer.UserService -- CompanyHierarchyService.assignManagerToCompany: attempting to retrieve production company 1
15:30:54.090 [main] INFO com.group16b.ApplicationLayer.UserService -- CompanyHierarchyService.assignManagerToCompany: Attempting to send manager invite to user 2 by user 1 in company 1
15:30:54.090 [main] INFO com.group16b.ApplicationLayer.UserService -- CompanyHierarchyService.assignManagerToCompany: user 1 Succefully invited target 2 to be manager in company 1
15:30:54.091 [main] INFO com.group16b.ApplicationLayer.UserService -- CompanyHierarchyService.assignManagerToCompany: attempting to save changed in production company 1
15:30:54.091 [main] INFO com.group16b.ApplicationLayer.UserService -- CompanyHierarchyService.assignManagerToCompany: succesfuly save company 1
]]></system-out>
  </testcase>
  <testcase name="GivenUnexpectedException_WhenRemoveOwnerManager_ThenReturnFail" classname="com.group16b.ApplicationLayer.CompanyHierarchyServiceTests" time="0.0">
    <system-out><![CDATA[15:30:54.091 [main] INFO com.group16b.ApplicationLayer.UserService -- CompanyHierarchyService.removeOwnerManager: Verifying session token for remove membership in company 1.
15:30:54.091 [main] ERROR com.group16b.ApplicationLayer.UserService -- CompanyHierarchyService.removeOwnerManager: Unexpected error: unexpected
]]></system-out>
  </testcase>
  <testcase name="GivenNonUserToken_WhenRemoveOwnerManager_ThenReturnFail" classname="com.group16b.ApplicationLayer.CompanyHierarchyServiceTests" time="0.0">
    <system-out><![CDATA[15:30:54.091 [main] INFO com.group16b.ApplicationLayer.UserService -- CompanyHierarchyService.removeOwnerManager: Verifying session token for remove membership in company 1.
15:30:54.091 [main] WARN com.group16b.ApplicationLayer.UserService -- CompanyHierarchyService.removeOwnerManager: Only USERS are allowed to  remove membership.
]]></system-out>
  </testcase>
  <testcase name="GivenInvalidToken_WhenAssignOwnerToCompany_ThenReturnFailure" classname="com.group16b.ApplicationLayer.CompanyHierarchyServiceTests" time="0.001">
    <system-out><![CDATA[15:30:54.092 [main] INFO com.group16b.ApplicationLayer.UserService -- CompanyHierarchyService.assignOwnerToCompany: Verifying session token for Owner assignment of user 2 to company 1.
15:30:54.092 [main] WARN com.group16b.ApplicationLayer.UserService -- CompanyHierarchyService.assignOwnerToCompany: Invalid session token provided for Owner assignment of user 2 to company 1.
]]></system-out>
  </testcase>
  <testcase name="GivenMissingUser_WhenRejectInviteToCompany_ThenReturnFail" classname="com.group16b.ApplicationLayer.CompanyHierarchyServiceTests" time="0.0">
    <system-out><![CDATA[15:30:54.092 [main] INFO com.group16b.ApplicationLayer.UserService -- CompanyHierarchyService.rejectInviteToCompany: Verifying session token for rejection invite assignment to company 1 by assigner 2.
15:30:54.092 [main] WARN com.group16b.ApplicationLayer.UserService -- CompanyHierarchyService.rejectInviteToCompany: Runtime error: User not found
]]></system-out>
  </testcase>
  <testcase name="GivenSaveThrowsOptimisticLocking_WhenChangeManagerPermission_ThenReturnFail" classname="com.group16b.ApplicationLayer.CompanyHierarchyServiceTests" time="0.001">
    <system-out><![CDATA[15:30:54.092 [main] INFO com.group16b.ApplicationLayer.UserService -- CompanyHierarchyService.changeManagerPermission: Verifying session token for update manager permissions of target 2 in company 1.
15:30:54.092 [main] INFO com.group16b.ApplicationLayer.UserService -- CompanyHierarchyService.changeManagerPermission: Session token verified successfully.
15:30:54.092 [main] INFO com.group16b.ApplicationLayer.UserService -- CompanyHierarchyService.changeManagerPermission: ensuring target user 2 exists
15:30:54.092 [main] INFO com.group16b.ApplicationLayer.UserService -- CompanyHierarchyService.changeManagerPermission: trying to retrieve company 1 for update manager permissions of target 2 by user 1
15:30:54.093 [main] INFO com.group16b.ApplicationLayer.UserService -- CompanyHierarchyService.changeManagerPermission: trying to update manager permissions of target 2 by user1 in company 1
15:30:54.093 [main] INFO com.group16b.ApplicationLayer.UserService -- CompanyHierarchyService.changeManagerPermission: user 1 have succesfully updated manager permissions of target 2 in company 1.
15:30:54.093 [main] INFO com.group16b.ApplicationLayer.UserService -- CompanyHierarchyService.changeManagerPermission: Trying to save change for update manager permissions of target 2
15:30:54.093 [main] WARN com.group16b.ApplicationLayer.UserService -- CompanyHierarchyService.changeManagerPermission: Optimistic locking Failure: conflict
]]></system-out>
  </testcase>
  <testcase name="GivenMissingAssigner_WhenAcceptInviteToCompany_ThenReturnFail" classname="com.group16b.ApplicationLayer.CompanyHierarchyServiceTests" time="0.0">
    <system-out><![CDATA[15:30:54.093 [main] INFO com.group16b.ApplicationLayer.UserService -- CompanyHierarchyService.acceptInviteToCompany: Verifying session token for accepting invite assignment to company 1 by assigner 2.
15:30:54.093 [main] INFO com.group16b.ApplicationLayer.UserService -- CompanyHierarchyService.acceptInviteToCompany: Session token verified successfully.
15:30:54.093 [main] INFO com.group16b.ApplicationLayer.UserService -- CompanyHierarchyService.acceptInviteToCompany: ensuring assigner 2 exists for accept invite
15:30:54.093 [main] WARN com.group16b.ApplicationLayer.UserService -- CompanyHierarchyService.acceptInviteToCompany: Runtime error: Assigner not found
]]></system-out>
  </testcase>
  <testcase name="GivenCompanyNotFound_WhenChangeManagerPermission_ThenReturnFail" classname="com.group16b.ApplicationLayer.CompanyHierarchyServiceTests" time="0.001">
    <system-out><![CDATA[15:30:54.093 [main] INFO com.group16b.ApplicationLayer.UserService -- CompanyHierarchyService.changeManagerPermission: Verifying session token for update manager permissions of target 2 in company 1.
15:30:54.093 [main] INFO com.group16b.ApplicationLayer.UserService -- CompanyHierarchyService.changeManagerPermission: Session token verified successfully.
15:30:54.093 [main] INFO com.group16b.ApplicationLayer.UserService -- CompanyHierarchyService.changeManagerPermission: ensuring target user 2 exists
15:30:54.093 [main] INFO com.group16b.ApplicationLayer.UserService -- CompanyHierarchyService.changeManagerPermission: trying to retrieve company 1 for update manager permissions of target 2 by user 1
15:30:54.094 [main] WARN com.group16b.ApplicationLayer.UserService -- CompanyHierarchyService.changeManagerPermission: Runtime error: Company not found
]]></system-out>
  </testcase>
  <testcase name="GivenTargetUserNotFound_WhenAssignManagerToCompany_ThenReturnFailure" classname="com.group16b.ApplicationLayer.CompanyHierarchyServiceTests" time="0.0">
    <system-out><![CDATA[15:30:54.094 [main] INFO com.group16b.ApplicationLayer.UserService -- CompanyHierarchyService.assignManagerToCompany: Verifying session token for manager assignment of user 2 to company 1.
15:30:54.094 [main] INFO com.group16b.ApplicationLayer.UserService -- CompanyHierarchyService.assignManagerToCompany: Session token verified successfully.
15:30:54.094 [main] INFO com.group16b.ApplicationLayer.UserService -- CompanyHierarchyService.assignManagerToCompany: attempting to retrieve target User 2
15:30:54.094 [main] WARN com.group16b.ApplicationLayer.UserService -- CompanyHierarchyService.assignManagerToCompany: Runtime error: Target not found
]]></system-out>
  </testcase>
  <testcase name="GivenValidRequest_WhenHierarchyTree_ThenReturnSuccess" classname="com.group16b.ApplicationLayer.CompanyHierarchyServiceTests" time="0.001">
    <system-out><![CDATA[15:30:54.094 [main] INFO com.group16b.ApplicationLayer.UserService -- CompanyHierarchyService.hierarchyTree: Verifying session token for get hierarchy tree for company 10
15:30:54.094 [main] INFO com.group16b.ApplicationLayer.UserService -- CompanyHierarchyService.hierarchyTree: Session token verified successfully.
15:30:54.094 [main] INFO com.group16b.ApplicationLayer.UserService -- CompanyHierarchyService.hierarchyTree: trying to retrieve company 10 for retrieve hierarchy tree by user 1
15:30:54.094 [main] INFO com.group16b.ApplicationLayer.UserService -- CompanyHierarchyService.hierarchyTree: trying to get hierarchy tree of company 10 by user 1
15:30:54.095 [main] INFO com.group16b.ApplicationLayer.UserService -- CompanyHierarchyService.hierarchyTree: user 1 have succesfully retrieved the hierarchy tree for ccompany 10
]]></system-out>
  </testcase>
  <testcase name="GivenInvalidToken_WhenAcceptInviteToCompany_ThenReturnFail" classname="com.group16b.ApplicationLayer.CompanyHierarchyServiceTests" time="0.001">
    <system-out><![CDATA[15:30:54.096 [main] INFO com.group16b.ApplicationLayer.UserService -- CompanyHierarchyService.acceptInviteToCompany: Verifying session token for accepting invite assignment to company 1 by assigner 2.
15:30:54.096 [main] WARN com.group16b.ApplicationLayer.UserService -- CompanyHierarchyService.acceptInviteToCompany: Invalid session token provided for accepting invite assignment to company 1 by assigner 2.
]]></system-out>
  </testcase>
  <testcase name="GivenNonUserToken_WhenAcceptInviteToCompany_ThenReturnFail" classname="com.group16b.ApplicationLayer.CompanyHierarchyServiceTests" time="0.0">
    <system-out><![CDATA[15:30:54.096 [main] INFO com.group16b.ApplicationLayer.UserService -- CompanyHierarchyService.acceptInviteToCompany: Verifying session token for accepting invite assignment to company 1 by assigner 2.
15:30:54.096 [main] WARN com.group16b.ApplicationLayer.UserService -- CompanyHierarchyService.acceptInviteToCompany: Only USERS are allowed to accept invite.
]]></system-out>
  </testcase>
  <testcase name="GivenTargetUserNotFound_WhenChangeManagerPermission_ThenReturnFail" classname="com.group16b.ApplicationLayer.CompanyHierarchyServiceTests" time="0.001">
    <system-out><![CDATA[15:30:54.096 [main] INFO com.group16b.ApplicationLayer.UserService -- CompanyHierarchyService.changeManagerPermission: Verifying session token for update manager permissions of target 2 in company 1.
15:30:54.096 [main] INFO com.group16b.ApplicationLayer.UserService -- CompanyHierarchyService.changeManagerPermission: Session token verified successfully.
15:30:54.096 [main] INFO com.group16b.ApplicationLayer.UserService -- CompanyHierarchyService.changeManagerPermission: ensuring target user 2 exists
15:30:54.097 [main] WARN com.group16b.ApplicationLayer.UserService -- CompanyHierarchyService.changeManagerPermission: Runtime error: Target not found
]]></system-out>
  </testcase>
  <testcase name="GivenUpdatePermissionsThrowsException_WhenChangeManagerPermission_ThenReturnFail" classname="com.group16b.ApplicationLayer.CompanyHierarchyServiceTests" time="0.0">
    <system-out><![CDATA[15:30:54.097 [main] INFO com.group16b.ApplicationLayer.UserService -- CompanyHierarchyService.changeManagerPermission: Verifying session token for update manager permissions of target 2 in company 1.
15:30:54.097 [main] INFO com.group16b.ApplicationLayer.UserService -- CompanyHierarchyService.changeManagerPermission: Session token verified successfully.
15:30:54.097 [main] INFO com.group16b.ApplicationLayer.UserService -- CompanyHierarchyService.changeManagerPermission: ensuring target user 2 exists
15:30:54.097 [main] INFO com.group16b.ApplicationLayer.UserService -- CompanyHierarchyService.changeManagerPermission: trying to retrieve company 1 for update manager permissions of target 2 by user 1
15:30:54.097 [main] INFO com.group16b.ApplicationLayer.UserService -- CompanyHierarchyService.changeManagerPermission: trying to update manager permissions of target 2 by user1 in company 1
15:30:54.097 [main] WARN com.group16b.ApplicationLayer.UserService -- CompanyHierarchyService.changeManagerPermission: Runtime error: Not allowed
]]></system-out>
  </testcase>
  <testcase name="GivenDomainRuleViolation_WhenAssignManagerToCompany_ThenReturnFailure" classname="com.group16b.ApplicationLayer.CompanyHierarchyServiceTests" time="0.0">
    <system-out><![CDATA[15:30:54.098 [main] INFO com.group16b.ApplicationLayer.UserService -- CompanyHierarchyService.assignManagerToCompany: Verifying session token for manager assignment of user 2 to company 1.
15:30:54.098 [main] INFO com.group16b.ApplicationLayer.UserService -- CompanyHierarchyService.assignManagerToCompany: Session token verified successfully.
15:30:54.098 [main] INFO com.group16b.ApplicationLayer.UserService -- CompanyHierarchyService.assignManagerToCompany: attempting to retrieve target User 2
15:30:54.098 [main] INFO com.group16b.ApplicationLayer.UserService -- CompanyHierarchyService.assignManagerToCompany: attempting to retrieve production company 1
15:30:54.098 [main] INFO com.group16b.ApplicationLayer.UserService -- CompanyHierarchyService.assignManagerToCompany: Attempting to send manager invite to user 2 by user 1 in company 1
15:30:54.098 [main] WARN com.group16b.ApplicationLayer.UserService -- CompanyHierarchyService.assignManagerToCompany: Runtime error: Target already manager
]]></system-out>
  </testcase>
  <testcase name="GivenCompanyNotFound_WhenAssignOwnerToCompany_ThenReturnFailure" classname="com.group16b.ApplicationLayer.CompanyHierarchyServiceTests" time="0.001">
    <system-out><![CDATA[15:30:54.098 [main] INFO com.group16b.ApplicationLayer.UserService -- CompanyHierarchyService.assignOwnerToCompany: Verifying session token for Owner assignment of user 2 to company 1.
15:30:54.098 [main] INFO com.group16b.ApplicationLayer.UserService -- CompanyHierarchyService.assignOwnerToCompany: Session token verified successfully.
15:30:54.098 [main] INFO com.group16b.ApplicationLayer.UserService -- CompanyHierarchyService.assignOwnerToCompany: attempting to retrieve target User 2
15:30:54.098 [main] INFO com.group16b.ApplicationLayer.UserService -- CompanyHierarchyService.assignOwnerToCompany: attempting to retrieve production company 1
15:30:54.098 [main] WARN com.group16b.ApplicationLayer.UserService -- CompanyHierarchyService.assignOwnerToCompany: Runtime error: Company not found
]]></system-out>
  </testcase>
  <testcase name="GivenJwtException_WhenHierarchyTree_ThenReturnFail" classname="com.group16b.ApplicationLayer.CompanyHierarchyServiceTests" time="0.0">
    <system-out><![CDATA[15:30:54.099 [main] INFO com.group16b.ApplicationLayer.UserService -- CompanyHierarchyService.hierarchyTree: Verifying session token for get hierarchy tree for company 1
15:30:54.099 [main] ERROR com.group16b.ApplicationLayer.UserService -- CompanyHierarchyService.hierarchyTree: JWT authentication error: bad token
]]></system-out>
  </testcase>
  <testcase name="GivenValidOwner_WhenForfeitOwnership_ThenReturnSuccess" classname="com.group16b.ApplicationLayer.CompanyHierarchyServiceTests" time="0.0">
    <system-out><![CDATA[15:30:54.099 [main] INFO com.group16b.ApplicationLayer.UserService -- CompanyHierarchyService.forfeitOwnership: Verifying session token for Forfeit ownership in company 1.
15:30:54.099 [main] INFO com.group16b.ApplicationLayer.UserService -- CompanyHierarchyService.forfeitOwnership: Session token verified successfully.
15:30:54.099 [main] INFO com.group16b.ApplicationLayer.UserService -- CompanyHierarchyService.forfeitOwnership: trying to retrieve company 1 for Forfeit ownership by user 1
15:30:54.099 [main] INFO com.group16b.ApplicationLayer.UserService -- CompanyHierarchyService.forfeitOwnership: trying to Forfeit ownership by user1 in company 1
15:30:54.099 [main] INFO com.group16b.ApplicationLayer.UserService -- CompanyHierarchyService.forfeitOwnership: user 1 have succesfully Forfeited ownership in company 1.
15:30:54.099 [main] INFO com.group16b.ApplicationLayer.UserService -- CompanyHierarchyService.forfeitOwnership: Trying to save change for Forfeit ownership
15:30:54.099 [main] INFO com.group16b.ApplicationLayer.UserService -- CompanyHierarchyService.forfeitOwnership: Succesfully saved company 1 after Forfeiting ownership
]]></system-out>
  </testcase>
  <testcase name="GivenUnexpectedException_WhenChangeManagerPermission_ThenReturnFail" classname="com.group16b.ApplicationLayer.CompanyHierarchyServiceTests" time="0.0">
    <system-out><![CDATA[15:30:54.100 [main] INFO com.group16b.ApplicationLayer.UserService -- CompanyHierarchyService.changeManagerPermission: Verifying session token for update manager permissions of target 2 in company 1.
15:30:54.100 [main] ERROR com.group16b.ApplicationLayer.UserService -- CompanyHierarchyService.changeManagerPermission: Unexpected error: unexpected
]]></system-out>
  </testcase>
  <testcase name="GivenSaveConflict_WhenAcceptInviteToCompany_ThenReturnFail" classname="com.group16b.ApplicationLayer.CompanyHierarchyServiceTests" time="0.0">
    <system-out><![CDATA[15:30:54.100 [main] INFO com.group16b.ApplicationLayer.UserService -- CompanyHierarchyService.acceptInviteToCompany: Verifying session token for accepting invite assignment to company 1 by assigner 2.
15:30:54.100 [main] INFO com.group16b.ApplicationLayer.UserService -- CompanyHierarchyService.acceptInviteToCompany: Session token verified successfully.
15:30:54.100 [main] INFO com.group16b.ApplicationLayer.UserService -- CompanyHierarchyService.acceptInviteToCompany: ensuring assigner 2 exists for accept invite
15:30:54.100 [main] INFO com.group16b.ApplicationLayer.UserService -- CompanyHierarchyService.acceptInviteToCompany: trying to retrieve company 1 for accept invite
15:30:54.100 [main] INFO com.group16b.ApplicationLayer.UserService -- CompanyHierarchyService.acceptInviteToCompany: trying to accept invite for user 1 assigner by 2 in company 1
15:30:54.100 [main] INFO com.group16b.ApplicationLayer.UserService -- CompanyHierarchyService.acceptInviteToCompany: user 1 have succesfully accepted an invite to company 1 by assigner 2
15:30:54.100 [main] INFO com.group16b.ApplicationLayer.UserService -- CompanyHierarchyService.acceptInviteToCompany: Trying to save change for accepting invite
15:30:54.100 [main] WARN com.group16b.ApplicationLayer.UserService -- CompanyHierarchyService.acceptInviteToCompany: Optimistic locking Failure: conflict
]]></system-out>
  </testcase>
  <testcase name="GivenOptimisticLockFailure_WhenAssignManagerToCompany_ThenReturnFailure" classname="com.group16b.ApplicationLayer.CompanyHierarchyServiceTests" time="0.001">
    <system-out><![CDATA[15:30:54.101 [main] INFO com.group16b.ApplicationLayer.UserService -- CompanyHierarchyService.assignManagerToCompany: Verifying session token for manager assignment of user 2 to company 1.
15:30:54.101 [main] INFO com.group16b.ApplicationLayer.UserService -- CompanyHierarchyService.assignManagerToCompany: Session token verified successfully.
15:30:54.101 [main] INFO com.group16b.ApplicationLayer.UserService -- CompanyHierarchyService.assignManagerToCompany: attempting to retrieve target User 2
15:30:54.101 [main] INFO com.group16b.ApplicationLayer.UserService -- CompanyHierarchyService.assignManagerToCompany: attempting to retrieve production company 1
15:30:54.101 [main] INFO com.group16b.ApplicationLayer.UserService -- CompanyHierarchyService.assignManagerToCompany: Attempting to send manager invite to user 2 by user 1 in company 1
15:30:54.101 [main] INFO com.group16b.ApplicationLayer.UserService -- CompanyHierarchyService.assignManagerToCompany: user 1 Succefully invited target 2 to be manager in company 1
15:30:54.101 [main] INFO com.group16b.ApplicationLayer.UserService -- CompanyHierarchyService.assignManagerToCompany: attempting to save changed in production company 1
15:30:54.101 [main] WARN com.group16b.ApplicationLayer.UserService -- CompanyHierarchyService.assignManagerToCompany: Optimistic locking Failure: fail
]]></system-out>
  </testcase>
  <testcase name="GivenCallerUserNotFound_WhenAssignOwnerToCompany_ThenReturnFailure" classname="com.group16b.ApplicationLayer.CompanyHierarchyServiceTests" time="0.001">
    <system-out><![CDATA[15:30:54.101 [main] INFO com.group16b.ApplicationLayer.UserService -- CompanyHierarchyService.assignOwnerToCompany: Verifying session token for Owner assignment of user 2 to company 1.
15:30:54.102 [main] WARN com.group16b.ApplicationLayer.UserService -- CompanyHierarchyService.assignOwnerToCompany: Runtime error: User not found
]]></system-out>
  </testcase>
  <testcase name="GivenTargetUserNotFound_WhenRemoveOwnerManager_ThenReturnFail" classname="com.group16b.ApplicationLayer.CompanyHierarchyServiceTests" time="0.0">
    <system-out><![CDATA[15:30:54.102 [main] INFO com.group16b.ApplicationLayer.UserService -- CompanyHierarchyService.removeOwnerManager: Verifying session token for remove membership in company 1.
15:30:54.102 [main] INFO com.group16b.ApplicationLayer.UserService -- CompanyHierarchyService.removeOwnerManager: Session token verified successfully.
15:30:54.102 [main] INFO com.group16b.ApplicationLayer.UserService -- CompanyHierarchyService.removeOwnerManager: ensuring target user 2 exists
15:30:54.102 [main] WARN com.group16b.ApplicationLayer.UserService -- CompanyHierarchyService.removeOwnerManager: Runtime error: Target not found
]]></system-out>
  </testcase>
  <testcase name="GivenJwtException_WhenRemoveOwnerManager_ThenReturnFail" classname="com.group16b.ApplicationLayer.CompanyHierarchyServiceTests" time="0.001">
    <system-out><![CDATA[15:30:54.102 [main] INFO com.group16b.ApplicationLayer.UserService -- CompanyHierarchyService.removeOwnerManager: Verifying session token for remove membership in company 1.
15:30:54.103 [main] ERROR com.group16b.ApplicationLayer.UserService -- CompanyHierarchyService.removeOwnerManager: JWT authentication error: bad token
]]></system-out>
  </testcase>
  <testcase name="GivenValidInvite_WhenAcceptInviteToCompany_ThenReturnSuccess" classname="com.group16b.ApplicationLayer.CompanyHierarchyServiceTests" time="0.0">
    <system-out><![CDATA[15:30:54.103 [main] INFO com.group16b.ApplicationLayer.UserService -- CompanyHierarchyService.acceptInviteToCompany: Verifying session token for accepting invite assignment to company 1 by assigner 2.
15:30:54.103 [main] INFO com.group16b.ApplicationLayer.UserService -- CompanyHierarchyService.acceptInviteToCompany: Session token verified successfully.
15:30:54.103 [main] INFO com.group16b.ApplicationLayer.UserService -- CompanyHierarchyService.acceptInviteToCompany: ensuring assigner 2 exists for accept invite
15:30:54.103 [main] INFO com.group16b.ApplicationLayer.UserService -- CompanyHierarchyService.acceptInviteToCompany: trying to retrieve company 1 for accept invite
15:30:54.103 [main] INFO com.group16b.ApplicationLayer.UserService -- CompanyHierarchyService.acceptInviteToCompany: trying to accept invite for user 1 assigner by 2 in company 1
15:30:54.103 [main] INFO com.group16b.ApplicationLayer.UserService -- CompanyHierarchyService.acceptInviteToCompany: user 1 have succesfully accepted an invite to company 1 by assigner 2
15:30:54.103 [main] INFO com.group16b.ApplicationLayer.UserService -- CompanyHierarchyService.acceptInviteToCompany: Trying to save change for accepting invite
15:30:54.103 [main] INFO com.group16b.ApplicationLayer.UserService -- CompanyHierarchyService.acceptInviteToCompany: Succesfully saved company 1 after accepting invite
]]></system-out>
  </testcase>
  <testcase name="GivenInvalidToken_WhenRemoveOwnerManager_ThenReturnFail" classname="com.group16b.ApplicationLayer.CompanyHierarchyServiceTests" time="0.0">
    <system-out><![CDATA[15:30:54.104 [main] INFO com.group16b.ApplicationLayer.UserService -- CompanyHierarchyService.removeOwnerManager: Verifying session token for remove membership in company 1.
15:30:54.104 [main] WARN com.group16b.ApplicationLayer.UserService -- CompanyHierarchyService.removeOwnerManager: Invalid session token provided for  remove membership in company 1.
]]></system-out>
  </testcase>
  <testcase name="GivenTargetUserNotFound_WhenAssignOwnerToCompany_ThenReturnFailure" classname="com.group16b.ApplicationLayer.CompanyHierarchyServiceTests" time="0.0">
    <system-out><![CDATA[15:30:54.104 [main] INFO com.group16b.ApplicationLayer.UserService -- CompanyHierarchyService.assignOwnerToCompany: Verifying session token for Owner assignment of user 2 to company 1.
15:30:54.104 [main] INFO com.group16b.ApplicationLayer.UserService -- CompanyHierarchyService.assignOwnerToCompany: Session token verified successfully.
15:30:54.104 [main] INFO com.group16b.ApplicationLayer.UserService -- CompanyHierarchyService.assignOwnerToCompany: attempting to retrieve target User 2
15:30:54.104 [main] WARN com.group16b.ApplicationLayer.UserService -- CompanyHierarchyService.assignOwnerToCompany: Runtime error: Target not found
]]></system-out>
  </testcase>
  <testcase name="GivenNonUserToken_WhenChangeManagerPermission_ThenReturnFail" classname="com.group16b.ApplicationLayer.CompanyHierarchyServiceTests" time="0.0">
    <system-out><![CDATA[15:30:54.104 [main] INFO com.group16b.ApplicationLayer.UserService -- CompanyHierarchyService.changeManagerPermission: Verifying session token for update manager permissions of target 2 in company 1.
15:30:54.104 [main] WARN com.group16b.ApplicationLayer.UserService -- CompanyHierarchyService.changeManagerPermission: Only USERS are allowed to update manager permissions.
]]></system-out>
  </testcase>
  <testcase name="GivenCompanyNotFound_WhenRemoveOwnerManager_ThenReturnFail" classname="com.group16b.ApplicationLayer.CompanyHierarchyServiceTests" time="0.0">
    <system-out><![CDATA[15:30:54.105 [main] INFO com.group16b.ApplicationLayer.UserService -- CompanyHierarchyService.removeOwnerManager: Verifying session token for remove membership in company 1.
15:30:54.105 [main] INFO com.group16b.ApplicationLayer.UserService -- CompanyHierarchyService.removeOwnerManager: Session token verified successfully.
15:30:54.105 [main] INFO com.group16b.ApplicationLayer.UserService -- CompanyHierarchyService.removeOwnerManager: ensuring target user 2 exists
15:30:54.105 [main] INFO com.group16b.ApplicationLayer.UserService -- CompanyHierarchyService.removeOwnerManager: trying to retrieve company 1 for remove membership of target 2 by user 1
15:30:54.105 [main] WARN com.group16b.ApplicationLayer.UserService -- CompanyHierarchyService.removeOwnerManager: Runtime error: Company not found
]]></system-out>
  </testcase>
  <testcase name="GivenMissingAssigner_WhenRejectInviteToCompany_ThenReturnFail" classname="com.group16b.ApplicationLayer.CompanyHierarchyServiceTests" time="0.0">
    <system-out><![CDATA[15:30:54.105 [main] INFO com.group16b.ApplicationLayer.UserService -- CompanyHierarchyService.rejectInviteToCompany: Verifying session token for rejection invite assignment to company 1 by assigner 2.
15:30:54.105 [main] INFO com.group16b.ApplicationLayer.UserService -- CompanyHierarchyService.rejectInviteToCompany: Session token verified successfully.
15:30:54.105 [main] INFO com.group16b.ApplicationLayer.UserService -- CompanyHierarchyService.rejectInviteToCompany: ensuring assigner 2 exists for reject invite
15:30:54.105 [main] WARN com.group16b.ApplicationLayer.UserService -- CompanyHierarchyService.rejectInviteToCompany: Runtime error: Assigner not found
]]></system-out>
  </testcase>
  <testcase name="GivenUserNotOwner_WhenForfeitOwnership_ThenReturnFailure" classname="com.group16b.ApplicationLayer.CompanyHierarchyServiceTests" time="0.001">
    <system-out><![CDATA[15:30:54.106 [main] INFO com.group16b.ApplicationLayer.UserService -- CompanyHierarchyService.forfeitOwnership: Verifying session token for Forfeit ownership in company 1.
15:30:54.106 [main] INFO com.group16b.ApplicationLayer.UserService -- CompanyHierarchyService.forfeitOwnership: Session token verified successfully.
15:30:54.106 [main] INFO com.group16b.ApplicationLayer.UserService -- CompanyHierarchyService.forfeitOwnership: trying to retrieve company 1 for Forfeit ownership by user 1
15:30:54.106 [main] INFO com.group16b.ApplicationLayer.UserService -- CompanyHierarchyService.forfeitOwnership: trying to Forfeit ownership by user1 in company 1
15:30:54.106 [main] WARN com.group16b.ApplicationLayer.UserService -- CompanyHierarchyService.forfeitOwnership: Runtime error: User not owner
]]></system-out>
  </testcase>
  <testcase name="GivenSaveThrowsOptimisticLocking_WhenRemoveOwnerManager_ThenReturnFail" classname="com.group16b.ApplicationLayer.CompanyHierarchyServiceTests" time="0.001">
    <system-out><![CDATA[15:30:54.106 [main] INFO com.group16b.ApplicationLayer.UserService -- CompanyHierarchyService.removeOwnerManager: Verifying session token for remove membership in company 1.
15:30:54.107 [main] INFO com.group16b.ApplicationLayer.UserService -- CompanyHierarchyService.removeOwnerManager: Session token verified successfully.
15:30:54.107 [main] INFO com.group16b.ApplicationLayer.UserService -- CompanyHierarchyService.removeOwnerManager: ensuring target user 2 exists
15:30:54.107 [main] INFO com.group16b.ApplicationLayer.UserService -- CompanyHierarchyService.removeOwnerManager: trying to retrieve company 1 for remove membership of target 2 by user 1
15:30:54.107 [main] INFO com.group16b.ApplicationLayer.UserService -- CompanyHierarchyService.removeOwnerManager: trying to remove membership of target 2 by user1 in company 1
15:30:54.107 [main] INFO com.group16b.ApplicationLayer.UserService -- CompanyHierarchyService.removeOwnerManager: user 1 have succesfully remove membership of target 2 in company 1.
15:30:54.107 [main] INFO com.group16b.ApplicationLayer.UserService -- CompanyHierarchyService.removeOwnerManager: Trying to save change for remove membership of target 2
15:30:54.107 [main] WARN com.group16b.ApplicationLayer.UserService -- CompanyHierarchyService.removeOwnerManager: Optimistic locking Failure: conflict
]]></system-out>
  </testcase>
  <testcase name="GivenNonUserToken_WhenAssignOwnerToCompany_ThenReturnFailure" classname="com.group16b.ApplicationLayer.CompanyHierarchyServiceTests" time="0.0">
    <system-out><![CDATA[15:30:54.107 [main] INFO com.group16b.ApplicationLayer.UserService -- CompanyHierarchyService.assignOwnerToCompany: Verifying session token for Owner assignment of user 2 to company 1.
15:30:54.107 [main] WARN com.group16b.ApplicationLayer.UserService -- CompanyHierarchyService.assignOwnerToCompany: Only USERS are allowed to assign owner.
]]></system-out>
  </testcase>
  <testcase name="GivenCompanyNotFound_WhenHierarchyTree_ThenReturnFail" classname="com.group16b.ApplicationLayer.CompanyHierarchyServiceTests" time="0.001">
    <system-out><![CDATA[15:30:54.107 [main] INFO com.group16b.ApplicationLayer.UserService -- CompanyHierarchyService.hierarchyTree: Verifying session token for get hierarchy tree for company 1
15:30:54.107 [main] INFO com.group16b.ApplicationLayer.UserService -- CompanyHierarchyService.hierarchyTree: Session token verified successfully.
15:30:54.107 [main] INFO com.group16b.ApplicationLayer.UserService -- CompanyHierarchyService.hierarchyTree: trying to retrieve company 1 for retrieve hierarchy tree by user 1
15:30:54.108 [main] WARN com.group16b.ApplicationLayer.UserService -- CompanyHierarchyService.hierarchyTree: Runtime error: Company not found
]]></system-out>
  </testcase>
  <testcase name="GivenMissingCompany_WhenAcceptInviteToCompany_ThenReturnFail" classname="com.group16b.ApplicationLayer.CompanyHierarchyServiceTests" time="0.0">
    <system-out><![CDATA[15:30:54.108 [main] INFO com.group16b.ApplicationLayer.UserService -- CompanyHierarchyService.acceptInviteToCompany: Verifying session token for accepting invite assignment to company 1 by assigner 2.
15:30:54.108 [main] INFO com.group16b.ApplicationLayer.UserService -- CompanyHierarchyService.acceptInviteToCompany: Session token verified successfully.
15:30:54.108 [main] INFO com.group16b.ApplicationLayer.UserService -- CompanyHierarchyService.acceptInviteToCompany: ensuring assigner 2 exists for accept invite
15:30:54.108 [main] INFO com.group16b.ApplicationLayer.UserService -- CompanyHierarchyService.acceptInviteToCompany: trying to retrieve company 1 for accept invite
15:30:54.108 [main] WARN com.group16b.ApplicationLayer.UserService -- CompanyHierarchyService.acceptInviteToCompany: Runtime error: Company not found
]]></system-out>
  </testcase>
  <testcase name="GivenInvalidToken_WhenRejectInviteToCompany_ThenReturnFail" classname="com.group16b.ApplicationLayer.CompanyHierarchyServiceTests" time="0.0">
    <system-out><![CDATA[15:30:54.108 [main] INFO com.group16b.ApplicationLayer.UserService -- CompanyHierarchyService.rejectInviteToCompany: Verifying session token for rejection invite assignment to company 1 by assigner 2.
15:30:54.108 [main] WARN com.group16b.ApplicationLayer.UserService -- CompanyHierarchyService.rejectInviteToCompany: Invalid session token provided for rejection invite assignment to company 1 by assigner 2.
]]></system-out>
  </testcase>
  <testcase name="GivenNonUserToken_WhenRejectInviteToCompany_ThenReturnFail" classname="com.group16b.ApplicationLayer.CompanyHierarchyServiceTests" time="0.001">
    <system-out><![CDATA[15:30:54.109 [main] INFO com.group16b.ApplicationLayer.UserService -- CompanyHierarchyService.rejectInviteToCompany: Verifying session token for rejection invite assignment to company 1 by assigner 2.
15:30:54.109 [main] WARN com.group16b.ApplicationLayer.UserService -- CompanyHierarchyService.rejectInviteToCompany: Only USERS are allowed to reject invite.
]]></system-out>
  </testcase>
  <testcase name="GivenHierarchyTreeThrowsException_WhenHierarchyTree_ThenReturnFail" classname="com.group16b.ApplicationLayer.CompanyHierarchyServiceTests" time="0.0">
    <system-out><![CDATA[15:30:54.109 [main] INFO com.group16b.ApplicationLayer.UserService -- CompanyHierarchyService.hierarchyTree: Verifying session token for get hierarchy tree for company 10
15:30:54.109 [main] INFO com.group16b.ApplicationLayer.UserService -- CompanyHierarchyService.hierarchyTree: Session token verified successfully.
15:30:54.109 [main] INFO com.group16b.ApplicationLayer.UserService -- CompanyHierarchyService.hierarchyTree: trying to retrieve company 10 for retrieve hierarchy tree by user 1
15:30:54.109 [main] INFO com.group16b.ApplicationLayer.UserService -- CompanyHierarchyService.hierarchyTree: trying to get hierarchy tree of company 10 by user 1
15:30:54.109 [main] WARN com.group16b.ApplicationLayer.UserService -- CompanyHierarchyService.hierarchyTree: Runtime error: Not owner
]]></system-out>
  </testcase>
  <testcase name="GivenValidRequest_WhenRemoveOwnerManager_ThenReturnSuccess" classname="com.group16b.ApplicationLayer.CompanyHierarchyServiceTests" time="0.001">
    <system-out><![CDATA[15:30:54.110 [main] INFO com.group16b.ApplicationLayer.UserService -- CompanyHierarchyService.removeOwnerManager: Verifying session token for remove membership in company 1.
15:30:54.110 [main] INFO com.group16b.ApplicationLayer.UserService -- CompanyHierarchyService.removeOwnerManager: Session token verified successfully.
15:30:54.110 [main] INFO com.group16b.ApplicationLayer.UserService -- CompanyHierarchyService.removeOwnerManager: ensuring target user 2 exists
15:30:54.110 [main] INFO com.group16b.ApplicationLayer.UserService -- CompanyHierarchyService.removeOwnerManager: trying to retrieve company 1 for remove membership of target 2 by user 1
15:30:54.110 [main] INFO com.group16b.ApplicationLayer.UserService -- CompanyHierarchyService.removeOwnerManager: trying to remove membership of target 2 by user1 in company 1
15:30:54.110 [main] INFO com.group16b.ApplicationLayer.UserService -- CompanyHierarchyService.removeOwnerManager: user 1 have succesfully remove membership of target 2 in company 1.
15:30:54.110 [main] INFO com.group16b.ApplicationLayer.UserService -- CompanyHierarchyService.removeOwnerManager: Trying to save change for remove membership of target 2
15:30:54.110 [main] INFO com.group16b.ApplicationLayer.UserService -- CompanyHierarchyService.removeOwnerManager: Succesfully saved company 1 after remove membership of target 2
]]></system-out>
  </testcase>
  <testcase name="GivenSaveConflict_WhenRejectInviteToCompany_ThenReturnFail" classname="com.group16b.ApplicationLayer.CompanyHierarchyServiceTests" time="0.0">
    <system-out><![CDATA[15:30:54.110 [main] INFO com.group16b.ApplicationLayer.UserService -- CompanyHierarchyService.rejectInviteToCompany: Verifying session token for rejection invite assignment to company 1 by assigner 2.
15:30:54.110 [main] INFO com.group16b.ApplicationLayer.UserService -- CompanyHierarchyService.rejectInviteToCompany: Session token verified successfully.
15:30:54.110 [main] INFO com.group16b.ApplicationLayer.UserService -- CompanyHierarchyService.rejectInviteToCompany: ensuring assigner 2 exists for reject invite
15:30:54.110 [main] INFO com.group16b.ApplicationLayer.UserService -- CompanyHierarchyService.rejectInviteToCompany: trying to retrieve company 1 for reject invite
15:30:54.110 [main] INFO com.group16b.ApplicationLayer.UserService -- CompanyHierarchyService.rejectInviteToCompany: trying to reject invite for user 1 assigner by 2 in company 1
15:30:54.110 [main] INFO com.group16b.ApplicationLayer.UserService -- CompanyHierarchyService.rejectInviteToCompany: user 1 have succesfully rejected an invite to company 1 by assigner 2
15:30:54.110 [main] INFO com.group16b.ApplicationLayer.UserService -- CompanyHierarchyService.rejectInviteToCompany: Trying to save change for reject invite
15:30:54.110 [main] WARN com.group16b.ApplicationLayer.UserService -- CompanyHierarchyService.rejectInviteToCompany: Optimistic locking Failure: conflict
]]></system-out>
  </testcase>
  <testcase name="GivenJwtException_WhenChangeManagerPermission_ThenReturnFail" classname="com.group16b.ApplicationLayer.CompanyHierarchyServiceTests" time="0.001">
    <system-out><![CDATA[15:30:54.110 [main] INFO com.group16b.ApplicationLayer.UserService -- CompanyHierarchyService.changeManagerPermission: Verifying session token for update manager permissions of target 2 in company 1.
15:30:54.111 [main] ERROR com.group16b.ApplicationLayer.UserService -- CompanyHierarchyService.changeManagerPermission: JWT authentication error: bad token
]]></system-out>
  </testcase>
  <testcase name="GivenInvalidToken_WhenForfeitOwnership_ThenReturnFailure" classname="com.group16b.ApplicationLayer.CompanyHierarchyServiceTests" time="0.0">
    <system-out><![CDATA[15:30:54.111 [main] INFO com.group16b.ApplicationLayer.UserService -- CompanyHierarchyService.forfeitOwnership: Verifying session token for Forfeit ownership in company 1.
15:30:54.111 [main] WARN com.group16b.ApplicationLayer.UserService -- CompanyHierarchyService.forfeitOwnership: Invalid session token provided for Forfeit ownership in company 1.
]]></system-out>
  </testcase>
  <testcase name="GivenValidRequest_WhenChangeManagerPermission_ThenReturnSuccess" classname="com.group16b.ApplicationLayer.CompanyHierarchyServiceTests" time="0.0">
    <system-out><![CDATA[15:30:54.111 [main] INFO com.group16b.ApplicationLayer.UserService -- CompanyHierarchyService.changeManagerPermission: Verifying session token for update manager permissions of target 2 in company 10.
15:30:54.111 [main] INFO com.group16b.ApplicationLayer.UserService -- CompanyHierarchyService.changeManagerPermission: Session token verified successfully.
15:30:54.111 [main] INFO com.group16b.ApplicationLayer.UserService -- CompanyHierarchyService.changeManagerPermission: ensuring target user 2 exists
15:30:54.111 [main] INFO com.group16b.ApplicationLayer.UserService -- CompanyHierarchyService.changeManagerPermission: trying to retrieve company 10 for update manager permissions of target 2 by user 1
15:30:54.111 [main] INFO com.group16b.ApplicationLayer.UserService -- CompanyHierarchyService.changeManagerPermission: trying to update manager permissions of target 2 by user1 in company 10
15:30:54.111 [main] INFO com.group16b.ApplicationLayer.UserService -- CompanyHierarchyService.changeManagerPermission: user 1 have succesfully updated manager permissions of target 2 in company 10.
15:30:54.111 [main] INFO com.group16b.ApplicationLayer.UserService -- CompanyHierarchyService.changeManagerPermission: Trying to save change for update manager permissions of target 2
15:30:54.111 [main] INFO com.group16b.ApplicationLayer.UserService -- CompanyHierarchyService.changeManagerPermission: Succesfully saved company 10 after update manager permissions of target 2 by user 1
]]></system-out>
  </testcase>
  <testcase name="GivenValidAuthAndExistingUsersAndCompany_WhenAssignOwnerToCompany_ThenReturnSuccess" classname="com.group16b.ApplicationLayer.CompanyHierarchyServiceTests" time="0.001">
    <system-out><![CDATA[15:30:54.112 [main] INFO com.group16b.ApplicationLayer.UserService -- CompanyHierarchyService.assignOwnerToCompany: Verifying session token for Owner assignment of user 2 to company 1.
15:30:54.112 [main] INFO com.group16b.ApplicationLayer.UserService -- CompanyHierarchyService.assignOwnerToCompany: Session token verified successfully.
15:30:54.112 [main] INFO com.group16b.ApplicationLayer.UserService -- CompanyHierarchyService.assignOwnerToCompany: attempting to retrieve target User 2
15:30:54.112 [main] INFO com.group16b.ApplicationLayer.UserService -- CompanyHierarchyService.assignOwnerToCompany: attempting to retrieve production company 1
15:30:54.112 [main] INFO com.group16b.ApplicationLayer.UserService -- CompanyHierarchyService.assignOwnerToCompany: Attempting to send owner invite to user 2 by user 1 in company 1
15:30:54.112 [main] INFO com.group16b.ApplicationLayer.UserService -- CompanyHierarchyService.assignOwnerToCompany: user 1 Succefully invited target 2 to be owner in company 1
15:30:54.112 [main] INFO com.group16b.ApplicationLayer.UserService -- CompanyHierarchyService.assignOwnerToCompany: attempting to save changed in production company 1
15:30:54.112 [main] INFO com.group16b.ApplicationLayer.UserService -- CompanyHierarchyService.assignOwnerToCompany: Successfuly saved the 1 company
]]></system-out>
  </testcase>
  <testcase name="GivenMissingCompany_WhenForfeitOwnership_ThenReturnFailure" classname="com.group16b.ApplicationLayer.CompanyHierarchyServiceTests" time="0.0">
    <system-out><![CDATA[15:30:54.112 [main] INFO com.group16b.ApplicationLayer.UserService -- CompanyHierarchyService.forfeitOwnership: Verifying session token for Forfeit ownership in company 1.
15:30:54.112 [main] INFO com.group16b.ApplicationLayer.UserService -- CompanyHierarchyService.forfeitOwnership: Session token verified successfully.
15:30:54.112 [main] INFO com.group16b.ApplicationLayer.UserService -- CompanyHierarchyService.forfeitOwnership: trying to retrieve company 1 for Forfeit ownership by user 1
15:30:54.112 [main] WARN com.group16b.ApplicationLayer.UserService -- CompanyHierarchyService.forfeitOwnership: Runtime error: Company not found
]]></system-out>
  </testcase>
  <testcase name="GivenCallerUserNotFound_WhenAssignManagerToCompany_ThenReturnFailure" classname="com.group16b.ApplicationLayer.CompanyHierarchyServiceTests" time="0.001">
    <system-out><![CDATA[15:30:54.113 [main] INFO com.group16b.ApplicationLayer.UserService -- CompanyHierarchyService.assignManagerToCompany: Verifying session token for manager assignment of user 2 to company 1.
15:30:54.113 [main] WARN com.group16b.ApplicationLayer.UserService -- CompanyHierarchyService.assignManagerToCompany: Runtime error: User not found
]]></system-out>
  </testcase>
  <testcase name="GivenNonUserToken_WhenHierarchyTree_ThenReturnFail" classname="com.group16b.ApplicationLayer.CompanyHierarchyServiceTests" time="0.0">
    <system-out><![CDATA[15:30:54.113 [main] INFO com.group16b.ApplicationLayer.UserService -- CompanyHierarchyService.hierarchyTree: Verifying session token for get hierarchy tree for company 1
15:30:54.113 [main] WARN com.group16b.ApplicationLayer.UserService -- CompanyHierarchyService.hierarchyTree: Only USERS are allowed to get hierarchy tree of a company.
]]></system-out>
  </testcase>
</testsuite>