<?xml version="1.0" encoding="UTF-8"?>
<testsuite xmlns:xsi="http://www.w3.org/2001/XMLSchema-instance" xsi:noNamespaceSchemaLocation="https://maven.apache.org/surefire/maven-surefire-plugin/xsd/surefire-test-report-3.0.xsd" version="3.0" name="com.group16b.DomainLayer.ProductionCompany.ProductionCompanyTests" time="0.022" tests="19" errors="0" skipped="0" failures="2">
  <properties>
[...]
</properties>
  <testcase name="GivenOwnerCaller_WhenAssignManager_ThenInviteCanBeAccepted" classname="com.group16b.DomainLayer.ProductionCompany.ProductionCompanyTests" time="0.003"/>
  <testcase name="GivenExistingOwner_WhenAssignOwner_ThenThrowException" classname="com.group16b.DomainLayer.ProductionCompany.ProductionCompanyTests" time="0.001"/>
  <testcase name="GivenHierarchy_WhenRemoveMiddleOwner_ThenChildrenReparented" classname="com.group16b.DomainLayer.ProductionCompany.ProductionCompanyTests" time="0.003">
    <failure message="expected: java.lang.Integer@4fe7f3df&lt;1&gt; but was: java.lang.String@7264149f&lt;1&gt;" type="org.opentest4j.AssertionFailedError"><![CDATA[org.opentest4j.AssertionFailedError: expected: java.lang.Integer@4fe7f3df<1> but was: java.lang.String@7264149f<1>
	at org.junit.jupiter.api.AssertionFailureBuilder.build(AssertionFailureBuilder.java:151)
	at org.junit.jupiter.api.AssertionFailureBuilder.buildAndThrow(AssertionFailureBuilder.java:132)
	at org.junit.jupiter.api.AssertEquals.failNotEqual(AssertEquals.java:197)
	at org.junit.jupiter.api.AssertEquals.assertEquals(AssertEquals.java:182)
	at org.junit.jupiter.api.AssertEquals.assertEquals(AssertEquals.java:177)
	at org.junit.jupiter.api.Assertions.assertEquals(Assertions.java:1145)
	at com.group16b.DomainLayer.ProductionCompany.ProductionCompanyTests.GivenHierarchy_WhenRemoveMiddleOwner_ThenChildrenReparented(ProductionCompanyTests.java:298)
	at java.base/java.lang.reflect.Method.invoke(Method.java:580)
	at java.base/java.util.ArrayList.forEach(ArrayList.java:1597)
	at java.base/java.util.ArrayList.forEach(ArrayList.java:1597)
]]></failure>
  </testcase>
  <testcase name="GivenNonOwnerCaller_WhenAssignManager_ThenThrowException" classname="com.group16b.DomainLayer.ProductionCompany.ProductionCompanyTests" time="0.001"/>
  <testcase name="GivenNonOwnerRequester_WhenGetHierarchyTree_ThenThrowException" classname="com.group16b.DomainLayer.ProductionCompany.ProductionCompanyTests" time="0.001"/>
  <testcase name="GivenUnmanagedManager_WhenUpdatePermissionsOfManager_ThenThrowException" classname="com.group16b.DomainLayer.ProductionCompany.ProductionCompanyTests" time="0.001"/>
  <testcase name="GivenManagedUser_WhenRemoveMemberByOwner_ThenUserRemoved" classname="com.group16b.DomainLayer.ProductionCompany.ProductionCompanyTests" time="0.001"/>
  <testcase name="GivenOwnerCaller_WhenAssignOwner_ThenInviteCanBeAccepted" classname="com.group16b.DomainLayer.ProductionCompany.ProductionCompanyTests" time="0.0"/>
  <testcase name="GivenOwner_WhenForfeitOwnership_ThenRemovedFromHierarchy" classname="com.group16b.DomainLayer.ProductionCompany.ProductionCompanyTests" time="0.0"/>
  <testcase name="GivenMissingInvite_WhenRejectInvite_ThenThrowException" classname="com.group16b.DomainLayer.ProductionCompany.ProductionCompanyTests" time="0.0"/>
  <testcase name="GivenManagedManager_WhenUpdatePermissionsOfManager_ThenPermissionsUpdated" classname="com.group16b.DomainLayer.ProductionCompany.ProductionCompanyTests" time="0.001"/>
  <testcase name="GivenNonOwner_WhenForfeitOwnership_ThenThrowException" classname="com.group16b.DomainLayer.ProductionCompany.ProductionCompanyTests" time="0.001"/>
  <testcase name="GivenOwnerRequester_WhenGetHierarchyTree_ThenReturnHierarchy" classname="com.group16b.DomainLayer.ProductionCompany.ProductionCompanyTests" time="0.001"/>
  <testcase name="GivenExistingManager_WhenAssignManager_ThenThrowException" classname="com.group16b.DomainLayer.ProductionCompany.ProductionCompanyTests" time="0.001"/>
  <testcase name="GivenUnmanagedUser_WhenRemoveMemberByOwner_ThenThrowException" classname="com.group16b.DomainLayer.ProductionCompany.ProductionCompanyTests" time="0.002">
    <failure message="Unexpected exception type thrown, expected: &lt;java.lang.IllegalArgumentException&gt; but was: &lt;java.lang.NullPointerException&gt;" type="org.opentest4j.AssertionFailedError"><![CDATA[org.opentest4j.AssertionFailedError: Unexpected exception type thrown, expected: <java.lang.IllegalArgumentException> but was: <java.lang.NullPointerException>
	at org.junit.jupiter.api.AssertionFailureBuilder.build(AssertionFailureBuilder.java:151)
	at org.junit.jupiter.api.AssertThrows.assertThrows(AssertThrows.java:67)
	at org.junit.jupiter.api.AssertThrows.assertThrows(AssertThrows.java:35)
	at org.junit.jupiter.api.Assertions.assertThrows(Assertions.java:3115)
	at com.group16b.DomainLayer.ProductionCompany.ProductionCompanyTests.GivenUnmanagedUser_WhenRemoveMemberByOwner_ThenThrowException(ProductionCompanyTests.java:198)
	at java.base/java.lang.reflect.Method.invoke(Method.java:580)
	at java.base/java.util.ArrayList.forEach(ArrayList.java:1597)
	at java.base/java.util.ArrayList.forEach(ArrayList.java:1597)
Caused by: java.lang.NullPointerException: Cannot invoke "String.equals(Object)" because "assignerID" is null
	at com.group16b.DomainLayer.ProductionCompany.ProductionCompany.isAssignedByOwner(ProductionCompany.java:296)
	at com.group16b.DomainLayer.ProductionCompany.ProductionCompany.canOwnerManageTarget(ProductionCompany.java:344)
	at com.group16b.DomainLayer.ProductionCompany.ProductionCompany.removeMemberByOwner(ProductionCompany.java:204)
	at com.group16b.DomainLayer.ProductionCompany.ProductionCompanyTests.lambda$13(ProductionCompanyTests.java:200)
	at org.junit.jupiter.api.AssertThrows.assertThrows(AssertThrows.java:53)
	... 6 more
]]></failure>
  </testcase>
  <testcase name="GivenExistingInvite_WhenAcceptInvite_ThenMemberAddedToHierarchy" classname="com.group16b.DomainLayer.ProductionCompany.ProductionCompanyTests" time="0.001"/>
  <testcase name="GivenExistingInvite_WhenRejectInvite_ThenInviteRemoved" classname="com.group16b.DomainLayer.ProductionCompany.ProductionCompanyTests" time="0.001"/>
  <testcase name="GivenMissingInvite_WhenAcceptInvite_ThenThrowException" classname="com.group16b.DomainLayer.ProductionCompany.ProductionCompanyTests" time="0.0"/>
  <testcase name="GivenNonOwnerCaller_WhenAssignOwner_ThenThrowException" classname="com.group16b.DomainLayer.ProductionCompany.ProductionCompanyTests" time="0.0"/>
</testsuite>