<?xml version="1.0" encoding="UTF-8"?>
<testsuite xmlns:xsi="http://www.w3.org/2001/XMLSchema-instance" xsi:noNamespaceSchemaLocation="https://maven.apache.org/surefire/maven-surefire-plugin/xsd/surefire-test-report-3.0.xsd" version="3.0" name="com.group16b.ApplicationLayer.OrderServiceTests" time="0.13" tests="37" errors="0" skipped="0" failures="0">
  <properties>
[...]
</properties>
  <testcase name="changeSeatsToOrder_eventNotFound_returnsFail" classname="com.group16b.ApplicationLayer.OrderServiceTests" time="0.042">
    <system-out><![CDATA[15:30:53.906 [main] INFO com.group16b.ApplicationLayer.OrderService -- OrderService.changeSeatsToOrder: Attempting to change seats for order order_1 with new seats [1-3].
15:30:53.906 [main] INFO com.group16b.ApplicationLayer.OrderService -- OrderService.changeSeatsToOrder: Verifying session token for change.
15:30:53.906 [main] INFO com.group16b.ApplicationLayer.OrderService -- OrderService.changeSeatsToOrder: Session token verified successfully.
15:30:53.906 [main] INFO com.group16b.ApplicationLayer.OrderService -- OrderService.changeSeatsToOrder: verifying that order order_1 belongs to the user with the provided token for changing seats.
15:30:53.906 [main] INFO com.group16b.ApplicationLayer.OrderService -- OrderService.changeSeatsToOrder: verifying that order order_1 is a seat order for changing seats.
15:30:53.906 [main] INFO com.group16b.ApplicationLayer.OrderService -- OrderService.changeSeatsToOrder: verifying that order order_1 is active for changing seats.
15:30:53.906 [main] ERROR com.group16b.ApplicationLayer.OrderService -- OrderService.changeSeatsToOrder: Failed to change seats for order order_1: Event not found
]]></system-out>
  </testcase>
  <testcase name="changeSeatsToOrder_nullNewSeats_returnsFail" classname="com.group16b.ApplicationLayer.OrderServiceTests" time="0.001">
    <system-out><![CDATA[15:30:53.907 [main] INFO com.group16b.ApplicationLayer.OrderService -- OrderService.changeSeatsToOrder: Attempting to change seats for order order_1 with new seats null.
]]></system-out>
  </testcase>
  <testcase name="getUserOrders_validUser_returnsOrderDTOsSuccessfully" classname="com.group16b.ApplicationLayer.OrderServiceTests" time="0.001">
    <system-out><![CDATA[15:30:53.908 [main] INFO com.group16b.ApplicationLayer.OrderService -- OrderService.getUserOrders: Verifying session token for retrieving orders of user with session token {0}.
15:30:53.908 [main] INFO com.group16b.ApplicationLayer.OrderService -- OrderService.getUserOrders: Session token verified successfully.
15:30:53.908 [main] INFO com.group16b.ApplicationLayer.OrderService -- OrderService.getUserOrders: Retrieving orders for user {0}.
15:30:53.908 [main] INFO com.group16b.ApplicationLayer.OrderService -- OrderService.getUserOrders: Mapping orders to OrderDTOs for user {0}.
15:30:53.908 [main] INFO com.group16b.ApplicationLayer.OrderService -- OrderService.getUserOrders: Orders retrieved successfully for user {0}.
]]></system-out>
  </testcase>
  <testcase name="changeNumOfSeatsInFieldOrder_orderDoesNotBelongToUser_returnsFail" classname="com.group16b.ApplicationLayer.OrderServiceTests" time="0.0">
    <system-out><![CDATA[15:30:53.909 [main] INFO com.group16b.ApplicationLayer.OrderService -- OrderService.changeNumOfSeatsInFieldOrder: Attempting to change number of seats for order order_1 with new number of seats 5.
15:30:53.909 [main] INFO com.group16b.ApplicationLayer.OrderService -- OrderService.Verifying session token for edit.
15:30:53.909 [main] INFO com.group16b.ApplicationLayer.OrderService -- OrderService.changeNumOfSeatsInFieldOrder: Verifying session token for edit.
15:30:53.909 [main] INFO com.group16b.ApplicationLayer.OrderService -- OrderService.changeNumOfSeatsInFieldOrder: Attempting to reserve seats for 42
15:30:53.909 [main] INFO com.group16b.ApplicationLayer.OrderService -- OrderService.changeNumOfSeatsInFieldOrder: verifying that order order_1 belongs to the user with the provided token for changing number of seats.
15:30:53.909 [main] ERROR com.group16b.ApplicationLayer.OrderService -- OrderService.changeNumOfSeatsInFieldOrder: Failed to change seats for order order_1: Order order_31 does not belong to subject 42
]]></system-out>
  </testcase>
  <testcase name="changeNumOfSeatsInFieldOrder_zeroSeats_returnsFail" classname="com.group16b.ApplicationLayer.OrderServiceTests" time="0.0">
    <system-out><![CDATA[15:30:53.910 [main] INFO com.group16b.ApplicationLayer.OrderService -- OrderService.changeNumOfSeatsInFieldOrder: Attempting to change number of seats for order order_1 with new number of seats 0.
]]></system-out>
  </testcase>
  <testcase name="CompleteActiveOrder_invalidToken_returnsFail" classname="com.group16b.ApplicationLayer.OrderServiceTests" time="0.019">
    <system-out><![CDATA[15:30:53.929 [main] INFO com.group16b.ApplicationLayer.OrderService -- OrderService.CompleteActiveOrder: Attempting to complete order order_1 for user 42
15:30:53.929 [main] INFO com.group16b.ApplicationLayer.OrderService -- OrderService.CompleteActiveOrder: validate Order order_1 is activeOrder for user 42
15:30:53.929 [main] INFO com.group16b.ApplicationLayer.OrderService -- Verifying session token for completion.
15:30:53.929 [main] ERROR com.group16b.ApplicationLayer.OrderService -- Authentication error during retrieving orders: Invalid Token
]]></system-out>
  </testcase>
  <testcase name="getUserOrders_invalidToken_returnsFail" classname="com.group16b.ApplicationLayer.OrderServiceTests" time="0.001">
    <system-out><![CDATA[15:30:53.930 [main] INFO com.group16b.ApplicationLayer.OrderService -- OrderService.getUserOrders: Verifying session token for retrieving orders of user with session token {0}.
15:30:53.930 [main] ERROR com.group16b.ApplicationLayer.OrderService -- OrderService.getUserOrders: Authentication error during retrieving orders: Invalid Token
]]></system-out>
  </testcase>
  <testcase name="changeSeatsToOrder_adminToken_returnsFail" classname="com.group16b.ApplicationLayer.OrderServiceTests" time="0.0">
    <system-out><![CDATA[15:30:53.931 [main] INFO com.group16b.ApplicationLayer.OrderService -- OrderService.changeSeatsToOrder: Attempting to change seats for order order_1 with new seats [1-3].
15:30:53.931 [main] INFO com.group16b.ApplicationLayer.OrderService -- OrderService.changeSeatsToOrder: Verifying session token for change.
15:30:53.931 [main] ERROR com.group16b.ApplicationLayer.OrderService -- OrderService.changeSeatsToOrder: Authentication error during changing seats for order order_1: Admins are not allowed to perform operation
]]></system-out>
  </testcase>
  <testcase name="changeSeatsToOrder_orderNotFound_returnsFail" classname="com.group16b.ApplicationLayer.OrderServiceTests" time="0.0">
    <system-out><![CDATA[15:30:53.932 [main] INFO com.group16b.ApplicationLayer.OrderService -- OrderService.changeSeatsToOrder: Attempting to change seats for order order_1 with new seats [1-3].
15:30:53.932 [main] INFO com.group16b.ApplicationLayer.OrderService -- OrderService.changeSeatsToOrder: Verifying session token for change.
15:30:53.932 [main] INFO com.group16b.ApplicationLayer.OrderService -- OrderService.changeSeatsToOrder: Session token verified successfully.
15:30:53.932 [main] ERROR com.group16b.ApplicationLayer.OrderService -- OrderService.changeSeatsToOrder: Failed to change seats for order order_1: Order not found
]]></system-out>
  </testcase>
  <testcase name="changeNumOfSeatsInFieldOrder_nonFieldOrder_returnsFail" classname="com.group16b.ApplicationLayer.OrderServiceTests" time="0.001">
    <system-out><![CDATA[15:30:53.933 [main] INFO com.group16b.ApplicationLayer.OrderService -- OrderService.changeNumOfSeatsInFieldOrder: Attempting to change number of seats for order order_1 with new number of seats 5.
15:30:53.933 [main] INFO com.group16b.ApplicationLayer.OrderService -- OrderService.Verifying session token for edit.
15:30:53.933 [main] INFO com.group16b.ApplicationLayer.OrderService -- OrderService.changeNumOfSeatsInFieldOrder: Verifying session token for edit.
15:30:53.933 [main] INFO com.group16b.ApplicationLayer.OrderService -- OrderService.changeNumOfSeatsInFieldOrder: Attempting to reserve seats for 42
15:30:53.933 [main] INFO com.group16b.ApplicationLayer.OrderService -- OrderService.changeNumOfSeatsInFieldOrder: verifying that order order_1 belongs to the user with the provided token for changing number of seats.
15:30:53.933 [main] INFO com.group16b.ApplicationLayer.OrderService -- OrderService.changeNumOfSeatsInFieldOrder: verifying that order order_1 is a field order for changing number of seats.
15:30:53.933 [main] ERROR com.group16b.ApplicationLayer.OrderService -- OrderService.changeNumOfSeatsInFieldOrder: Failed to change seats for order order_1: This order is for seat tickets, it must have specific seats.
]]></system-out>
  </testcase>
  <testcase name="cancelOrder_venueNotFound_stillReturnsOkAfterCancelRepoCall" classname="com.group16b.ApplicationLayer.OrderServiceTests" time="0.001">
    <system-out><![CDATA[15:30:53.934 [main] INFO com.group16b.ApplicationLayer.OrderService -- Attempting to cancel order order_1.
15:30:53.934 [main] ERROR com.group16b.ApplicationLayer.OrderService -- OrderService._cancelOrder: Failed to cancel reservation for order order_1: Cannot invoke "com.group16b.DomainLayer.Venue.Venue.getSegmentByID(String)" because "venue" is null
]]></system-out>
  </testcase>
  <testcase name="changeSeatsToOrder_invalidToken_returnsFail" classname="com.group16b.ApplicationLayer.OrderServiceTests" time="0.001">
    <system-out><![CDATA[15:30:53.935 [main] INFO com.group16b.ApplicationLayer.OrderService -- OrderService.changeSeatsToOrder: Attempting to change seats for order order_1 with new seats [1-3].
15:30:53.935 [main] INFO com.group16b.ApplicationLayer.OrderService -- OrderService.changeSeatsToOrder: Verifying session token for change.
15:30:53.935 [main] ERROR com.group16b.ApplicationLayer.OrderService -- OrderService.changeSeatsToOrder: Authentication error during changing seats for order order_1: Invalid Token
]]></system-out>
  </testcase>
  <testcase name="CompleteActiveOrder_adminToken_returnsFail" classname="com.group16b.ApplicationLayer.OrderServiceTests" time="0.001">
    <system-out><![CDATA[15:30:53.936 [main] INFO com.group16b.ApplicationLayer.OrderService -- OrderService.CompleteActiveOrder: Attempting to complete order order_1 for user 42
15:30:53.936 [main] INFO com.group16b.ApplicationLayer.OrderService -- OrderService.CompleteActiveOrder: validate Order order_1 is activeOrder for user 42
15:30:53.936 [main] INFO com.group16b.ApplicationLayer.OrderService -- Verifying session token for completion.
15:30:53.936 [main] ERROR com.group16b.ApplicationLayer.OrderService -- Authentication error during retrieving orders: Admins are not allowed to perform operation
]]></system-out>
  </testcase>
  <testcase name="CompleteActiveOrder_validRequest_returnsTicketsSuccessfully" classname="com.group16b.ApplicationLayer.OrderServiceTests" time="0.014">
    <system-out><![CDATA[15:30:53.949 [main] INFO com.group16b.ApplicationLayer.OrderService -- OrderService.CompleteActiveOrder: Attempting to complete order order_1 for user 42
15:30:53.949 [main] INFO com.group16b.ApplicationLayer.OrderService -- OrderService.CompleteActiveOrder: validate Order order_1 is activeOrder for user 42
15:30:53.949 [main] INFO com.group16b.ApplicationLayer.OrderService -- Verifying session token for completion.
15:30:53.949 [main] INFO com.group16b.ApplicationLayer.OrderService -- Session token verified successfully.
15:30:53.949 [main] INFO com.group16b.ApplicationLayer.OrderService -- OrderService.CompleteActiveOrder: verifying that order order_1 belongs to user 42
15:30:53.949 [main] INFO com.group16b.ApplicationLayer.OrderService -- OrderService.CompleteActiveOrder: calculating price for order order_1 for user 42
15:30:53.950 [main] INFO com.group16b.ApplicationLayer.OrderService -- OrderService.CompleteActiveOrder: processing payment for order order_1 for user 42 with price 100.0
15:30:53.950 [main] INFO com.group16b.ApplicationLayer.OrderService -- OrderService.CompleteActiveOrder: user 42 paid 100.0 successfully for order order_1
15:30:53.950 [main] INFO com.group16b.ApplicationLayer.OrderService -- OrderService.CompleteActiveOrder: generating tickets for order order_1 for user 42
15:30:53.950 [main] INFO com.group16b.ApplicationLayer.OrderService -- OrderService.CompleteActiveOrder: generated 2 tickets successfully for order order_1 for user 42
15:30:53.950 [main] INFO com.group16b.ApplicationLayer.OrderService -- OrderService.CompleteActiveOrder: Order order_1 completed successfully for user 42
]]></system-out>
  </testcase>
  <testcase name="getUserOrders_noOrders_returnsEmptyListSuccessfully" classname="com.group16b.ApplicationLayer.OrderServiceTests" time="0.001">
    <system-out><![CDATA[15:30:53.951 [main] INFO com.group16b.ApplicationLayer.OrderService -- OrderService.getUserOrders: Verifying session token for retrieving orders of user with session token {0}.
15:30:53.951 [main] INFO com.group16b.ApplicationLayer.OrderService -- OrderService.getUserOrders: Session token verified successfully.
15:30:53.951 [main] INFO com.group16b.ApplicationLayer.OrderService -- OrderService.getUserOrders: Retrieving orders for user {0}.
15:30:53.951 [main] INFO com.group16b.ApplicationLayer.OrderService -- OrderService.getUserOrders: Mapping orders to OrderDTOs for user {0}.
15:30:53.951 [main] INFO com.group16b.ApplicationLayer.OrderService -- OrderService.getUserOrders: Orders retrieved successfully for user {0}.
]]></system-out>
  </testcase>
  <testcase name="changeNumOfSeatsInFieldOrder_negativeSeats_returnsFail" classname="com.group16b.ApplicationLayer.OrderServiceTests" time="0.0">
    <system-out><![CDATA[15:30:53.952 [main] INFO com.group16b.ApplicationLayer.OrderService -- OrderService.changeNumOfSeatsInFieldOrder: Attempting to change number of seats for order order_1 with new number of seats -5.
]]></system-out>
  </testcase>
  <testcase name="changeNumOfSeatsInFieldOrder_invalidToken_returnsFail" classname="com.group16b.ApplicationLayer.OrderServiceTests" time="0.001">
    <system-out><![CDATA[15:30:53.953 [main] INFO com.group16b.ApplicationLayer.OrderService -- OrderService.changeNumOfSeatsInFieldOrder: Attempting to change number of seats for order order_1 with new number of seats 5.
15:30:53.953 [main] INFO com.group16b.ApplicationLayer.OrderService -- OrderService.Verifying session token for edit.
15:30:53.953 [main] ERROR com.group16b.ApplicationLayer.OrderService -- OrderService.changeNumOfSeatsInFieldOrder: Authentication error during changing number of seats for order order_1: Invalid Token
]]></system-out>
  </testcase>
  <testcase name="cancelOrder_eventNotFound_stillReturnsOkAfterCancelRepoCall" classname="com.group16b.ApplicationLayer.OrderServiceTests" time="0.001">
    <system-out><![CDATA[15:30:53.954 [main] INFO com.group16b.ApplicationLayer.OrderService -- Attempting to cancel order order_1.
15:30:53.954 [main] ERROR com.group16b.ApplicationLayer.OrderService -- OrderService._cancelOrder: Failed to cancel reservation for order order_1: Cannot invoke "com.group16b.DomainLayer.Event.Event.getEventVenueID()" because "event" is null
]]></system-out>
  </testcase>
  <testcase name="changeSeatsToOrder_nonSeatOrder_returnsFail" classname="com.group16b.ApplicationLayer.OrderServiceTests" time="0.001">
    <system-out><![CDATA[15:30:53.955 [main] INFO com.group16b.ApplicationLayer.OrderService -- OrderService.changeSeatsToOrder: Attempting to change seats for order order_1 with new seats [1-3].
15:30:53.955 [main] INFO com.group16b.ApplicationLayer.OrderService -- OrderService.changeSeatsToOrder: Verifying session token for change.
15:30:53.955 [main] INFO com.group16b.ApplicationLayer.OrderService -- OrderService.changeSeatsToOrder: Session token verified successfully.
15:30:53.955 [main] INFO com.group16b.ApplicationLayer.OrderService -- OrderService.changeSeatsToOrder: verifying that order order_1 belongs to the user with the provided token for changing seats.
15:30:53.955 [main] INFO com.group16b.ApplicationLayer.OrderService -- OrderService.changeSeatsToOrder: verifying that order order_1 is a seat order for changing seats.
15:30:53.955 [main] ERROR com.group16b.ApplicationLayer.OrderService -- OrderService.changeSeatsToOrder: order_1
]]></system-out>
  </testcase>
  <testcase name="cancelOrder_segmentNotFound_stillReturnsOkAfterCancelRepoCall" classname="com.group16b.ApplicationLayer.OrderServiceTests" time="0.001">
    <system-out><![CDATA[15:30:53.956 [main] INFO com.group16b.ApplicationLayer.OrderService -- Attempting to cancel order order_1.
15:30:53.956 [main] ERROR com.group16b.ApplicationLayer.OrderService -- OrderService._cancelOrder: Failed to cancel reservation for order order_1: Cannot invoke "com.group16b.DomainLayer.Venue.Segment.getSegmentType()" because "segment" is null
]]></system-out>
  </testcase>
  <testcase name="cancelOrder_orderNotActive_returnsFail" classname="com.group16b.ApplicationLayer.OrderServiceTests" time="0.001">
    <system-out><![CDATA[15:30:53.957 [main] INFO com.group16b.ApplicationLayer.OrderService -- Attempting to cancel order order_1.
15:30:53.957 [main] ERROR com.group16b.ApplicationLayer.OrderService -- OrderService.cancelOrder: Failed to cancel order order_1: Order order_40 is not active
]]></system-out>
  </testcase>
  <testcase name="changeSeatsToOrder_segmentNotFound_returnsFail" classname="com.group16b.ApplicationLayer.OrderServiceTests" time="0.001">
    <system-out><![CDATA[15:30:53.958 [main] INFO com.group16b.ApplicationLayer.OrderService -- OrderService.changeSeatsToOrder: Attempting to change seats for order order_1 with new seats [1-3].
15:30:53.958 [main] INFO com.group16b.ApplicationLayer.OrderService -- OrderService.changeSeatsToOrder: Verifying session token for change.
15:30:53.958 [main] INFO com.group16b.ApplicationLayer.OrderService -- OrderService.changeSeatsToOrder: Session token verified successfully.
15:30:53.958 [main] INFO com.group16b.ApplicationLayer.OrderService -- OrderService.changeSeatsToOrder: verifying that order order_1 belongs to the user with the provided token for changing seats.
15:30:53.958 [main] INFO com.group16b.ApplicationLayer.OrderService -- OrderService.changeSeatsToOrder: verifying that order order_1 is a seat order for changing seats.
15:30:53.958 [main] INFO com.group16b.ApplicationLayer.OrderService -- OrderService.changeSeatsToOrder: verifying that order order_1 is active for changing seats.
15:30:53.958 [main] INFO com.group16b.ApplicationLayer.OrderService -- OrderService.changeSeatsToOrder: Reserving new seats [1-3] for order order_1.
15:30:53.958 [main] ERROR com.group16b.ApplicationLayer.OrderService -- OrderService.changeSeatsToOrder: Failed to change seats for order order_1: Segment with ID segment1 not found
]]></system-out>
  </testcase>
  <testcase name="changeSeatsToOrder_emptyNewSeats_returnsFail" classname="com.group16b.ApplicationLayer.OrderServiceTests" time="0.0">
    <system-out><![CDATA[15:30:53.959 [main] INFO com.group16b.ApplicationLayer.OrderService -- OrderService.changeSeatsToOrder: Attempting to change seats for order order_1 with new seats [].
]]></system-out>
  </testcase>
  <testcase name="changeNumOfSeatsInFieldOrder_sameAmount_returnsOkWithoutChangingReservation" classname="com.group16b.ApplicationLayer.OrderServiceTests" time="0.001">
    <system-out><![CDATA[15:30:53.960 [main] INFO com.group16b.ApplicationLayer.OrderService -- OrderService.changeNumOfSeatsInFieldOrder: Attempting to change number of seats for order order_1 with new number of seats 3.
15:30:53.960 [main] INFO com.group16b.ApplicationLayer.OrderService -- OrderService.Verifying session token for edit.
15:30:53.960 [main] INFO com.group16b.ApplicationLayer.OrderService -- OrderService.changeNumOfSeatsInFieldOrder: Verifying session token for edit.
15:30:53.960 [main] INFO com.group16b.ApplicationLayer.OrderService -- OrderService.changeNumOfSeatsInFieldOrder: Attempting to reserve seats for 42
15:30:53.960 [main] INFO com.group16b.ApplicationLayer.OrderService -- OrderService.changeNumOfSeatsInFieldOrder: verifying that order order_1 belongs to the user with the provided token for changing number of seats.
15:30:53.960 [main] INFO com.group16b.ApplicationLayer.OrderService -- OrderService.changeNumOfSeatsInFieldOrder: verifying that order order_1 is a field order for changing number of seats.
15:30:53.960 [main] INFO com.group16b.ApplicationLayer.OrderService -- OrderService.changeNumOfSeatsInFieldOrder: verifying that order order_1 is active for changing number of seats.
15:30:53.960 [main] INFO com.group16b.ApplicationLayer.OrderService -- OrderService.changeNumOfSeatsInFieldOrder: New number of seats is the same as the old number of seats for order order_1. No changes needed.
]]></system-out>
  </testcase>
  <testcase name="changeNumOfSeatsInFieldOrder_eventNotFound_returnsFail" classname="com.group16b.ApplicationLayer.OrderServiceTests" time="0.001">
    <system-out><![CDATA[15:30:53.961 [main] INFO com.group16b.ApplicationLayer.OrderService -- OrderService.changeNumOfSeatsInFieldOrder: Attempting to change number of seats for order order_1 with new number of seats 5.
15:30:53.961 [main] INFO com.group16b.ApplicationLayer.OrderService -- OrderService.Verifying session token for edit.
15:30:53.961 [main] INFO com.group16b.ApplicationLayer.OrderService -- OrderService.changeNumOfSeatsInFieldOrder: Verifying session token for edit.
15:30:53.961 [main] INFO com.group16b.ApplicationLayer.OrderService -- OrderService.changeNumOfSeatsInFieldOrder: Attempting to reserve seats for 42
15:30:53.961 [main] INFO com.group16b.ApplicationLayer.OrderService -- OrderService.changeNumOfSeatsInFieldOrder: verifying that order order_1 belongs to the user with the provided token for changing number of seats.
15:30:53.961 [main] INFO com.group16b.ApplicationLayer.OrderService -- OrderService.changeNumOfSeatsInFieldOrder: verifying that order order_1 is a field order for changing number of seats.
15:30:53.961 [main] INFO com.group16b.ApplicationLayer.OrderService -- OrderService.changeNumOfSeatsInFieldOrder: verifying that order order_1 is active for changing number of seats.
15:30:53.961 [main] ERROR com.group16b.ApplicationLayer.OrderService -- OrderService.changeNumOfSeatsInFieldOrder: Failed to change seats for order order_1: Event not found
]]></system-out>
  </testcase>
  <testcase name="getUserOrders_nonSignedRole_returnsFail" classname="com.group16b.ApplicationLayer.OrderServiceTests" time="0.0">
    <system-out><![CDATA[15:30:53.962 [main] INFO com.group16b.ApplicationLayer.OrderService -- OrderService.getUserOrders: Verifying session token for retrieving orders of user with session token {0}.
15:30:53.962 [main] ERROR com.group16b.ApplicationLayer.OrderService -- OrderService.getUserOrders: Authentication error during retrieving orders: Only users are allowed to perform operation
]]></system-out>
  </testcase>
  <testcase name="cancelOrder_validActiveSeatOrder_cancelsOrderAndFreesSeats" classname="com.group16b.ApplicationLayer.OrderServiceTests" time="0.001">
    <system-out><![CDATA[15:30:53.963 [main] INFO com.group16b.ApplicationLayer.OrderService -- Attempting to cancel order order_1.
]]></system-out>
  </testcase>
  <testcase name="changeNumOfSeatsInFieldOrder_orderNotFound_returnsFail" classname="com.group16b.ApplicationLayer.OrderServiceTests" time="0.001">
    <system-out><![CDATA[15:30:53.964 [main] INFO com.group16b.ApplicationLayer.OrderService -- OrderService.changeNumOfSeatsInFieldOrder: Attempting to change number of seats for order order_1 with new number of seats 5.
15:30:53.964 [main] INFO com.group16b.ApplicationLayer.OrderService -- OrderService.Verifying session token for edit.
15:30:53.964 [main] INFO com.group16b.ApplicationLayer.OrderService -- OrderService.changeNumOfSeatsInFieldOrder: Verifying session token for edit.
15:30:53.964 [main] INFO com.group16b.ApplicationLayer.OrderService -- OrderService.changeNumOfSeatsInFieldOrder: Attempting to reserve seats for 42
15:30:53.964 [main] ERROR com.group16b.ApplicationLayer.OrderService -- OrderService.changeNumOfSeatsInFieldOrder: Failed to change seats for order order_1: Order not found
]]></system-out>
  </testcase>
  <testcase name="CompleteActiveOrder_orderNotActive_returnsFail" classname="com.group16b.ApplicationLayer.OrderServiceTests" time="0.001">
    <system-out><![CDATA[15:30:53.964 [main] INFO com.group16b.ApplicationLayer.OrderService -- OrderService.CompleteActiveOrder: Attempting to complete order order_45 for user 42
15:30:53.964 [main] INFO com.group16b.ApplicationLayer.OrderService -- OrderService.CompleteActiveOrder: validate Order order_45 is activeOrder for user 42
15:30:53.964 [main] ERROR com.group16b.ApplicationLayer.OrderService -- OrderService.CompleteActiveOrder: Cannot complete Already completed order order_45 for user 42: Order order_45 is not active
15:30:53.965 [main] ERROR com.group16b.ApplicationLayer.OrderService -- OrderService._cancelOrder: Failed to cancel reservation for order order_45: Seat is already free !
]]></system-out>
  </testcase>
  <testcase name="changeNumOfSeatsInFieldOrder_adminToken_returnsFail" classname="com.group16b.ApplicationLayer.OrderServiceTests" time="0.001">
    <system-out><![CDATA[15:30:53.966 [main] INFO com.group16b.ApplicationLayer.OrderService -- OrderService.changeNumOfSeatsInFieldOrder: Attempting to change number of seats for order order_1 with new number of seats 5.
15:30:53.966 [main] INFO com.group16b.ApplicationLayer.OrderService -- OrderService.Verifying session token for edit.
15:30:53.966 [main] ERROR com.group16b.ApplicationLayer.OrderService -- OrderService.changeNumOfSeatsInFieldOrder: Authentication error during changing number of seats for order order_1: Admins are not allowed to perform operation
]]></system-out>
  </testcase>
  <testcase name="CompleteActiveOrder_orderDoesNotBelongToUser_returnsFail" classname="com.group16b.ApplicationLayer.OrderServiceTests" time="0.005">
    <system-out><![CDATA[15:30:53.969 [main] INFO com.group16b.ApplicationLayer.OrderService -- OrderService.CompleteActiveOrder: Attempting to complete order order_46 for user 42
15:30:53.970 [main] INFO com.group16b.ApplicationLayer.OrderService -- OrderService.CompleteActiveOrder: validate Order order_46 is activeOrder for user 42
15:30:53.970 [main] INFO com.group16b.ApplicationLayer.OrderService -- Verifying session token for completion.
15:30:53.970 [main] INFO com.group16b.ApplicationLayer.OrderService -- Session token verified successfully.
15:30:53.970 [main] INFO com.group16b.ApplicationLayer.OrderService -- OrderService.CompleteActiveOrder: verifying that order order_46 belongs to user 42
15:30:53.970 [main] ERROR com.group16b.ApplicationLayer.OrderService -- OrderService.CompleteActiveOrder: Order order_46 does not belong to subject 42
15:30:53.971 [main] ERROR com.group16b.ApplicationLayer.OrderService -- OrderService._cancelOrder: Failed to cancel reservation for order order_46: Seat is already free !
]]></system-out>
  </testcase>
  <testcase name="cancelOrder_orderNotFound_returnsFail" classname="com.group16b.ApplicationLayer.OrderServiceTests" time="0.001">
    <system-out><![CDATA[15:30:53.973 [main] INFO com.group16b.ApplicationLayer.OrderService -- Attempting to cancel order order_1.
]]></system-out>
  </testcase>
  <testcase name="changeSeatsToOrder_orderDoesNotBelongToUser_returnsFail" classname="com.group16b.ApplicationLayer.OrderServiceTests" time="0.011">
    <system-out><![CDATA[15:30:53.984 [main] INFO com.group16b.ApplicationLayer.OrderService -- OrderService.changeSeatsToOrder: Attempting to change seats for order order_1 with new seats [1-3].
15:30:53.984 [main] INFO com.group16b.ApplicationLayer.OrderService -- OrderService.changeSeatsToOrder: Verifying session token for change.
15:30:53.984 [main] INFO com.group16b.ApplicationLayer.OrderService -- OrderService.changeSeatsToOrder: Session token verified successfully.
15:30:53.984 [main] INFO com.group16b.ApplicationLayer.OrderService -- OrderService.changeSeatsToOrder: verifying that order order_1 belongs to the user with the provided token for changing seats.
15:30:53.984 [main] ERROR com.group16b.ApplicationLayer.OrderService -- OrderService.changeSeatsToOrder: Failed to change seats for order order_1: Order order_47 does not belong to subject 42
]]></system-out>
  </testcase>
  <testcase name="changeNumOfSeatsInFieldOrder_segmentNotFound_returnsFail" classname="com.group16b.ApplicationLayer.OrderServiceTests" time="0.002">
    <system-out><![CDATA[15:30:53.986 [main] INFO com.group16b.ApplicationLayer.OrderService -- OrderService.changeNumOfSeatsInFieldOrder: Attempting to change number of seats for order order_1 with new number of seats 5.
15:30:53.987 [main] INFO com.group16b.ApplicationLayer.OrderService -- OrderService.Verifying session token for edit.
15:30:53.987 [main] INFO com.group16b.ApplicationLayer.OrderService -- OrderService.changeNumOfSeatsInFieldOrder: Verifying session token for edit.
15:30:53.987 [main] INFO com.group16b.ApplicationLayer.OrderService -- OrderService.changeNumOfSeatsInFieldOrder: Attempting to reserve seats for 42
15:30:53.987 [main] INFO com.group16b.ApplicationLayer.OrderService -- OrderService.changeNumOfSeatsInFieldOrder: verifying that order order_1 belongs to the user with the provided token for changing number of seats.
15:30:53.987 [main] INFO com.group16b.ApplicationLayer.OrderService -- OrderService.changeNumOfSeatsInFieldOrder: verifying that order order_1 is a field order for changing number of seats.
15:30:53.987 [main] INFO com.group16b.ApplicationLayer.OrderService -- OrderService.changeNumOfSeatsInFieldOrder: verifying that order order_1 is active for changing number of seats.
15:30:53.987 [main] INFO com.group16b.ApplicationLayer.OrderService -- OrderService.changeNumOfSeatsInFieldOrder: Reserving 3 new seats for order order_1.
15:30:53.987 [main] ERROR com.group16b.ApplicationLayer.OrderService -- OrderService.changeNumOfSeatsInFieldOrder: Failed to change seats for order order_1: Segment with ID field-segment not found
]]></system-out>
  </testcase>
  <testcase name="getUserOrders_userNotFound_returnsFail" classname="com.group16b.ApplicationLayer.OrderServiceTests" time="0.001">
    <system-out><![CDATA[15:30:53.987 [main] INFO com.group16b.ApplicationLayer.OrderService -- OrderService.getUserOrders: Verifying session token for retrieving orders of user with session token {0}.
15:30:53.988 [main] ERROR com.group16b.ApplicationLayer.OrderService -- OrderService.getUserOrders: Invalid argument provided: User not found
]]></system-out>
  </testcase>
  <testcase name="changeNumOfSeatsInFieldOrder_nonActiveOrder_returnsFail" classname="com.group16b.ApplicationLayer.OrderServiceTests" time="0.001">
    <system-out><![CDATA[15:30:53.988 [main] INFO com.group16b.ApplicationLayer.OrderService -- OrderService.changeNumOfSeatsInFieldOrder: Attempting to change number of seats for order order_1 with new number of seats 5.
15:30:53.988 [main] INFO com.group16b.ApplicationLayer.OrderService -- OrderService.Verifying session token for edit.
15:30:53.988 [main] INFO com.group16b.ApplicationLayer.OrderService -- OrderService.changeNumOfSeatsInFieldOrder: Verifying session token for edit.
15:30:53.988 [main] INFO com.group16b.ApplicationLayer.OrderService -- OrderService.changeNumOfSeatsInFieldOrder: Attempting to reserve seats for 42
15:30:53.988 [main] INFO com.group16b.ApplicationLayer.OrderService -- OrderService.changeNumOfSeatsInFieldOrder: verifying that order order_1 belongs to the user with the provided token for changing number of seats.
15:30:53.988 [main] INFO com.group16b.ApplicationLayer.OrderService -- OrderService.changeNumOfSeatsInFieldOrder: verifying that order order_1 is a field order for changing number of seats.
15:30:53.988 [main] INFO com.group16b.ApplicationLayer.OrderService -- OrderService.changeNumOfSeatsInFieldOrder: verifying that order order_1 is active for changing number of seats.
15:30:53.989 [main] ERROR com.group16b.ApplicationLayer.OrderService -- OrderService.changeNumOfSeatsInFieldOrder: Failed to change seats for order order_1: Order order_49 is not active
]]></system-out>
  </testcase>
  <testcase name="changeSeatsToOrder_nonActiveOrder_returnsFail" classname="com.group16b.ApplicationLayer.OrderServiceTests" time="0.003">
    <system-out><![CDATA[15:30:53.990 [main] INFO com.group16b.ApplicationLayer.OrderService -- OrderService.changeSeatsToOrder: Attempting to change seats for order order_1 with new seats [1-3].
15:30:53.991 [main] INFO com.group16b.ApplicationLayer.OrderService -- OrderService.changeSeatsToOrder: Verifying session token for change.
15:30:53.991 [main] INFO com.group16b.ApplicationLayer.OrderService -- OrderService.changeSeatsToOrder: Session token verified successfully.
15:30:53.992 [main] INFO com.group16b.ApplicationLayer.OrderService -- OrderService.changeSeatsToOrder: verifying that order order_1 belongs to the user with the provided token for changing seats.
15:30:53.992 [main] INFO com.group16b.ApplicationLayer.OrderService -- OrderService.changeSeatsToOrder: verifying that order order_1 is a seat order for changing seats.
15:30:53.992 [main] INFO com.group16b.ApplicationLayer.OrderService -- OrderService.changeSeatsToOrder: verifying that order order_1 is active for changing seats.
15:30:53.992 [main] ERROR com.group16b.ApplicationLayer.OrderService -- OrderService.changeSeatsToOrder: order_1
]]></system-out>
  </testcase>
</testsuite>