<?xml version="1.0" encoding="UTF-8"?>
<testsuite xmlns:xsi="http://www.w3.org/2001/XMLSchema-instance" xsi:noNamespaceSchemaLocation="https://maven.apache.org/surefire/maven-surefire-plugin/xsd/surefire-test-report-3.0.xsd" version="3.0" name="com.group16b.ApplicationLayer.ReservationServiceTests" time="0.047" tests="11" errors="0" skipped="0" failures="0">
  <properties>
[...]
</properties>
  <testcase name="reserveSeats_noDiscountPolicy_returnsFail" classname="com.group16b.ApplicationLayer.ReservationServiceTests" time="0.004">
    <system-out><![CDATA[15:30:53.998 [main] INFO com.group16b.ApplicationLayer.ReserveService -- Verifying session token for reservation.
15:30:53.998 [main] INFO com.group16b.ApplicationLayer.ReserveService -- Session token verified successfully.
15:30:53.998 [main] INFO com.group16b.ApplicationLayer.ReserveService -- ApplicationLayer.ReserveService.reserveSeats: Attempting to reserve seats for 42
15:30:53.998 [main] INFO com.group16b.ApplicationLayer.ReserveService -- Checking event is active
15:30:53.998 [main] INFO com.group16b.ApplicationLayer.ReserveService -- ApplicationLayer.ReserveService.reserveSeats: Validating lottery for 42
15:30:53.998 [main] INFO com.group16b.ApplicationLayer.ReserveService -- Moving queue forward
15:30:53.998 [main] INFO com.group16b.ApplicationLayer.ReserveService -- check if user passed queue
15:30:53.998 [main] INFO com.group16b.ApplicationLayer.ReserveService -- ApplicationLayer.ReserveService.reserveSeats: {} is passed the queue
15:30:53.999 [main] INFO com.group16b.ApplicationLayer.ReserveService -- ApplicationLayer.ReserveService.reserveSeats: Seats reserved seccessfully for 42
15:30:54.000 [main] ERROR com.group16b.ApplicationLayer.ReserveService -- No discount policy found for event 1
15:30:54.000 [main] ERROR com.group16b.ApplicationLayer.ReserveService -- ApplicationLayer.ReserveService.reserveSeats: Failed to reserve seats for user: No discount policy found for this event
]]></system-out>
  </testcase>
  <testcase name="reserveSeats_noPurchasePolicy_returnsFail" classname="com.group16b.ApplicationLayer.ReservationServiceTests" time="0.002">
    <system-out><![CDATA[15:30:54.003 [main] INFO com.group16b.ApplicationLayer.ReserveService -- Verifying session token for reservation.
15:30:54.003 [main] INFO com.group16b.ApplicationLayer.ReserveService -- Session token verified successfully.
15:30:54.003 [main] INFO com.group16b.ApplicationLayer.ReserveService -- ApplicationLayer.ReserveService.reserveSeats: Attempting to reserve seats for 42
15:30:54.003 [main] INFO com.group16b.ApplicationLayer.ReserveService -- Checking event is active
15:30:54.003 [main] INFO com.group16b.ApplicationLayer.ReserveService -- ApplicationLayer.ReserveService.reserveSeats: Validating lottery for 42
15:30:54.003 [main] INFO com.group16b.ApplicationLayer.ReserveService -- Moving queue forward
15:30:54.003 [main] INFO com.group16b.ApplicationLayer.ReserveService -- check if user passed queue
15:30:54.003 [main] INFO com.group16b.ApplicationLayer.ReserveService -- ApplicationLayer.ReserveService.reserveSeats: {} is passed the queue
15:30:54.003 [main] INFO com.group16b.ApplicationLayer.ReserveService -- ApplicationLayer.ReserveService.reserveSeats: Seats reserved seccessfully for 42
15:30:54.003 [main] ERROR com.group16b.ApplicationLayer.ReserveService -- No purchase policy found for event 1
15:30:54.003 [main] ERROR com.group16b.ApplicationLayer.ReserveService -- ApplicationLayer.ReserveService.reserveSeats: Failed to reserve seats for user: No purchase policy found for this event
]]></system-out>
  </testcase>
  <testcase name="reserveSeats_validRequest_createsOrderSuccessfully" classname="com.group16b.ApplicationLayer.ReservationServiceTests" time="0.002">
    <system-out><![CDATA[15:30:54.004 [main] INFO com.group16b.ApplicationLayer.ReserveService -- Verifying session token for reservation.
15:30:54.004 [main] INFO com.group16b.ApplicationLayer.ReserveService -- Session token verified successfully.
15:30:54.004 [main] INFO com.group16b.ApplicationLayer.ReserveService -- ApplicationLayer.ReserveService.reserveSeats: Attempting to reserve seats for 42
15:30:54.004 [main] INFO com.group16b.ApplicationLayer.ReserveService -- Checking event is active
15:30:54.004 [main] INFO com.group16b.ApplicationLayer.ReserveService -- ApplicationLayer.ReserveService.reserveSeats: Validating lottery for 42
15:30:54.004 [main] INFO com.group16b.ApplicationLayer.ReserveService -- Moving queue forward
15:30:54.004 [main] INFO com.group16b.ApplicationLayer.ReserveService -- check if user passed queue
15:30:54.004 [main] INFO com.group16b.ApplicationLayer.ReserveService -- ApplicationLayer.ReserveService.reserveSeats: {} is passed the queue
15:30:54.004 [main] INFO com.group16b.ApplicationLayer.ReserveService -- ApplicationLayer.ReserveService.reserveSeats: Seats reserved seccessfully for 42
15:30:54.004 [main] INFO com.group16b.ApplicationLayer.ReserveService -- ApplicationLayer.ReserveService.reserveSeats: Active order order_51 created successfully for user 42
]]></system-out>
  </testcase>
  <testcase name="reserveSeats_eventHasLotteryPolicy_returnsFail" classname="com.group16b.ApplicationLayer.ReservationServiceTests" time="0.017">
    <system-out><![CDATA[15:30:54.021 [main] INFO com.group16b.ApplicationLayer.ReserveService -- Verifying session token for reservation.
15:30:54.021 [main] INFO com.group16b.ApplicationLayer.ReserveService -- Session token verified successfully.
15:30:54.021 [main] INFO com.group16b.ApplicationLayer.ReserveService -- ApplicationLayer.ReserveService.reserveSeats: Attempting to reserve seats for 42
15:30:54.021 [main] INFO com.group16b.ApplicationLayer.ReserveService -- Checking event is active
15:30:54.021 [main] INFO com.group16b.ApplicationLayer.ReserveService -- ApplicationLayer.ReserveService.reserveSeats: Validating lottery for 42
15:30:54.021 [main] ERROR com.group16b.ApplicationLayer.ReserveService -- ApplicationLayer.ReserveService.reserveSeats: {} did not provide lottery keypass
]]></system-out>
  </testcase>
  <testcase name="reserveSeats_userDidNotPassQueue_returnsFail" classname="com.group16b.ApplicationLayer.ReservationServiceTests" time="0.013">
    <system-out><![CDATA[15:30:54.034 [main] INFO com.group16b.ApplicationLayer.ReserveService -- Verifying session token for reservation.
15:30:54.034 [main] INFO com.group16b.ApplicationLayer.ReserveService -- Session token verified successfully.
15:30:54.034 [main] INFO com.group16b.ApplicationLayer.ReserveService -- ApplicationLayer.ReserveService.reserveSeats: Attempting to reserve seats for 42
15:30:54.034 [main] INFO com.group16b.ApplicationLayer.ReserveService -- Checking event is active
15:30:54.034 [main] INFO com.group16b.ApplicationLayer.ReserveService -- ApplicationLayer.ReserveService.reserveSeats: Validating lottery for 42
15:30:54.034 [main] INFO com.group16b.ApplicationLayer.ReserveService -- Moving queue forward
15:30:54.034 [main] INFO com.group16b.ApplicationLayer.ReserveService -- check if user passed queue
15:30:54.034 [main] ERROR com.group16b.ApplicationLayer.ReserveService -- User did not pass the queue
]]></system-out>
  </testcase>
  <testcase name="reserveFieldSeats_adminToken_returnsFail" classname="com.group16b.ApplicationLayer.ReservationServiceTests" time="0.001">
    <system-out><![CDATA[15:30:54.035 [main] INFO com.group16b.ApplicationLayer.ReserveService -- Verifying session token for reservation.
15:30:54.035 [main] WARN com.group16b.ApplicationLayer.ReserveService -- Invalid session token provided for reservation.
]]></system-out>
  </testcase>
  <testcase name="reserveFieldSeats_validRequest_createsOrderSuccessfully" classname="com.group16b.ApplicationLayer.ReservationServiceTests" time="0.002">
    <system-out><![CDATA[15:30:54.036 [main] INFO com.group16b.ApplicationLayer.ReserveService -- Verifying session token for reservation.
15:30:54.036 [main] INFO com.group16b.ApplicationLayer.ReserveService -- Session token verified successfully.
15:30:54.036 [main] INFO com.group16b.ApplicationLayer.ReserveService -- ApplicationLayer.ReserveService.reserveSeats: Attempting to reserve seats for 42
15:30:54.036 [main] INFO com.group16b.ApplicationLayer.ReserveService -- Checking event is active
15:30:54.036 [main] INFO com.group16b.ApplicationLayer.ReserveService -- ApplicationLayer.ReserveService.reserveFieldSeats: Validating lottery for 42
15:30:54.036 [main] INFO com.group16b.ApplicationLayer.ReserveService -- Moving queue forward
15:30:54.036 [main] INFO com.group16b.ApplicationLayer.ReserveService -- check if user passed queue
15:30:54.036 [main] INFO com.group16b.ApplicationLayer.ReserveService -- ApplicationLayer.ReserveService.reserveFieldSeats: 42 is passed the queue
15:30:54.037 [main] INFO com.group16b.ApplicationLayer.ReserveService -- ApplicationLayer.ReserveService.reserveFieldSeats: Seats reserved successfully for 42
15:30:54.037 [main] INFO com.group16b.ApplicationLayer.ReserveService -- ApplicationLayer.ReserveService.reserveFieldSeats: Active order order_52 created successfully for 42
]]></system-out>
  </testcase>
  <testcase name="reserveFieldSeats_eventHasLotteryPolicy_returnsFail" classname="com.group16b.ApplicationLayer.ReservationServiceTests" time="0.001">
    <system-out><![CDATA[15:30:54.039 [main] INFO com.group16b.ApplicationLayer.ReserveService -- Verifying session token for reservation.
15:30:54.039 [main] INFO com.group16b.ApplicationLayer.ReserveService -- Session token verified successfully.
15:30:54.039 [main] INFO com.group16b.ApplicationLayer.ReserveService -- ApplicationLayer.ReserveService.reserveSeats: Attempting to reserve seats for 42
15:30:54.039 [main] INFO com.group16b.ApplicationLayer.ReserveService -- Checking event is active
15:30:54.039 [main] INFO com.group16b.ApplicationLayer.ReserveService -- ApplicationLayer.ReserveService.reserveFieldSeats: Validating lottery for 42
15:30:54.039 [main] ERROR com.group16b.ApplicationLayer.ReserveService -- ApplicationLayer.ReserveService.reserveFieldSeats: 42 did not provide lottery keypass
]]></system-out>
  </testcase>
  <testcase name="reserveFieldSeats_invalidAmount_returnsFail" classname="com.group16b.ApplicationLayer.ReservationServiceTests" time="0.001">
    <system-out><![CDATA[15:30:54.039 [main] INFO com.group16b.ApplicationLayer.ReserveService -- Verifying session token for reservation.
15:30:54.040 [main] INFO com.group16b.ApplicationLayer.ReserveService -- Session token verified successfully.
15:30:54.040 [main] INFO com.group16b.ApplicationLayer.ReserveService -- ApplicationLayer.ReserveService.reserveSeats: Attempting to reserve seats for 42
15:30:54.040 [main] INFO com.group16b.ApplicationLayer.ReserveService -- Checking event is active
15:30:54.040 [main] INFO com.group16b.ApplicationLayer.ReserveService -- ApplicationLayer.ReserveService.reserveFieldSeats: Validating lottery for 42
15:30:54.040 [main] INFO com.group16b.ApplicationLayer.ReserveService -- Moving queue forward
15:30:54.040 [main] INFO com.group16b.ApplicationLayer.ReserveService -- check if user passed queue
15:30:54.040 [main] INFO com.group16b.ApplicationLayer.ReserveService -- ApplicationLayer.ReserveService.reserveFieldSeats: 42 is passed the queue
15:30:54.040 [main] ERROR com.group16b.ApplicationLayer.ReserveService -- ApplicationLayer.ReserveService.reserveFieldSeats: An unexpected error occurred while reserving seats for user: Cannot invoke "com.group16b.DomainLayer.Venue.Venue.reserveTickets(String, int, int)" because "venue" is null
]]></system-out>
  </testcase>
  <testcase name="reserveSeats_adminToken_returnsFail" classname="com.group16b.ApplicationLayer.ReservationServiceTests" time="0.001">
    <system-out><![CDATA[15:30:54.040 [main] INFO com.group16b.ApplicationLayer.ReserveService -- Verifying session token for reservation.
15:30:54.041 [main] WARN com.group16b.ApplicationLayer.ReserveService -- Invalid session token provided for reservation.
]]></system-out>
  </testcase>
  <testcase name="reserveSeats_invalidToken_returnsFail" classname="com.group16b.ApplicationLayer.ReservationServiceTests" time="0.001">
    <system-out><![CDATA[15:30:54.041 [main] INFO com.group16b.ApplicationLayer.ReserveService -- Verifying session token for reservation.
15:30:54.041 [main] WARN com.group16b.ApplicationLayer.ReserveService -- Invalid session token provided for reservation.
]]></system-out>
  </testcase>
</testsuite>