<?xml version="1.0" encoding="UTF-8"?>
<testsuite xmlns:xsi="http://www.w3.org/2001/XMLSchema-instance" xsi:noNamespaceSchemaLocation="https://maven.apache.org/surefire/maven-surefire-plugin/xsd/surefire-test-report-3.0.xsd" version="3.0" name="com.group16b.ApplicationLayer.EventServiceTests" time="0.037" tests="52" errors="0" skipped="0" failures="0">
  <properties>
[...]
</properties>
  <testcase name="SearchEvents_InvalidParameterEndTime_Failure" classname="com.group16b.ApplicationLayer.EventServiceTests" time="0.0">
    <system-out><![CDATA[15:30:53.839 [main] INFO com.group16b.ApplicationLayer.EventService -- EventService.searchEvents: Attempting to search events with parameters: {endTime=[not_a_date]}
15:30:53.839 [main] ERROR com.group16b.ApplicationLayer.EventService -- EventService.searchEvents: Invalid search parameters: Invalid type for parameter 'endTime'. Expected: LocalDateTime
]]></system-out>
  </testcase>
  <testcase name="CreateEvent_VenueIsUnavailable_Failure" classname="com.group16b.ApplicationLayer.EventServiceTests" time="0.001">
    <system-out><![CDATA[15:30:53.840 [main] INFO com.group16b.ApplicationLayer.EventService -- EventService.createEvent: Session token verified successfully.
15:30:53.840 [main] INFO com.group16b.ApplicationLayer.EventService -- EventService.createEvent: retrieving production company for event creation
15:30:53.840 [main] INFO com.group16b.ApplicationLayer.EventService -- EventService.createEvent: Validating user permissions for event creation.
15:30:53.840 [main] INFO com.group16b.ApplicationLayer.EventService -- EventService.createEvent: User permissions validated successfully.
15:30:53.840 [main] INFO com.group16b.ApplicationLayer.EventService -- EventService.createEvent: Attempting to create event: event2
15:30:53.840 [main] INFO com.group16b.ApplicationLayer.EventService -- EventService.createEvent: Creating queue for the new event
15:30:53.840 [main] INFO com.group16b.ApplicationLayer.EventService -- EventService.createEvent: Verifying venue availability.
15:30:53.840 [main] ERROR com.group16b.ApplicationLayer.EventService -- EventService.createEvent: Failed to create event: Venue is already booked during this time frame! Conflicts with an existing event.
]]></system-out>
  </testcase>
  <testcase name="DeactivateEvent_Success" classname="com.group16b.ApplicationLayer.EventServiceTests" time="0.0">
    <system-out><![CDATA[15:30:53.840 [main] INFO com.group16b.ApplicationLayer.EventService -- EventService.deactivateEvent: Session token verified successfully.
15:30:53.840 [main] INFO com.group16b.ApplicationLayer.EventService -- EventService.deactivateEvent: retrieving event for deactivation
15:30:53.840 [main] INFO com.group16b.ApplicationLayer.EventService -- EventService.deactivateEvent: retrieving production company for event deactivation
15:30:53.840 [main] INFO com.group16b.ApplicationLayer.EventService -- EventService.deactivateEvent: Validating user permissions for event deactivation.
15:30:53.840 [main] INFO com.group16b.ApplicationLayer.EventService -- EventService.deactivateEvent: User permissions validated successfully.
15:30:53.840 [main] INFO com.group16b.ApplicationLayer.EventService -- EventService.deactivateEvent: Attempting to deactivate event: event1
15:30:53.840 [main] INFO com.group16b.ApplicationLayer.EventService -- EventService.deactivateEvent: Event deactivated successfully with ID: 19
]]></system-out>
  </testcase>
  <testcase name="SearchEvents_InvalidParameterOnlyStartTime_Failure" classname="com.group16b.ApplicationLayer.EventServiceTests" time="0.001">
    <system-out><![CDATA[15:30:53.840 [main] INFO com.group16b.ApplicationLayer.EventService -- EventService.editEvent: Session token verified successfully.
15:30:53.841 [main] INFO com.group16b.ApplicationLayer.EventService -- EventService.editEvent: retrieving event for edition
15:30:53.841 [main] INFO com.group16b.ApplicationLayer.EventService -- EventService.editEvent: retrieving production company for event edition
15:30:53.841 [main] INFO com.group16b.ApplicationLayer.EventService -- EventService.editEvent: Validating user permissions for event edition.
15:30:53.841 [main] INFO com.group16b.ApplicationLayer.EventService -- EventService.editEvent: User permissions validated successfully.
15:30:53.841 [main] INFO com.group16b.ApplicationLayer.EventService -- EventService.editEvent: Attempting to edit event with ID: 19
]]></system-out>
  </testcase>
  <testcase name="ActivateEvent_UserIsNotAuthenticated_Failure" classname="com.group16b.ApplicationLayer.EventServiceTests" time="0.0">
    <system-out><![CDATA[15:30:53.841 [main] ERROR com.group16b.ApplicationLayer.EventService -- EventService.activateEvent: Invalid session token. Invalid session token.
]]></system-out>
  </testcase>
  <testcase name="SearchEvents_InvalidParameterEventRatingMoreThanOne_Failure" classname="com.group16b.ApplicationLayer.EventServiceTests" time="0.0">
    <system-out><![CDATA[15:30:53.841 [main] INFO com.group16b.ApplicationLayer.EventService -- EventService.searchEvents: Attempting to search events with parameters: {eventRating=[123.45, 67.89]}
15:30:53.841 [main] ERROR com.group16b.ApplicationLayer.EventService -- EventService.searchEvents: Invalid search parameters: Event rating filter must have exactly one value.
]]></system-out>
  </testcase>
  <testcase name="CreateEvent_Success" classname="com.group16b.ApplicationLayer.EventServiceTests" time="0.002">
    <system-out><![CDATA[15:30:53.843 [main] INFO com.group16b.ApplicationLayer.EventService -- EventService.createEvent: Session token verified successfully.
15:30:53.843 [main] INFO com.group16b.ApplicationLayer.EventService -- EventService.createEvent: retrieving production company for event creation
15:30:53.843 [main] INFO com.group16b.ApplicationLayer.EventService -- EventService.createEvent: Validating user permissions for event creation.
15:30:53.843 [main] INFO com.group16b.ApplicationLayer.EventService -- EventService.createEvent: User permissions validated successfully.
15:30:53.843 [main] INFO com.group16b.ApplicationLayer.EventService -- EventService.createEvent: Attempting to create event: event2
15:30:53.843 [main] INFO com.group16b.ApplicationLayer.EventService -- EventService.createEvent: Creating queue for the new event
15:30:53.843 [main] INFO com.group16b.ApplicationLayer.EventService -- EventService.createEvent: Verifying venue availability.
15:30:53.843 [main] INFO com.group16b.ApplicationLayer.EventService -- EventService.createEvent: Event created successfully with ID: 22
]]></system-out>
  </testcase>
  <testcase name="CreateEvent_InvalidRating_Failure" classname="com.group16b.ApplicationLayer.EventServiceTests" time="0.001">
    <system-out><![CDATA[15:30:53.843 [main] INFO com.group16b.ApplicationLayer.EventService -- EventService.createEvent: Session token verified successfully.
15:30:53.843 [main] INFO com.group16b.ApplicationLayer.EventService -- EventService.createEvent: retrieving production company for event creation
15:30:53.843 [main] INFO com.group16b.ApplicationLayer.EventService -- EventService.createEvent: Validating user permissions for event creation.
15:30:53.844 [main] INFO com.group16b.ApplicationLayer.EventService -- EventService.createEvent: User permissions validated successfully.
15:30:53.844 [main] INFO com.group16b.ApplicationLayer.EventService -- EventService.createEvent: Attempting to create event: event2
15:30:53.844 [main] ERROR com.group16b.ApplicationLayer.EventService -- EventService.createEvent: Failed to create event: Event rating must be between 0 and 5.
15:30:53.844 [main] INFO com.group16b.ApplicationLayer.EventService -- EventService.createEvent: Session token verified successfully.
15:30:53.844 [main] INFO com.group16b.ApplicationLayer.EventService -- EventService.createEvent: retrieving production company for event creation
15:30:53.844 [main] INFO com.group16b.ApplicationLayer.EventService -- EventService.createEvent: Validating user permissions for event creation.
15:30:53.844 [main] INFO com.group16b.ApplicationLayer.EventService -- EventService.createEvent: User permissions validated successfully.
15:30:53.844 [main] INFO com.group16b.ApplicationLayer.EventService -- EventService.createEvent: Attempting to create event: event2
15:30:53.844 [main] ERROR com.group16b.ApplicationLayer.EventService -- EventService.createEvent: Failed to create event: Event rating must be between 0 and 5.
]]></system-out>
  </testcase>
  <testcase name="EditEvents_InvalidParameterName_Failure" classname="com.group16b.ApplicationLayer.EventServiceTests" time="0.0">
    <system-out><![CDATA[15:30:53.844 [main] INFO com.group16b.ApplicationLayer.EventService -- EventService.editEvent: Session token verified successfully.
15:30:53.844 [main] INFO com.group16b.ApplicationLayer.EventService -- EventService.editEvent: retrieving event for edition
15:30:53.844 [main] INFO com.group16b.ApplicationLayer.EventService -- EventService.editEvent: retrieving production company for event edition
15:30:53.844 [main] INFO com.group16b.ApplicationLayer.EventService -- EventService.editEvent: Validating user permissions for event edition.
15:30:53.844 [main] INFO com.group16b.ApplicationLayer.EventService -- EventService.editEvent: User permissions validated successfully.
15:30:53.844 [main] INFO com.group16b.ApplicationLayer.EventService -- EventService.editEvent: Attempting to edit event with ID: 19
15:30:53.844 [main] ERROR com.group16b.ApplicationLayer.EventService -- EventService.editEvent: Invalid type for parameter 'name'. Expected: String
]]></system-out>
  </testcase>
  <testcase name="SearchEvents_InvalidParameterMinPrice_Failure" classname="com.group16b.ApplicationLayer.EventServiceTests" time="0.0">
    <system-out><![CDATA[15:30:53.845 [main] INFO com.group16b.ApplicationLayer.EventService -- EventService.searchEvents: Attempting to search events with parameters: {minPrice=[not_a_number]}
15:30:53.845 [main] ERROR com.group16b.ApplicationLayer.EventService -- EventService.searchEvents: Invalid search parameters: Invalid type for parameter 'minPrice'. Expected: Double
]]></system-out>
  </testcase>
  <testcase name="CreateEvent_UserIsNotOwner_Failure" classname="com.group16b.ApplicationLayer.EventServiceTests" time="0.0">
    <system-out><![CDATA[15:30:53.845 [main] INFO com.group16b.ApplicationLayer.EventService -- EventService.createEvent: Session token verified successfully.
15:30:53.845 [main] INFO com.group16b.ApplicationLayer.EventService -- EventService.createEvent: retrieving production company for event creation
15:30:53.845 [main] INFO com.group16b.ApplicationLayer.EventService -- EventService.createEvent: Validating user permissions for event creation.
15:30:53.845 [main] ERROR com.group16b.ApplicationLayer.EventService -- EventService.createEvent: Failed to create event: User does not have a role for this company.
]]></system-out>
  </testcase>
  <testcase name="SearchEvents_InvalidParameterMaxPrice_Failure" classname="com.group16b.ApplicationLayer.EventServiceTests" time="0.0">
    <system-out><![CDATA[15:30:53.846 [main] INFO com.group16b.ApplicationLayer.EventService -- EventService.searchEvents: Attempting to search events with parameters: {maxPrice=[not_a_number]}
15:30:53.846 [main] ERROR com.group16b.ApplicationLayer.EventService -- EventService.searchEvents: Invalid search parameters: Invalid type for parameter 'maxPrice'. Expected: Double
]]></system-out>
  </testcase>
  <testcase name="SearchEvents_InvalidParameterMinPriceMoreThanOne_Failure" classname="com.group16b.ApplicationLayer.EventServiceTests" time="0.0">
    <system-out><![CDATA[15:30:53.846 [main] INFO com.group16b.ApplicationLayer.EventService -- EventService.searchEvents: Attempting to search events with parameters: {minPrice=[123.45, 67.89]}
15:30:53.846 [main] ERROR com.group16b.ApplicationLayer.EventService -- EventService.searchEvents: Invalid search parameters: Min price filter must have exactly one value.
]]></system-out>
  </testcase>
  <testcase name="SearchEvents_InvalidParameterLocation_Failure" classname="com.group16b.ApplicationLayer.EventServiceTests" time="0.0">
    <system-out><![CDATA[15:30:53.846 [main] INFO com.group16b.ApplicationLayer.EventService -- EventService.searchEvents: Attempting to search events with parameters: {location=[123]}
15:30:53.846 [main] ERROR com.group16b.ApplicationLayer.EventService -- EventService.searchEvents: Invalid search parameters: Invalid type for parameter 'location'. Expected: String
]]></system-out>
  </testcase>
  <testcase name="EditEvents_InvalidParameterEndTime_Failure" classname="com.group16b.ApplicationLayer.EventServiceTests" time="0.001">
    <system-out><![CDATA[15:30:53.846 [main] INFO com.group16b.ApplicationLayer.EventService -- EventService.editEvent: Session token verified successfully.
15:30:53.847 [main] INFO com.group16b.ApplicationLayer.EventService -- EventService.editEvent: retrieving event for edition
15:30:53.847 [main] INFO com.group16b.ApplicationLayer.EventService -- EventService.editEvent: retrieving production company for event edition
15:30:53.847 [main] INFO com.group16b.ApplicationLayer.EventService -- EventService.editEvent: Validating user permissions for event edition.
15:30:53.847 [main] INFO com.group16b.ApplicationLayer.EventService -- EventService.editEvent: User permissions validated successfully.
15:30:53.847 [main] INFO com.group16b.ApplicationLayer.EventService -- EventService.editEvent: Attempting to edit event with ID: 19
15:30:53.847 [main] ERROR com.group16b.ApplicationLayer.EventService -- EventService.editEvent: Invalid type for parameter 'endTime'. Expected: LocalDateTime
]]></system-out>
  </testcase>
  <testcase name="CreateEvent_InvalidArtist_Failure" classname="com.group16b.ApplicationLayer.EventServiceTests" time="0.001">
    <system-out><![CDATA[15:30:53.847 [main] INFO com.group16b.ApplicationLayer.EventService -- EventService.createEvent: Session token verified successfully.
15:30:53.847 [main] INFO com.group16b.ApplicationLayer.EventService -- EventService.createEvent: retrieving production company for event creation
15:30:53.847 [main] INFO com.group16b.ApplicationLayer.EventService -- EventService.createEvent: Validating user permissions for event creation.
15:30:53.847 [main] INFO com.group16b.ApplicationLayer.EventService -- EventService.createEvent: User permissions validated successfully.
15:30:53.847 [main] INFO com.group16b.ApplicationLayer.EventService -- EventService.createEvent: Attempting to create event: event2
15:30:53.847 [main] ERROR com.group16b.ApplicationLayer.EventService -- EventService.createEvent: Failed to create event: Event artist cannot be null or empty.
15:30:53.847 [main] INFO com.group16b.ApplicationLayer.EventService -- EventService.createEvent: Session token verified successfully.
15:30:53.847 [main] INFO com.group16b.ApplicationLayer.EventService -- EventService.createEvent: retrieving production company for event creation
15:30:53.847 [main] INFO com.group16b.ApplicationLayer.EventService -- EventService.createEvent: Validating user permissions for event creation.
15:30:53.847 [main] INFO com.group16b.ApplicationLayer.EventService -- EventService.createEvent: User permissions validated successfully.
15:30:53.848 [main] INFO com.group16b.ApplicationLayer.EventService -- EventService.createEvent: Attempting to create event: event2
15:30:53.848 [main] ERROR com.group16b.ApplicationLayer.EventService -- EventService.createEvent: Failed to create event: Event artist cannot be null or empty.
]]></system-out>
  </testcase>
  <testcase name="SearchEvents_InvalidParameterMaxPriceMoreThanOne_Failure" classname="com.group16b.ApplicationLayer.EventServiceTests" time="0.0">
    <system-out><![CDATA[15:30:53.848 [main] INFO com.group16b.ApplicationLayer.EventService -- EventService.searchEvents: Attempting to search events with parameters: {maxPrice=[123.45, 67.89]}
15:30:53.848 [main] ERROR com.group16b.ApplicationLayer.EventService -- EventService.searchEvents: Invalid search parameters: Max price filter must have exactly one value.
]]></system-out>
  </testcase>
  <testcase name="EditEvents_InvalidParameterEventRating_Failure" classname="com.group16b.ApplicationLayer.EventServiceTests" time="0.0">
    <system-out><![CDATA[15:30:53.848 [main] INFO com.group16b.ApplicationLayer.EventService -- EventService.editEvent: Session token verified successfully.
15:30:53.848 [main] INFO com.group16b.ApplicationLayer.EventService -- EventService.editEvent: retrieving event for edition
15:30:53.848 [main] INFO com.group16b.ApplicationLayer.EventService -- EventService.editEvent: retrieving production company for event edition
15:30:53.848 [main] INFO com.group16b.ApplicationLayer.EventService -- EventService.editEvent: Validating user permissions for event edition.
15:30:53.848 [main] INFO com.group16b.ApplicationLayer.EventService -- EventService.editEvent: User permissions validated successfully.
15:30:53.848 [main] INFO com.group16b.ApplicationLayer.EventService -- EventService.editEvent: Attempting to edit event with ID: 19
15:30:53.848 [main] ERROR com.group16b.ApplicationLayer.EventService -- EventService.editEvent: Invalid type for parameter 'eventRating'. Expected: Double
]]></system-out>
  </testcase>
  <testcase name="SearchEvents_InvalidParameterPCRating_Failure" classname="com.group16b.ApplicationLayer.EventServiceTests" time="0.0">
    <system-out><![CDATA[15:30:53.849 [main] INFO com.group16b.ApplicationLayer.EventService -- EventService.searchEvents: Attempting to search events with parameters: {productionCompanyRating=[not_a_double]}
15:30:53.849 [main] ERROR com.group16b.ApplicationLayer.EventService -- EventService.searchEvents: Invalid search parameters: Invalid type for parameter 'productionCompanyRating'. Expected: Double
]]></system-out>
  </testcase>
  <testcase name="EditEvents_InvalidParameterCategory_Failure" classname="com.group16b.ApplicationLayer.EventServiceTests" time="0.0">
    <system-out><![CDATA[15:30:53.849 [main] INFO com.group16b.ApplicationLayer.EventService -- EventService.editEvent: Session token verified successfully.
15:30:53.849 [main] INFO com.group16b.ApplicationLayer.EventService -- EventService.editEvent: retrieving event for edition
15:30:53.849 [main] INFO com.group16b.ApplicationLayer.EventService -- EventService.editEvent: retrieving production company for event edition
15:30:53.849 [main] INFO com.group16b.ApplicationLayer.EventService -- EventService.editEvent: Validating user permissions for event edition.
15:30:53.849 [main] INFO com.group16b.ApplicationLayer.EventService -- EventService.editEvent: User permissions validated successfully.
15:30:53.849 [main] INFO com.group16b.ApplicationLayer.EventService -- EventService.editEvent: Attempting to edit event with ID: 19
15:30:53.849 [main] ERROR com.group16b.ApplicationLayer.EventService -- EventService.editEvent: Invalid type for parameter 'category'. Expected: String
]]></system-out>
  </testcase>
  <testcase name="ReceiveEventInfo_Success" classname="com.group16b.ApplicationLayer.EventServiceTests" time="0.0">
    <system-out><![CDATA[15:30:53.849 [main] INFO com.group16b.ApplicationLayer.EventService -- EventService.viewEvent: Attempting to retrieve event with ID: 19
15:30:53.849 [main] INFO com.group16b.ApplicationLayer.EventService -- EventService.viewEvent: Event retrieved successfully with ID: 19
]]></system-out>
  </testcase>
  <testcase name="SearchEvents_InvalidParameterEndTimeMoreThanOne_Failure" classname="com.group16b.ApplicationLayer.EventServiceTests" time="0.001">
    <system-out><![CDATA[15:30:53.850 [main] INFO com.group16b.ApplicationLayer.EventService -- EventService.searchEvents: Attempting to search events with parameters: {endTime=[2026-05-20T15:30:53.849982, 2026-05-21T15:30:53.849982]}
15:30:53.850 [main] ERROR com.group16b.ApplicationLayer.EventService -- EventService.searchEvents: Invalid search parameters: End time filter must have exactly one value.
]]></system-out>
  </testcase>
  <testcase name="CreateEvent_InvalidName_Failure" classname="com.group16b.ApplicationLayer.EventServiceTests" time="0.0">
    <system-out><![CDATA[15:30:53.850 [main] INFO com.group16b.ApplicationLayer.EventService -- EventService.createEvent: Session token verified successfully.
15:30:53.850 [main] INFO com.group16b.ApplicationLayer.EventService -- EventService.createEvent: retrieving production company for event creation
15:30:53.850 [main] INFO com.group16b.ApplicationLayer.EventService -- EventService.createEvent: Validating user permissions for event creation.
15:30:53.850 [main] INFO com.group16b.ApplicationLayer.EventService -- EventService.createEvent: User permissions validated successfully.
15:30:53.850 [main] INFO com.group16b.ApplicationLayer.EventService -- EventService.createEvent: Attempting to create event: 
15:30:53.850 [main] ERROR com.group16b.ApplicationLayer.EventService -- EventService.createEvent: Failed to create event: Event name cannot be null or empty.
15:30:53.850 [main] INFO com.group16b.ApplicationLayer.EventService -- EventService.createEvent: Session token verified successfully.
15:30:53.850 [main] INFO com.group16b.ApplicationLayer.EventService -- EventService.createEvent: retrieving production company for event creation
15:30:53.850 [main] INFO com.group16b.ApplicationLayer.EventService -- EventService.createEvent: Validating user permissions for event creation.
15:30:53.850 [main] INFO com.group16b.ApplicationLayer.EventService -- EventService.createEvent: User permissions validated successfully.
15:30:53.850 [main] INFO com.group16b.ApplicationLayer.EventService -- EventService.createEvent: Attempting to create event: null
15:30:53.850 [main] ERROR com.group16b.ApplicationLayer.EventService -- EventService.createEvent: Failed to create event: Event name cannot be null or empty.
]]></system-out>
  </testcase>
  <testcase name="SearchEvents_InvalidParameterKeyword_Failure" classname="com.group16b.ApplicationLayer.EventServiceTests" time="0.0">
    <system-out><![CDATA[15:30:53.850 [main] INFO com.group16b.ApplicationLayer.EventService -- EventService.searchEvents: Attempting to search events with parameters: {keyword=[123]}
15:30:53.850 [main] ERROR com.group16b.ApplicationLayer.EventService -- EventService.searchEvents: Invalid search parameters: Invalid type for parameter 'keyword'. Expected: String
]]></system-out>
  </testcase>
  <testcase name="DeactivateEvent_EventNotFound_Failure" classname="com.group16b.ApplicationLayer.EventServiceTests" time="0.0">
    <system-out><![CDATA[15:30:53.851 [main] INFO com.group16b.ApplicationLayer.EventService -- EventService.deactivateEvent: Session token verified successfully.
15:30:53.851 [main] INFO com.group16b.ApplicationLayer.EventService -- EventService.deactivateEvent: retrieving event for deactivation
15:30:53.851 [main] ERROR com.group16b.ApplicationLayer.EventService -- EventService.deactivateEvent: Failed to find event: Event with ID 500 not found
]]></system-out>
  </testcase>
  <testcase name="EditEvents_InvalidParameterStartTime_Failure" classname="com.group16b.ApplicationLayer.EventServiceTests" time="0.0">
    <system-out><![CDATA[15:30:53.851 [main] INFO com.group16b.ApplicationLayer.EventService -- EventService.editEvent: Session token verified successfully.
15:30:53.851 [main] INFO com.group16b.ApplicationLayer.EventService -- EventService.editEvent: retrieving event for edition
15:30:53.851 [main] INFO com.group16b.ApplicationLayer.EventService -- EventService.editEvent: retrieving production company for event edition
15:30:53.851 [main] INFO com.group16b.ApplicationLayer.EventService -- EventService.editEvent: Validating user permissions for event edition.
15:30:53.851 [main] INFO com.group16b.ApplicationLayer.EventService -- EventService.editEvent: User permissions validated successfully.
15:30:53.851 [main] INFO com.group16b.ApplicationLayer.EventService -- EventService.editEvent: Attempting to edit event with ID: 19
15:30:53.851 [main] ERROR com.group16b.ApplicationLayer.EventService -- EventService.editEvent: Invalid type for parameter 'startTime'. Expected: LocalDateTime
]]></system-out>
  </testcase>
  <testcase name="SearchEvents_Success" classname="com.group16b.ApplicationLayer.EventServiceTests" time="0.001">
    <system-out><![CDATA[15:30:53.852 [main] INFO com.group16b.ApplicationLayer.EventService -- EventService.searchEvents: Attempting to search events with parameters: {name=[empty]}
15:30:53.852 [main] INFO com.group16b.ApplicationLayer.EventService -- EventService.searchEvents: Event search completed successfully. Found 0 events.
]]></system-out>
  </testcase>
  <testcase name="SearchEvents_InvalidParameterCategory_Failure" classname="com.group16b.ApplicationLayer.EventServiceTests" time="0.0">
    <system-out><![CDATA[15:30:53.852 [main] INFO com.group16b.ApplicationLayer.EventService -- EventService.searchEvents: Attempting to search events with parameters: {category=[123]}
15:30:53.852 [main] ERROR com.group16b.ApplicationLayer.EventService -- EventService.searchEvents: Invalid search parameters: Invalid type for parameter 'category'. Expected: String
]]></system-out>
  </testcase>
  <testcase name="ReceiveEventInfo_EventNotExists_Failure" classname="com.group16b.ApplicationLayer.EventServiceTests" time="0.001">
    <system-out><![CDATA[15:30:53.852 [main] INFO com.group16b.ApplicationLayer.EventService -- EventService.viewEvent: Attempting to retrieve event with ID: 500
15:30:53.853 [main] ERROR com.group16b.ApplicationLayer.EventService -- EventService.viewEvent: Failed to find event: Event with ID 500 not found
]]></system-out>
  </testcase>
  <testcase name="SearchEvents_InvalidParameterStartTimeMoreThanOne_Failure" classname="com.group16b.ApplicationLayer.EventServiceTests" time="0.0">
    <system-out><![CDATA[15:30:53.853 [main] INFO com.group16b.ApplicationLayer.EventService -- EventService.searchEvents: Attempting to search events with parameters: {startTime=[2026-05-20T15:30:53.853200, 2026-05-21T15:30:53.853200]}
15:30:53.853 [main] ERROR com.group16b.ApplicationLayer.EventService -- EventService.searchEvents: Invalid search parameters: Start time filter must have exactly one value.
]]></system-out>
  </testcase>
  <testcase name="ActivateEvent_EventNotFound_Failure" classname="com.group16b.ApplicationLayer.EventServiceTests" time="0.0">
    <system-out><![CDATA[15:30:53.853 [main] INFO com.group16b.ApplicationLayer.EventService -- EventService.activateEvent: Session token verified successfully.
15:30:53.853 [main] INFO com.group16b.ApplicationLayer.EventService -- EventService.activateEvent: retrieving event for activation
15:30:53.853 [main] ERROR com.group16b.ApplicationLayer.EventService -- EventService.activateEvent: Failed to find event: Event with ID 500 not found
]]></system-out>
  </testcase>
  <testcase name="SearchEvents_InvalidParameterName_Failure" classname="com.group16b.ApplicationLayer.EventServiceTests" time="0.001">
    <system-out><![CDATA[15:30:53.854 [main] INFO com.group16b.ApplicationLayer.EventService -- EventService.searchEvents: Attempting to search events with parameters: {name=[123]}
15:30:53.854 [main] ERROR com.group16b.ApplicationLayer.EventService -- EventService.searchEvents: Invalid search parameters: Invalid type for parameter 'name'. Expected: String
]]></system-out>
  </testcase>
  <testcase name="SearchEvents_InvalidParameterOnlyEndTime_Failure" classname="com.group16b.ApplicationLayer.EventServiceTests" time="0.0">
    <system-out><![CDATA[15:30:53.854 [main] INFO com.group16b.ApplicationLayer.EventService -- EventService.editEvent: Session token verified successfully.
15:30:53.854 [main] INFO com.group16b.ApplicationLayer.EventService -- EventService.editEvent: retrieving event for edition
15:30:53.854 [main] INFO com.group16b.ApplicationLayer.EventService -- EventService.editEvent: retrieving production company for event edition
15:30:53.854 [main] INFO com.group16b.ApplicationLayer.EventService -- EventService.editEvent: Validating user permissions for event edition.
15:30:53.854 [main] INFO com.group16b.ApplicationLayer.EventService -- EventService.editEvent: User permissions validated successfully.
15:30:53.854 [main] INFO com.group16b.ApplicationLayer.EventService -- EventService.editEvent: Attempting to edit event with ID: 19
]]></system-out>
  </testcase>
  <testcase name="EditEvents_InvalidParameterArtist_Failure" classname="com.group16b.ApplicationLayer.EventServiceTests" time="0.001">
    <system-out><![CDATA[15:30:53.854 [main] INFO com.group16b.ApplicationLayer.EventService -- EventService.editEvent: Session token verified successfully.
15:30:53.854 [main] INFO com.group16b.ApplicationLayer.EventService -- EventService.editEvent: retrieving event for edition
15:30:53.854 [main] INFO com.group16b.ApplicationLayer.EventService -- EventService.editEvent: retrieving production company for event edition
15:30:53.854 [main] INFO com.group16b.ApplicationLayer.EventService -- EventService.editEvent: Validating user permissions for event edition.
15:30:53.854 [main] INFO com.group16b.ApplicationLayer.EventService -- EventService.editEvent: User permissions validated successfully.
15:30:53.854 [main] INFO com.group16b.ApplicationLayer.EventService -- EventService.editEvent: Attempting to edit event with ID: 19
15:30:53.854 [main] ERROR com.group16b.ApplicationLayer.EventService -- EventService.editEvent: Invalid type for parameter 'artist'. Expected: String
]]></system-out>
  </testcase>
  <testcase name="EditEvents_InvalidParameterVenue_Failure" classname="com.group16b.ApplicationLayer.EventServiceTests" time="0.0">
    <system-out><![CDATA[15:30:53.855 [main] INFO com.group16b.ApplicationLayer.EventService -- EventService.editEvent: Session token verified successfully.
15:30:53.855 [main] INFO com.group16b.ApplicationLayer.EventService -- EventService.editEvent: retrieving event for edition
15:30:53.855 [main] INFO com.group16b.ApplicationLayer.EventService -- EventService.editEvent: retrieving production company for event edition
15:30:53.855 [main] INFO com.group16b.ApplicationLayer.EventService -- EventService.editEvent: Validating user permissions for event edition.
15:30:53.855 [main] INFO com.group16b.ApplicationLayer.EventService -- EventService.editEvent: User permissions validated successfully.
15:30:53.855 [main] INFO com.group16b.ApplicationLayer.EventService -- EventService.editEvent: Attempting to edit event with ID: 19
15:30:53.855 [main] ERROR com.group16b.ApplicationLayer.EventService -- EventService.editEvent: Invalid type for parameter 'venue'. Expected: String
]]></system-out>
  </testcase>
  <testcase name="CreateEvent_InvalidDates_Failure" classname="com.group16b.ApplicationLayer.EventServiceTests" time="0.001">
    <system-out><![CDATA[15:30:53.855 [main] INFO com.group16b.ApplicationLayer.EventService -- EventService.createEvent: Session token verified successfully.
15:30:53.855 [main] INFO com.group16b.ApplicationLayer.EventService -- EventService.createEvent: retrieving production company for event creation
15:30:53.855 [main] INFO com.group16b.ApplicationLayer.EventService -- EventService.createEvent: Validating user permissions for event creation.
15:30:53.855 [main] INFO com.group16b.ApplicationLayer.EventService -- EventService.createEvent: User permissions validated successfully.
15:30:53.855 [main] INFO com.group16b.ApplicationLayer.EventService -- EventService.createEvent: Attempting to create event: event2
15:30:53.855 [main] ERROR com.group16b.ApplicationLayer.EventService -- EventService.createEvent: Failed to create event: End time must be in the future.
15:30:53.855 [main] INFO com.group16b.ApplicationLayer.EventService -- EventService.createEvent: Session token verified successfully.
15:30:53.855 [main] INFO com.group16b.ApplicationLayer.EventService -- EventService.createEvent: retrieving production company for event creation
15:30:53.855 [main] INFO com.group16b.ApplicationLayer.EventService -- EventService.createEvent: Validating user permissions for event creation.
15:30:53.856 [main] INFO com.group16b.ApplicationLayer.EventService -- EventService.createEvent: User permissions validated successfully.
15:30:53.856 [main] INFO com.group16b.ApplicationLayer.EventService -- EventService.createEvent: Attempting to create event: event2
15:30:53.856 [main] ERROR com.group16b.ApplicationLayer.EventService -- EventService.createEvent: Failed to create event: Start time must be before end time.
15:30:53.856 [main] INFO com.group16b.ApplicationLayer.EventService -- EventService.createEvent: Session token verified successfully.
15:30:53.856 [main] INFO com.group16b.ApplicationLayer.EventService -- EventService.createEvent: retrieving production company for event creation
15:30:53.856 [main] INFO com.group16b.ApplicationLayer.EventService -- EventService.createEvent: Validating user permissions for event creation.
15:30:53.856 [main] INFO com.group16b.ApplicationLayer.EventService -- EventService.createEvent: User permissions validated successfully.
15:30:53.856 [main] INFO com.group16b.ApplicationLayer.EventService -- EventService.createEvent: Attempting to create event: event2
15:30:53.856 [main] ERROR com.group16b.ApplicationLayer.EventService -- EventService.createEvent: Failed to create event: Start time and end time cannot be null.
15:30:53.856 [main] INFO com.group16b.ApplicationLayer.EventService -- EventService.createEvent: Session token verified successfully.
15:30:53.856 [main] INFO com.group16b.ApplicationLayer.EventService -- EventService.createEvent: retrieving production company for event creation
15:30:53.856 [main] INFO com.group16b.ApplicationLayer.EventService -- EventService.createEvent: Validating user permissions for event creation.
15:30:53.856 [main] INFO com.group16b.ApplicationLayer.EventService -- EventService.createEvent: User permissions validated successfully.
15:30:53.856 [main] INFO com.group16b.ApplicationLayer.EventService -- EventService.createEvent: Attempting to create event: event2
15:30:53.856 [main] ERROR com.group16b.ApplicationLayer.EventService -- EventService.createEvent: Failed to create event: Start time and end time cannot be null.
]]></system-out>
  </testcase>
  <testcase name="SearchEvents_InvalidParameterStartTime_Failure" classname="com.group16b.ApplicationLayer.EventServiceTests" time="0.0">
    <system-out><![CDATA[15:30:53.856 [main] INFO com.group16b.ApplicationLayer.EventService -- EventService.searchEvents: Attempting to search events with parameters: {startTime=[not_a_date]}
15:30:53.856 [main] ERROR com.group16b.ApplicationLayer.EventService -- EventService.searchEvents: Invalid search parameters: Invalid type for parameter 'startTime'. Expected: LocalDateTime
]]></system-out>
  </testcase>
  <testcase name="SearchEvents_InvalidParameterPCID_Failure" classname="com.group16b.ApplicationLayer.EventServiceTests" time="0.0">
    <system-out><![CDATA[15:30:53.856 [main] INFO com.group16b.ApplicationLayer.EventService -- EventService.searchEvents: Attempting to search events with parameters: {productionCompany=[123]}
15:30:53.856 [main] ERROR com.group16b.ApplicationLayer.EventService -- EventService.searchEvents: Invalid search parameters: Invalid type for parameter 'productionCompany'. Expected: String
]]></system-out>
  </testcase>
  <testcase name="CreateEvent_InvalidCategory_Failure" classname="com.group16b.ApplicationLayer.EventServiceTests" time="0.001">
    <system-out><![CDATA[15:30:53.857 [main] INFO com.group16b.ApplicationLayer.EventService -- EventService.createEvent: Session token verified successfully.
15:30:53.857 [main] INFO com.group16b.ApplicationLayer.EventService -- EventService.createEvent: retrieving production company for event creation
15:30:53.857 [main] INFO com.group16b.ApplicationLayer.EventService -- EventService.createEvent: Validating user permissions for event creation.
15:30:53.857 [main] INFO com.group16b.ApplicationLayer.EventService -- EventService.createEvent: User permissions validated successfully.
15:30:53.857 [main] INFO com.group16b.ApplicationLayer.EventService -- EventService.createEvent: Attempting to create event: event2
15:30:53.857 [main] ERROR com.group16b.ApplicationLayer.EventService -- EventService.createEvent: Failed to create event: Event category cannot be null or empty.
15:30:53.857 [main] INFO com.group16b.ApplicationLayer.EventService -- EventService.createEvent: Session token verified successfully.
15:30:53.857 [main] INFO com.group16b.ApplicationLayer.EventService -- EventService.createEvent: retrieving production company for event creation
15:30:53.857 [main] INFO com.group16b.ApplicationLayer.EventService -- EventService.createEvent: Validating user permissions for event creation.
15:30:53.857 [main] INFO com.group16b.ApplicationLayer.EventService -- EventService.createEvent: User permissions validated successfully.
15:30:53.857 [main] INFO com.group16b.ApplicationLayer.EventService -- EventService.createEvent: Attempting to create event: event2
15:30:53.857 [main] ERROR com.group16b.ApplicationLayer.EventService -- EventService.createEvent: Failed to create event: Event category cannot be null or empty.
]]></system-out>
  </testcase>
  <testcase name="CreateEvent_CompanyNotFound_Failure" classname="com.group16b.ApplicationLayer.EventServiceTests" time="0.0">
    <system-out><![CDATA[15:30:53.857 [main] INFO com.group16b.ApplicationLayer.EventService -- EventService.createEvent: Session token verified successfully.
15:30:53.857 [main] INFO com.group16b.ApplicationLayer.EventService -- EventService.createEvent: retrieving production company for event creation
15:30:53.857 [main] ERROR com.group16b.ApplicationLayer.EventService -- EventService.createEvent: Failed to create event: Production company with ID 999 is not found.
]]></system-out>
  </testcase>
  <testcase name="DeactivateEvent_EventAlreadyDeactivated_Failure" classname="com.group16b.ApplicationLayer.EventServiceTests" time="0.0">
    <system-out><![CDATA[15:30:53.858 [main] INFO com.group16b.ApplicationLayer.EventService -- EventService.deactivateEvent: Session token verified successfully.
15:30:53.858 [main] INFO com.group16b.ApplicationLayer.EventService -- EventService.deactivateEvent: retrieving event for deactivation
15:30:53.858 [main] INFO com.group16b.ApplicationLayer.EventService -- EventService.deactivateEvent: retrieving production company for event deactivation
15:30:53.858 [main] INFO com.group16b.ApplicationLayer.EventService -- EventService.deactivateEvent: Validating user permissions for event deactivation.
15:30:53.858 [main] INFO com.group16b.ApplicationLayer.EventService -- EventService.deactivateEvent: User permissions validated successfully.
15:30:53.858 [main] INFO com.group16b.ApplicationLayer.EventService -- EventService.deactivateEvent: Attempting to deactivate event: event1
15:30:53.858 [main] ERROR com.group16b.ApplicationLayer.EventService -- EventService.deactivateEvent: Failed to deactivate event: Event is already inactive.
]]></system-out>
  </testcase>
  <testcase name="CreateEvent_UserIsNotAuthenticated_Failure" classname="com.group16b.ApplicationLayer.EventServiceTests" time="0.0">
    <system-out><![CDATA[15:30:53.858 [main] ERROR com.group16b.ApplicationLayer.EventService -- EventService.createEvent: Invalid token. Invalid session token.
]]></system-out>
  </testcase>
  <testcase name="ActivateEvent_Success" classname="com.group16b.ApplicationLayer.EventServiceTests" time="0.001">
    <system-out><![CDATA[15:30:53.858 [main] INFO com.group16b.ApplicationLayer.EventService -- EventService.activateEvent: Session token verified successfully.
15:30:53.858 [main] INFO com.group16b.ApplicationLayer.EventService -- EventService.activateEvent: retrieving event for activation
15:30:53.858 [main] INFO com.group16b.ApplicationLayer.EventService -- EventService.activateEvent: retrieving production company for event activation
15:30:53.858 [main] INFO com.group16b.ApplicationLayer.EventService -- EventService.activateEvent: Validating user permissions for event activation.
15:30:53.858 [main] INFO com.group16b.ApplicationLayer.EventService -- EventService.activateEvent: User permissions validated successfully.
15:30:53.859 [main] INFO com.group16b.ApplicationLayer.EventService -- EventService.activateEvent: Attempting to activate event: event1
15:30:53.859 [main] INFO com.group16b.ApplicationLayer.EventService -- EventService.activateEvent: Event activated successfully with ID: 19
]]></system-out>
  </testcase>
  <testcase name="SearchEvents_InvalidParameterArtist_Failure" classname="com.group16b.ApplicationLayer.EventServiceTests" time="0.0">
    <system-out><![CDATA[15:30:53.859 [main] INFO com.group16b.ApplicationLayer.EventService -- EventService.searchEvents: Attempting to search events with parameters: {artist=[123]}
15:30:53.859 [main] ERROR com.group16b.ApplicationLayer.EventService -- EventService.searchEvents: Invalid search parameters: Invalid type for parameter 'artist'. Expected: String
]]></system-out>
  </testcase>
  <testcase name="DeactivateEvent_UserIsNotAuthenticated_Failure" classname="com.group16b.ApplicationLayer.EventServiceTests" time="0.0">
    <system-out><![CDATA[15:30:53.859 [main] ERROR com.group16b.ApplicationLayer.EventService -- EventService.deactivateEvent: Invalid session token. Invalid session token.
]]></system-out>
  </testcase>
  <testcase name="ActivateEvent_UserIsNotOwner_Failure" classname="com.group16b.ApplicationLayer.EventServiceTests" time="0.001">
    <system-out><![CDATA[15:30:53.859 [main] INFO com.group16b.ApplicationLayer.EventService -- EventService.activateEvent: Session token verified successfully.
15:30:53.859 [main] INFO com.group16b.ApplicationLayer.EventService -- EventService.activateEvent: retrieving event for activation
15:30:53.860 [main] INFO com.group16b.ApplicationLayer.EventService -- EventService.activateEvent: retrieving production company for event activation
15:30:53.860 [main] INFO com.group16b.ApplicationLayer.EventService -- EventService.activateEvent: Validating user permissions for event activation.
15:30:53.860 [main] ERROR com.group16b.ApplicationLayer.EventService -- EventService.activateEvent: Failed to find event: User does not have a role for this company.
]]></system-out>
  </testcase>
  <testcase name="EditEvents_Success" classname="com.group16b.ApplicationLayer.EventServiceTests" time="0.0">
    <system-out><![CDATA[15:30:53.860 [main] INFO com.group16b.ApplicationLayer.EventService -- EventService.editEvent: Session token verified successfully.
15:30:53.860 [main] INFO com.group16b.ApplicationLayer.EventService -- EventService.editEvent: retrieving event for edition
15:30:53.860 [main] INFO com.group16b.ApplicationLayer.EventService -- EventService.editEvent: retrieving production company for event edition
15:30:53.860 [main] INFO com.group16b.ApplicationLayer.EventService -- EventService.editEvent: Validating user permissions for event edition.
15:30:53.860 [main] INFO com.group16b.ApplicationLayer.EventService -- EventService.editEvent: User permissions validated successfully.
15:30:53.860 [main] INFO com.group16b.ApplicationLayer.EventService -- EventService.editEvent: Attempting to edit event with ID: 19
15:30:53.860 [main] INFO com.group16b.ApplicationLayer.EventService -- EventService.editEvent: Event edited successfully with ID: 19
]]></system-out>
  </testcase>
  <testcase name="SearchEvents_InvalidParameterPCRatingMoreThanOne_Failure" classname="com.group16b.ApplicationLayer.EventServiceTests" time="0.001">
    <system-out><![CDATA[15:30:53.860 [main] INFO com.group16b.ApplicationLayer.EventService -- EventService.searchEvents: Attempting to search events with parameters: {productionCompanyRating=[123.45, 67.89]}
15:30:53.861 [main] ERROR com.group16b.ApplicationLayer.EventService -- EventService.searchEvents: Invalid search parameters: Production company rating filter must have exactly one value.
]]></system-out>
  </testcase>
  <testcase name="SearchEvents_InvalidParameterEventRating_Failure" classname="com.group16b.ApplicationLayer.EventServiceTests" time="0.0">
    <system-out><![CDATA[15:30:53.861 [main] INFO com.group16b.ApplicationLayer.EventService -- EventService.searchEvents: Attempting to search events with parameters: {eventRating=[not_a_double]}
15:30:53.861 [main] ERROR com.group16b.ApplicationLayer.EventService -- EventService.searchEvents: Invalid search parameters: Invalid type for parameter 'eventRating'. Expected: Double
]]></system-out>
  </testcase>
  <testcase name="ActivateEvent_EventAlreadyActive_Failure" classname="com.group16b.ApplicationLayer.EventServiceTests" time="0.0">
    <system-out><![CDATA[15:30:53.861 [main] INFO com.group16b.ApplicationLayer.EventService -- EventService.activateEvent: Session token verified successfully.
15:30:53.861 [main] INFO com.group16b.ApplicationLayer.EventService -- EventService.activateEvent: retrieving event for activation
15:30:53.861 [main] INFO com.group16b.ApplicationLayer.EventService -- EventService.activateEvent: retrieving production company for event activation
15:30:53.861 [main] INFO com.group16b.ApplicationLayer.EventService -- EventService.activateEvent: Validating user permissions for event activation.
15:30:53.861 [main] INFO com.group16b.ApplicationLayer.EventService -- EventService.activateEvent: User permissions validated successfully.
15:30:53.861 [main] INFO com.group16b.ApplicationLayer.EventService -- EventService.activateEvent: Attempting to activate event: Updated Event
15:30:53.861 [main] ERROR com.group16b.ApplicationLayer.EventService -- EventService.activateEvent: Failed to activate event: Event is already active.
]]></system-out>
  </testcase>
  <testcase name="DeactivateEvent_UserIsNotOwner_Failure" classname="com.group16b.ApplicationLayer.EventServiceTests" time="0.0">
    <system-out><![CDATA[15:30:53.861 [main] INFO com.group16b.ApplicationLayer.EventService -- EventService.deactivateEvent: Session token verified successfully.
15:30:53.861 [main] INFO com.group16b.ApplicationLayer.EventService -- EventService.deactivateEvent: retrieving event for deactivation
15:30:53.861 [main] INFO com.group16b.ApplicationLayer.EventService -- EventService.deactivateEvent: retrieving production company for event deactivation
15:30:53.861 [main] INFO com.group16b.ApplicationLayer.EventService -- EventService.deactivateEvent: Validating user permissions for event deactivation.
15:30:53.861 [main] ERROR com.group16b.ApplicationLayer.EventService -- EventService.deactivateEvent: Failed to find event: User does not have a role for this company.
]]></system-out>
  </testcase>
  <testcase name="CreateEvent_InvalidPrice_Failure" classname="com.group16b.ApplicationLayer.EventServiceTests" time="0.0">
    <system-out><![CDATA[15:30:53.862 [main] INFO com.group16b.ApplicationLayer.EventService -- EventService.createEvent: Session token verified successfully.
15:30:53.862 [main] INFO com.group16b.ApplicationLayer.EventService -- EventService.createEvent: retrieving production company for event creation
15:30:53.862 [main] INFO com.group16b.ApplicationLayer.EventService -- EventService.createEvent: Validating user permissions for event creation.
15:30:53.862 [main] INFO com.group16b.ApplicationLayer.EventService -- EventService.createEvent: User permissions validated successfully.
15:30:53.862 [main] INFO com.group16b.ApplicationLayer.EventService -- EventService.createEvent: Attempting to create event: event2
15:30:53.862 [main] ERROR com.group16b.ApplicationLayer.EventService -- EventService.createEvent: Failed to create event: Event price cannot be negative.
]]></system-out>
  </testcase>
</testsuite>