<?xml version="1.0" encoding="UTF-8"?>
<testsuite xmlns:xsi="http://www.w3.org/2001/XMLSchema-instance" xsi:noNamespaceSchemaLocation="https://maven.apache.org/surefire/maven-surefire-plugin/xsd/surefire-test-report-3.0.xsd" version="3.0" name="com.group16b.ApplicationLayer.ProductionCompanyServiceTests" time="0.034" tests="11" errors="0" skipped="0" failures="0">
  <properties>
[...]
</properties>
  <testcase name="testDisplayTotalRevenue_CompanyNotFound_Fails" classname="com.group16b.ApplicationLayer.ProductionCompanyServiceTests" time="0.001">
    <system-out><![CDATA[15:30:53.792 [main] INFO com.group16b.ApplicationLayer.ProductionCompanyService -- ProductionCompanyService.displayTotalRevenue: Calculating total revenue for company 100
15:30:53.792 [main] INFO com.group16b.ApplicationLayer.ProductionCompanyService -- ProductionCompanyService.displayTotalRevenue: Session token verified successfully.
15:30:53.792 [main] INFO com.group16b.ApplicationLayer.ProductionCompanyService -- ProductionCompanyService.displayTotalRevenue: retrieving company 100
15:30:53.792 [main] WARN com.group16b.ApplicationLayer.ProductionCompanyService -- ProductionCompanyService.displayTotalRevenue: IllegalArgumentException: No company
]]></system-out>
  </testcase>
  <testcase name="testDisplayTotalRevenue_AsManagerUnderOwner_Success" classname="com.group16b.ApplicationLayer.ProductionCompanyServiceTests" time="0.02">
    <system-out><![CDATA[15:30:53.810 [main] INFO com.group16b.ApplicationLayer.ProductionCompanyService -- ProductionCompanyService.displayTotalRevenue: Calculating total revenue for company 100
15:30:53.810 [main] INFO com.group16b.ApplicationLayer.ProductionCompanyService -- ProductionCompanyService.displayTotalRevenue: Session token verified successfully.
15:30:53.810 [main] INFO com.group16b.ApplicationLayer.ProductionCompanyService -- ProductionCompanyService.displayTotalRevenue: retrieving company 100
15:30:53.810 [main] INFO com.group16b.ApplicationLayer.ProductionCompanyService -- ProductionCompanyService.displayTotalRevenue: validating user 1 permissions in company 100
15:30:53.810 [main] INFO com.group16b.ApplicationLayer.ProductionCompanyService -- ProductionCompanyService.displayTotalRevenue: calculating total revenue for company 100
15:30:53.812 [main] INFO com.group16b.ApplicationLayer.ProductionCompanyService -- ProductionCompanyService.displayTotalRevenue: successfuly calculated total revenue for company 100.
]]></system-out>
  </testcase>
  <testcase name="testDisplayTotalRevenue_CompanyRepoThrows_Fail" classname="com.group16b.ApplicationLayer.ProductionCompanyServiceTests" time="0.002">
    <system-out><![CDATA[15:30:53.813 [main] INFO com.group16b.ApplicationLayer.ProductionCompanyService -- ProductionCompanyService.displayTotalRevenue: Calculating total revenue for company 100
15:30:53.813 [main] INFO com.group16b.ApplicationLayer.ProductionCompanyService -- ProductionCompanyService.displayTotalRevenue: Session token verified successfully.
15:30:53.813 [main] INFO com.group16b.ApplicationLayer.ProductionCompanyService -- ProductionCompanyService.displayTotalRevenue: retrieving company 100
15:30:53.813 [main] ERROR com.group16b.ApplicationLayer.ProductionCompanyService -- ProductionCompanyService.displayTotalRevenue: Unexpected error
java.lang.RuntimeException: DB error
	at com.group16b.ApplicationLayer.ProductionCompanyService.displayTotalRevenue(ProductionCompanyService.java:85)
	at com.group16b.ApplicationLayer.ProductionCompanyServiceTests.testDisplayTotalRevenue_CompanyRepoThrows_Fail(ProductionCompanyServiceTests.java:317)
	at java.base/jdk.internal.reflect.DirectMethodHandleAccessor.invoke(DirectMethodHandleAccessor.java:103)
	at java.base/java.lang.reflect.Method.invoke(Method.java:580)
	at org.junit.platform.commons.util.ReflectionUtils.invokeMethod(ReflectionUtils.java:728)
	at org.junit.jupiter.engine.execution.MethodInvocation.proceed(MethodInvocation.java:60)
	at org.junit.jupiter.engine.execution.InvocationInterceptorChain$ValidatingInvocation.proceed(InvocationInterceptorChain.java:131)
	at org.junit.jupiter.engine.extension.TimeoutExtension.intercept(TimeoutExtension.java:156)
	at org.junit.jupiter.engine.extension.TimeoutExtension.interceptTestableMethod(TimeoutExtension.java:147)
	at org.junit.jupiter.engine.extension.TimeoutExtension.interceptTestMethod(TimeoutExtension.java:86)
	at org.junit.jupiter.engine.execution.InterceptingExecutableInvoker$ReflectiveInterceptorCall.lambda$ofVoidMethod$0(InterceptingExecutableInvoker.java:103)
	at org.junit.jupiter.engine.execution.InterceptingExecutableInvoker.lambda$invoke$0(InterceptingExecutableInvoker.java:93)
	at org.junit.jupiter.engine.execution.InvocationInterceptorChain$InterceptedInvocation.proceed(InvocationInterceptorChain.java:106)
	at org.junit.jupiter.engine.execution.InvocationInterceptorChain.proceed(InvocationInterceptorChain.java:64)
	at org.junit.jupiter.engine.execution.InvocationInterceptorChain.chainAndInvoke(InvocationInterceptorChain.java:45)
	at org.junit.jupiter.engine.execution.InvocationInterceptorChain.invoke(InvocationInterceptorChain.java:37)
	at org.junit.jupiter.engine.execution.InterceptingExecutableInvoker.invoke(InterceptingExecutableInvoker.java:92)
	at org.junit.jupiter.engine.execution.InterceptingExecutableInvoker.invoke(InterceptingExecutableInvoker.java:86)
	at org.junit.jupiter.engine.descriptor.TestMethodTestDescriptor.lambda$invokeTestMethod$7(TestMethodTestDescriptor.java:218)
	at org.junit.platform.engine.support.hierarchical.ThrowableCollector.execute(ThrowableCollector.java:73)
	at org.junit.jupiter.engine.descriptor.TestMethodTestDescriptor.invokeTestMethod(TestMethodTestDescriptor.java:214)
	at org.junit.jupiter.engine.descriptor.TestMethodTestDescriptor.execute(TestMethodTestDescriptor.java:139)
	at org.junit.jupiter.engine.descriptor.TestMethodTestDescriptor.execute(TestMethodTestDescriptor.java:69)
	at org.junit.platform.engine.support.hierarchical.NodeTestTask.lambda$executeRecursively$6(NodeTestTask.java:151)
	at org.junit.platform.engine.support.hierarchical.ThrowableCollector.execute(ThrowableCollector.java:73)
	at org.junit.platform.engine.support.hierarchical.NodeTestTask.lambda$executeRecursively$8(NodeTestTask.java:141)
	at org.junit.platform.engine.support.hierarchical.Node.around(Node.java:137)
	at org.junit.platform.engine.support.hierarchical.NodeTestTask.lambda$executeRecursively$9(NodeTestTask.java:139)
	at org.junit.platform.engine.support.hierarchical.ThrowableCollector.execute(ThrowableCollector.java:73)
	at org.junit.platform.engine.support.hierarchical.NodeTestTask.executeRecursively(NodeTestTask.java:138)
	at org.junit.platform.engine.support.hierarchical.NodeTestTask.execute(NodeTestTask.java:95)
	at java.base/java.util.ArrayList.forEach(ArrayList.java:1597)
	at org.junit.platform.engine.support.hierarchical.SameThreadHierarchicalTestExecutorService.invokeAll(SameThreadHierarchicalTestExecutorService.java:41)
	at org.junit.platform.engine.support.hierarchical.NodeTestTask.lambda$executeRecursively$6(NodeTestTask.java:155)
	at org.junit.platform.engine.support.hierarchical.ThrowableCollector.execute(ThrowableCollector.java:73)
	at org.junit.platform.engine.support.hierarchical.NodeTestTask.lambda$executeRecursively$8(NodeTestTask.java:141)
	at org.junit.platform.engine.support.hierarchical.Node.around(Node.java:137)
	at org.junit.platform.engine.support.hierarchical.NodeTestTask.lambda$executeRecursively$9(NodeTestTask.java:139)
	at org.junit.platform.engine.support.hierarchical.ThrowableCollector.execute(ThrowableCollector.java:73)
	at org.junit.platform.engine.support.hierarchical.NodeTestTask.executeRecursively(NodeTestTask.java:138)
	at org.junit.platform.engine.support.hierarchical.NodeTestTask.execute(NodeTestTask.java:95)
	at java.base/java.util.ArrayList.forEach(ArrayList.java:1597)
	at org.junit.platform.engine.support.hierarchical.SameThreadHierarchicalTestExecutorService.invokeAll(SameThreadHierarchicalTestExecutorService.java:41)
	at org.junit.platform.engine.support.hierarchical.NodeTestTask.lambda$executeRecursively$6(NodeTestTask.java:155)
	at org.junit.platform.engine.support.hierarchical.ThrowableCollector.execute(ThrowableCollector.java:73)
	at org.junit.platform.engine.support.hierarchical.NodeTestTask.lambda$executeRecursively$8(NodeTestTask.java:141)
	at org.junit.platform.engine.support.hierarchical.Node.around(Node.java:137)
	at org.junit.platform.engine.support.hierarchical.NodeTestTask.lambda$executeRecursively$9(NodeTestTask.java:139)
	at org.junit.platform.engine.support.hierarchical.ThrowableCollector.execute(ThrowableCollector.java:73)
	at org.junit.platform.engine.support.hierarchical.NodeTestTask.executeRecursively(NodeTestTask.java:138)
	at org.junit.platform.engine.support.hierarchical.NodeTestTask.execute(NodeTestTask.java:95)
	at org.junit.platform.engine.support.hierarchical.SameThreadHierarchicalTestExecutorService.submit(SameThreadHierarchicalTestExecutorService.java:35)
	at org.junit.platform.engine.support.hierarchical.HierarchicalTestExecutor.execute(HierarchicalTestExecutor.java:57)
	at org.junit.platform.engine.support.hierarchical.HierarchicalTestEngine.execute(HierarchicalTestEngine.java:54)
	at org.junit.platform.launcher.core.EngineExecutionOrchestrator.execute(EngineExecutionOrchestrator.java:198)
	at org.junit.platform.launcher.core.EngineExecutionOrchestrator.execute(EngineExecutionOrchestrator.java:169)
	at org.junit.platform.launcher.core.EngineExecutionOrchestrator.execute(EngineExecutionOrchestrator.java:93)
	at org.junit.platform.launcher.core.EngineExecutionOrchestrator.lambda$execute$0(EngineExecutionOrchestrator.java:58)
	at org.junit.platform.launcher.core.EngineExecutionOrchestrator.withInterceptedStreams(EngineExecutionOrchestrator.java:141)
	at org.junit.platform.launcher.core.EngineExecutionOrchestrator.execute(EngineExecutionOrchestrator.java:57)
	at org.junit.platform.launcher.core.DefaultLauncher.execute(DefaultLauncher.java:103)
	at org.junit.platform.launcher.core.DefaultLauncher.execute(DefaultLauncher.java:85)
	at org.junit.platform.launcher.core.DelegatingLauncher.execute(DelegatingLauncher.java:47)
	at org.apache.maven.surefire.junitplatform.LazyLauncher.execute(LazyLauncher.java:56)
	at org.apache.maven.surefire.junitplatform.JUnitPlatformProvider.execute(JUnitPlatformProvider.java:184)
	at org.apache.maven.surefire.junitplatform.JUnitPlatformProvider.invokeAllTests(JUnitPlatformProvider.java:148)
	at org.apache.maven.surefire.junitplatform.JUnitPlatformProvider.invoke(JUnitPlatformProvider.java:122)
	at org.apache.maven.surefire.booter.ForkedBooter.runSuitesInProcess(ForkedBooter.java:385)
	at org.apache.maven.surefire.booter.ForkedBooter.execute(ForkedBooter.java:162)
	at org.apache.maven.surefire.booter.ForkedBooter.run(ForkedBooter.java:507)
	at org.apache.maven.surefire.booter.ForkedBooter.main(ForkedBooter.java:495)
]]></system-out>
  </testcase>
  <testcase name="testDisplayTotalRevenue_PermissionDenied_Fail" classname="com.group16b.ApplicationLayer.ProductionCompanyServiceTests" time="0.001">
    <system-out><![CDATA[15:30:53.815 [main] INFO com.group16b.ApplicationLayer.ProductionCompanyService -- ProductionCompanyService.displayTotalRevenue: Calculating total revenue for company 100
15:30:53.815 [main] INFO com.group16b.ApplicationLayer.ProductionCompanyService -- ProductionCompanyService.displayTotalRevenue: Session token verified successfully.
15:30:53.815 [main] INFO com.group16b.ApplicationLayer.ProductionCompanyService -- ProductionCompanyService.displayTotalRevenue: retrieving company 100
15:30:53.815 [main] INFO com.group16b.ApplicationLayer.ProductionCompanyService -- ProductionCompanyService.displayTotalRevenue: validating user 1 permissions in company 100
15:30:53.815 [main] WARN com.group16b.ApplicationLayer.ProductionCompanyService -- ProductionCompanyService.displayTotalRevenue: IllegalArgumentException: Not allowed
]]></system-out>
  </testcase>
  <testcase name="testViewSalesHistory_PermissionDenied_Fail" classname="com.group16b.ApplicationLayer.ProductionCompanyServiceTests" time="0.001">
    <system-out><![CDATA[15:30:53.816 [main] INFO com.group16b.ApplicationLayer.ProductionCompanyService -- ProductionCompanyService.viewSalesHistory: Retrieving sales history for specific company
15:30:53.816 [main] INFO com.group16b.ApplicationLayer.ProductionCompanyService -- ProductionCompanyService.viewSalesHistory: Session token verified successfully.
15:30:53.816 [main] INFO com.group16b.ApplicationLayer.ProductionCompanyService -- ProductionCompanyService.viewSalesHistory: retrieving company 100
15:30:53.816 [main] INFO com.group16b.ApplicationLayer.ProductionCompanyService -- ProductionCompanyService.viewSalesHistory: validating user 1 have permissions in company 100
15:30:53.816 [main] WARN com.group16b.ApplicationLayer.ProductionCompanyService -- ProductionCompanyService.viewSalesHistory: Illegal Argument Error: 
java.lang.IllegalArgumentException: Not allowed
	at com.group16b.DomainLayer.ProductionCompany.ProductionCompany.validateUserPermissions(ProductionCompany.java:243)
	at com.group16b.ApplicationLayer.ProductionCompanyService.viewSalesHistory(ProductionCompanyService.java:53)
	at com.group16b.ApplicationLayer.ProductionCompanyServiceTests.testViewSalesHistory_PermissionDenied_Fail(ProductionCompanyServiceTests.java:88)
	at java.base/jdk.internal.reflect.DirectMethodHandleAccessor.invoke(DirectMethodHandleAccessor.java:103)
	at java.base/java.lang.reflect.Method.invoke(Method.java:580)
	at org.junit.platform.commons.util.ReflectionUtils.invokeMethod(ReflectionUtils.java:728)
	at org.junit.jupiter.engine.execution.MethodInvocation.proceed(MethodInvocation.java:60)
	at org.junit.jupiter.engine.execution.InvocationInterceptorChain$ValidatingInvocation.proceed(InvocationInterceptorChain.java:131)
	at org.junit.jupiter.engine.extension.TimeoutExtension.intercept(TimeoutExtension.java:156)
	at org.junit.jupiter.engine.extension.TimeoutExtension.interceptTestableMethod(TimeoutExtension.java:147)
	at org.junit.jupiter.engine.extension.TimeoutExtension.interceptTestMethod(TimeoutExtension.java:86)
	at org.junit.jupiter.engine.execution.InterceptingExecutableInvoker$ReflectiveInterceptorCall.lambda$ofVoidMethod$0(InterceptingExecutableInvoker.java:103)
	at org.junit.jupiter.engine.execution.InterceptingExecutableInvoker.lambda$invoke$0(InterceptingExecutableInvoker.java:93)
	at org.junit.jupiter.engine.execution.InvocationInterceptorChain$InterceptedInvocation.proceed(InvocationInterceptorChain.java:106)
	at org.junit.jupiter.engine.execution.InvocationInterceptorChain.proceed(InvocationInterceptorChain.java:64)
	at org.junit.jupiter.engine.execution.InvocationInterceptorChain.chainAndInvoke(InvocationInterceptorChain.java:45)
	at org.junit.jupiter.engine.execution.InvocationInterceptorChain.invoke(InvocationInterceptorChain.java:37)
	at org.junit.jupiter.engine.execution.InterceptingExecutableInvoker.invoke(InterceptingExecutableInvoker.java:92)
	at org.junit.jupiter.engine.execution.InterceptingExecutableInvoker.invoke(InterceptingExecutableInvoker.java:86)
	at org.junit.jupiter.engine.descriptor.TestMethodTestDescriptor.lambda$invokeTestMethod$7(TestMethodTestDescriptor.java:218)
	at org.junit.platform.engine.support.hierarchical.ThrowableCollector.execute(ThrowableCollector.java:73)
	at org.junit.jupiter.engine.descriptor.TestMethodTestDescriptor.invokeTestMethod(TestMethodTestDescriptor.java:214)
	at org.junit.jupiter.engine.descriptor.TestMethodTestDescriptor.execute(TestMethodTestDescriptor.java:139)
	at org.junit.jupiter.engine.descriptor.TestMethodTestDescriptor.execute(TestMethodTestDescriptor.java:69)
	at org.junit.platform.engine.support.hierarchical.NodeTestTask.lambda$executeRecursively$6(NodeTestTask.java:151)
	at org.junit.platform.engine.support.hierarchical.ThrowableCollector.execute(ThrowableCollector.java:73)
	at org.junit.platform.engine.support.hierarchical.NodeTestTask.lambda$executeRecursively$8(NodeTestTask.java:141)
	at org.junit.platform.engine.support.hierarchical.Node.around(Node.java:137)
	at org.junit.platform.engine.support.hierarchical.NodeTestTask.lambda$executeRecursively$9(NodeTestTask.java:139)
	at org.junit.platform.engine.support.hierarchical.ThrowableCollector.execute(ThrowableCollector.java:73)
	at org.junit.platform.engine.support.hierarchical.NodeTestTask.executeRecursively(NodeTestTask.java:138)
	at org.junit.platform.engine.support.hierarchical.NodeTestTask.execute(NodeTestTask.java:95)
	at java.base/java.util.ArrayList.forEach(ArrayList.java:1597)
	at org.junit.platform.engine.support.hierarchical.SameThreadHierarchicalTestExecutorService.invokeAll(SameThreadHierarchicalTestExecutorService.java:41)
	at org.junit.platform.engine.support.hierarchical.NodeTestTask.lambda$executeRecursively$6(NodeTestTask.java:155)
	at org.junit.platform.engine.support.hierarchical.ThrowableCollector.execute(ThrowableCollector.java:73)
	at org.junit.platform.engine.support.hierarchical.NodeTestTask.lambda$executeRecursively$8(NodeTestTask.java:141)
	at org.junit.platform.engine.support.hierarchical.Node.around(Node.java:137)
	at org.junit.platform.engine.support.hierarchical.NodeTestTask.lambda$executeRecursively$9(NodeTestTask.java:139)
	at org.junit.platform.engine.support.hierarchical.ThrowableCollector.execute(ThrowableCollector.java:73)
	at org.junit.platform.engine.support.hierarchical.NodeTestTask.executeRecursively(NodeTestTask.java:138)
	at org.junit.platform.engine.support.hierarchical.NodeTestTask.execute(NodeTestTask.java:95)
	at java.base/java.util.ArrayList.forEach(ArrayList.java:1597)
	at org.junit.platform.engine.support.hierarchical.SameThreadHierarchicalTestExecutorService.invokeAll(SameThreadHierarchicalTestExecutorService.java:41)
	at org.junit.platform.engine.support.hierarchical.NodeTestTask.lambda$executeRecursively$6(NodeTestTask.java:155)
	at org.junit.platform.engine.support.hierarchical.ThrowableCollector.execute(ThrowableCollector.java:73)
	at org.junit.platform.engine.support.hierarchical.NodeTestTask.lambda$executeRecursively$8(NodeTestTask.java:141)
	at org.junit.platform.engine.support.hierarchical.Node.around(Node.java:137)
	at org.junit.platform.engine.support.hierarchical.NodeTestTask.lambda$executeRecursively$9(NodeTestTask.java:139)
	at org.junit.platform.engine.support.hierarchical.ThrowableCollector.execute(ThrowableCollector.java:73)
	at org.junit.platform.engine.support.hierarchical.NodeTestTask.executeRecursively(NodeTestTask.java:138)
	at org.junit.platform.engine.support.hierarchical.NodeTestTask.execute(NodeTestTask.java:95)
	at org.junit.platform.engine.support.hierarchical.SameThreadHierarchicalTestExecutorService.submit(SameThreadHierarchicalTestExecutorService.java:35)
	at org.junit.platform.engine.support.hierarchical.HierarchicalTestExecutor.execute(HierarchicalTestExecutor.java:57)
	at org.junit.platform.engine.support.hierarchical.HierarchicalTestEngine.execute(HierarchicalTestEngine.java:54)
	at org.junit.platform.launcher.core.EngineExecutionOrchestrator.execute(EngineExecutionOrchestrator.java:198)
	at org.junit.platform.launcher.core.EngineExecutionOrchestrator.execute(EngineExecutionOrchestrator.java:169)
	at org.junit.platform.launcher.core.EngineExecutionOrchestrator.execute(EngineExecutionOrchestrator.java:93)
	at org.junit.platform.launcher.core.EngineExecutionOrchestrator.lambda$execute$0(EngineExecutionOrchestrator.java:58)
	at org.junit.platform.launcher.core.EngineExecutionOrchestrator.withInterceptedStreams(EngineExecutionOrchestrator.java:141)
	at org.junit.platform.launcher.core.EngineExecutionOrchestrator.execute(EngineExecutionOrchestrator.java:57)
	at org.junit.platform.launcher.core.DefaultLauncher.execute(DefaultLauncher.java:103)
	at org.junit.platform.launcher.core.DefaultLauncher.execute(DefaultLauncher.java:85)
	at org.junit.platform.launcher.core.DelegatingLauncher.execute(DelegatingLauncher.java:47)
	at org.apache.maven.surefire.junitplatform.LazyLauncher.execute(LazyLauncher.java:56)
	at org.apache.maven.surefire.junitplatform.JUnitPlatformProvider.execute(JUnitPlatformProvider.java:184)
	at org.apache.maven.surefire.junitplatform.JUnitPlatformProvider.invokeAllTests(JUnitPlatformProvider.java:148)
	at org.apache.maven.surefire.junitplatform.JUnitPlatformProvider.invoke(JUnitPlatformProvider.java:122)
	at org.apache.maven.surefire.booter.ForkedBooter.runSuitesInProcess(ForkedBooter.java:385)
	at org.apache.maven.surefire.booter.ForkedBooter.execute(ForkedBooter.java:162)
	at org.apache.maven.surefire.booter.ForkedBooter.run(ForkedBooter.java:507)
	at org.apache.maven.surefire.booter.ForkedBooter.main(ForkedBooter.java:495)
]]></system-out>
  </testcase>
  <testcase name="testViewSalesHistory_Success" classname="com.group16b.ApplicationLayer.ProductionCompanyServiceTests" time="0.002">
    <system-out><![CDATA[15:30:53.817 [main] INFO com.group16b.ApplicationLayer.ProductionCompanyService -- ProductionCompanyService.viewSalesHistory: Retrieving sales history for specific company
15:30:53.817 [main] INFO com.group16b.ApplicationLayer.ProductionCompanyService -- ProductionCompanyService.viewSalesHistory: Session token verified successfully.
15:30:53.817 [main] INFO com.group16b.ApplicationLayer.ProductionCompanyService -- ProductionCompanyService.viewSalesHistory: retrieving company 100
15:30:53.817 [main] INFO com.group16b.ApplicationLayer.ProductionCompanyService -- ProductionCompanyService.viewSalesHistory: validating user 1 have permissions in company 100
15:30:53.817 [main] INFO com.group16b.ApplicationLayer.ProductionCompanyService -- ProductionCompanyService.viewSalesHistory: retrieving all events for company 100
15:30:53.817 [main] INFO com.group16b.ApplicationLayer.ProductionCompanyService -- ProductionCompanyService.viewSalesHistory: collecting all orders for the company 100 events
15:30:53.818 [main] INFO com.group16b.ApplicationLayer.ProductionCompanyService -- ProductionCompanyService.viewSalesHistory: succesfully collected all orders.
]]></system-out>
  </testcase>
  <testcase name="testViewSalesHistory_InvalidToken_Fail" classname="com.group16b.ApplicationLayer.ProductionCompanyServiceTests" time="0.001">
    <system-out><![CDATA[15:30:53.819 [main] INFO com.group16b.ApplicationLayer.ProductionCompanyService -- ProductionCompanyService.viewSalesHistory: Retrieving sales history for specific company
15:30:53.819 [main] WARN com.group16b.ApplicationLayer.ProductionCompanyService -- ProductionCompanyService.viewSalesHistory: Auth error: Invalid Token
]]></system-out>
  </testcase>
  <testcase name="testViewSalesHistory_WrongCompany_SkipsOrder" classname="com.group16b.ApplicationLayer.ProductionCompanyServiceTests" time="0.002">
    <system-out><![CDATA[15:30:53.820 [main] INFO com.group16b.ApplicationLayer.ProductionCompanyService -- ProductionCompanyService.viewSalesHistory: Retrieving sales history for specific company
15:30:53.820 [main] INFO com.group16b.ApplicationLayer.ProductionCompanyService -- ProductionCompanyService.viewSalesHistory: Session token verified successfully.
15:30:53.820 [main] INFO com.group16b.ApplicationLayer.ProductionCompanyService -- ProductionCompanyService.viewSalesHistory: retrieving company 100
15:30:53.820 [main] INFO com.group16b.ApplicationLayer.ProductionCompanyService -- ProductionCompanyService.viewSalesHistory: validating user 1 have permissions in company 100
15:30:53.820 [main] INFO com.group16b.ApplicationLayer.ProductionCompanyService -- ProductionCompanyService.viewSalesHistory: retrieving all events for company 100
15:30:53.821 [main] INFO com.group16b.ApplicationLayer.ProductionCompanyService -- ProductionCompanyService.viewSalesHistory: collecting all orders for the company 100 events
15:30:53.821 [main] INFO com.group16b.ApplicationLayer.ProductionCompanyService -- ProductionCompanyService.viewSalesHistory: succesfully collected all orders.
]]></system-out>
  </testcase>
  <testcase name="testDisplayTotalRevenue_MultipleEvents_SumsCorrectly" classname="com.group16b.ApplicationLayer.ProductionCompanyServiceTests" time="0.001">
    <system-out><![CDATA[15:30:53.822 [main] INFO com.group16b.ApplicationLayer.ProductionCompanyService -- ProductionCompanyService.displayTotalRevenue: Calculating total revenue for company 100
15:30:53.822 [main] INFO com.group16b.ApplicationLayer.ProductionCompanyService -- ProductionCompanyService.displayTotalRevenue: Session token verified successfully.
15:30:53.822 [main] INFO com.group16b.ApplicationLayer.ProductionCompanyService -- ProductionCompanyService.displayTotalRevenue: retrieving company 100
15:30:53.822 [main] INFO com.group16b.ApplicationLayer.ProductionCompanyService -- ProductionCompanyService.displayTotalRevenue: validating user 1 permissions in company 100
15:30:53.822 [main] INFO com.group16b.ApplicationLayer.ProductionCompanyService -- ProductionCompanyService.displayTotalRevenue: calculating total revenue for company 100
15:30:53.822 [main] INFO com.group16b.ApplicationLayer.ProductionCompanyService -- ProductionCompanyService.displayTotalRevenue: successfuly calculated total revenue for company 100.
]]></system-out>
  </testcase>
  <testcase name="testDisplayTotalRevenue_AsOwner_Success" classname="com.group16b.ApplicationLayer.ProductionCompanyServiceTests" time="0.001">
    <system-out><![CDATA[15:30:53.823 [main] INFO com.group16b.ApplicationLayer.ProductionCompanyService -- ProductionCompanyService.displayTotalRevenue: Calculating total revenue for company 100
15:30:53.823 [main] INFO com.group16b.ApplicationLayer.ProductionCompanyService -- ProductionCompanyService.displayTotalRevenue: Session token verified successfully.
15:30:53.823 [main] INFO com.group16b.ApplicationLayer.ProductionCompanyService -- ProductionCompanyService.displayTotalRevenue: retrieving company 100
15:30:53.823 [main] INFO com.group16b.ApplicationLayer.ProductionCompanyService -- ProductionCompanyService.displayTotalRevenue: validating user 1 permissions in company 100
15:30:53.823 [main] INFO com.group16b.ApplicationLayer.ProductionCompanyService -- ProductionCompanyService.displayTotalRevenue: calculating total revenue for company 100
15:30:53.823 [main] INFO com.group16b.ApplicationLayer.ProductionCompanyService -- ProductionCompanyService.displayTotalRevenue: successfuly calculated total revenue for company 100.
]]></system-out>
  </testcase>
  <testcase name="testViewSalesHistory_EventNotFound_SkipsOrder" classname="com.group16b.ApplicationLayer.ProductionCompanyServiceTests" time="0.001">
    <system-out><![CDATA[15:30:53.824 [main] INFO com.group16b.ApplicationLayer.ProductionCompanyService -- ProductionCompanyService.viewSalesHistory: Retrieving sales history for specific company
15:30:53.824 [main] INFO com.group16b.ApplicationLayer.ProductionCompanyService -- ProductionCompanyService.viewSalesHistory: Session token verified successfully.
15:30:53.824 [main] INFO com.group16b.ApplicationLayer.ProductionCompanyService -- ProductionCompanyService.viewSalesHistory: retrieving company 100
15:30:53.824 [main] INFO com.group16b.ApplicationLayer.ProductionCompanyService -- ProductionCompanyService.viewSalesHistory: validating user 1 have permissions in company 100
15:30:53.824 [main] INFO com.group16b.ApplicationLayer.ProductionCompanyService -- ProductionCompanyService.viewSalesHistory: retrieving all events for company 100
15:30:53.824 [main] INFO com.group16b.ApplicationLayer.ProductionCompanyService -- ProductionCompanyService.viewSalesHistory: collecting all orders for the company 100 events
15:30:53.824 [main] INFO com.group16b.ApplicationLayer.ProductionCompanyService -- ProductionCompanyService.viewSalesHistory: succesfully collected all orders.
]]></system-out>
  </testcase>
</testsuite>