<?xml version="1.0" encoding="UTF-8"?>
<testsuite xmlns:xsi="http://www.w3.org/2001/XMLSchema-instance" xsi:noNamespaceSchemaLocation="https://maven.apache.org/surefire/maven-surefire-plugin/xsd/surefire-test-report-3.0.xsd" version="3.0" name="com.group16b.DomainLayer.Event.EventTests" time="0.115" tests="11" errors="0" skipped="0" failures="0">
  <properties>
[...]
</properties>
  <testcase name="FailedEventCreationEmptyCategory" classname="com.group16b.DomainLayer.Event.EventTests" time="0.047"/>
  <testcase name="SuccessefulEventCreation" classname="com.group16b.DomainLayer.Event.EventTests" time="0.007"/>
  <testcase name="FailedEventCreationNullArtist" classname="com.group16b.DomainLayer.Event.EventTests" time="0.002"/>
  <testcase name="FailedEventCreationNullEndTime" classname="com.group16b.DomainLayer.Event.EventTests" time="0.001"/>
  <testcase name="FailedEventCreationEmptyName" classname="com.group16b.DomainLayer.Event.EventTests" time="0.001"/>
  <testcase name="FailedEventCreationEmptyArtist" classname="com.group16b.DomainLayer.Event.EventTests" time="0.001"/>
  <testcase name="FailedEventCreationEndTimeBeforeStartTime" classname="com.group16b.DomainLayer.Event.EventTests" time="0.001"/>
  <testcase name="FailedEventCreationNullStartTime" classname="com.group16b.DomainLayer.Event.EventTests" time="0.002"/>
  <testcase name="FailedEventCreationNullCategory" classname="com.group16b.DomainLayer.Event.EventTests" time="0.002"/>
  <testcase name="FailedEventCreationNullName" classname="com.group16b.DomainLayer.Event.EventTests" time="0.002"/>
  <testcase name="FailedEventCreationEndTimeInPast" classname="com.group16b.DomainLayer.Event.EventTests" time="0.002"/>
</testsuite>