<?xml version="1.0" encoding="UTF-8"?>
<testsuite xmlns:xsi="http://www.w3.org/2001/XMLSchema-instance" xsi:noNamespaceSchemaLocation="https://maven.apache.org/surefire/maven-surefire-plugin/xsd/surefire-test-report-3.0.xsd" version="3.0" name="com.group16b.DomainLayer.Order.OrderTest" time="0.032" tests="8" errors="0" skipped="0" failures="0">
  <properties>
[...]
</properties>
  <testcase name="activeOrderCompleteOrderReturnsCompletedOrder" classname="com.group16b.DomainLayer.Order.OrderTest" time="0.013"/>
  <testcase name="activeOrderGetTicketsThrowsException" classname="com.group16b.DomainLayer.Order.OrderTest" time="0.003"/>
  <testcase name="completedOrderCompleteOrderThrowsException" classname="com.group16b.DomainLayer.Order.OrderTest" time="0.0"/>
  <testcase name="fieldOrderGetSeatsThrowsException" classname="com.group16b.DomainLayer.Order.OrderTest" time="0.001"/>
  <testcase name="fieldOrderNumOfTicketsEqualsRequestedAmount" classname="com.group16b.DomainLayer.Order.OrderTest" time="0.001"/>
  <testcase name="seatOrderGetSeatsReturnsSeats" classname="com.group16b.DomainLayer.Order.OrderTest" time="0.0"/>
  <testcase name="completeOrderChangesStateToCompletedOrder" classname="com.group16b.DomainLayer.Order.OrderTest" time="0.0"/>
  <testcase name="seatOrderNumOfTicketsEqualsNumberOfSeats" classname="com.group16b.DomainLayer.Order.OrderTest" time="0.001"/>
</testsuite>